[Licensing::Module] Trying to connect to existing licensing client channel...
Built from '6000.4/staging' branch; Version is '6000.4.5f1 (cc83ebd631f8) revision 13403115'; Using compiler version '194234433'; Build Type 'Release'
[Licensing::IpcConnector] Successfully connected to: "LicenseClient-bl00d" at "2026-05-08T10:31:51.0492013Z"
OS: 'Windows 11  (10.0.26200) Core' Language: 'ru' Physical Memory: 31962 MB
BatchMode: 1, IsHumanControllingUs: 0, StartBugReporterOnCrash: 0, Is64bit: 1
System  architecture: x64
Process architecture: x64
Date: 2026-05-08T10:31:51Z

COMMAND LINE ARGUMENTS:
C:\Program Files\Unity\Hub\Editor\6000.4.5f1\Editor\Unity.exe
-adb2
-batchMode
-noUpm
-name
AssetImportWorker17
-projectPath
D:/WorkDiplom/UnityFiles/ProjectSword
-logFile
Logs/AssetImportWorker17.log
-srvPort
61865
-licensingIpc
LicenseClient-bl00d
-force-d3d12
-job-worker-count
11
-background-job-worker-count
8
-gc-helper-count
1
-name
AssetImport
Successfully changed project path to: D:/WorkDiplom/UnityFiles/ProjectSword
D:/WorkDiplom/UnityFiles/ProjectSword
[UnityMemory] Configuration Parameters - Can be set up in boot.config
    "memorysetup-temp-allocator-size-gi-baking-worker=262144"
    "memorysetup-temp-allocator-size-gi-baking-worker=262144"
    "memorysetup-temp-allocator-size-gi-baking-worker=262144"
    "memorysetup-temp-allocator-size-gi-baking-worker=262144"
    "memorysetup-temp-allocator-size-gi-baking-worker=262144"
    "memorysetup-temp-allocator-size-nav-mesh-worker=65536"
    "memorysetup-temp-allocator-size-audio-worker=65536"
    "memorysetup-temp-allocator-size-cloud-worker=32768"
    "memorysetup-temp-allocator-size-gfx=262144"
    "memorysetup-temp-allocator-size-preload-manager=33554432"
    "memorysetup-temp-allocator-size-job-worker=262144"
    "memorysetup-temp-allocator-size-background-worker=32768"
    "memorysetup-allocator-temp-initial-block-size-main=262144"
    "memorysetup-allocator-temp-initial-block-size-worker=262144"
    "memorysetup-bucket-allocator-granularity=16"
    "memorysetup-bucket-allocator-bucket-count=8"
    "memorysetup-bucket-allocator-block-size=33554432"
    "memorysetup-bucket-allocator-block-count=8"
    "memorysetup-main-allocator-block-size=16777216"
    "memorysetup-thread-allocator-block-size=16777216"
    "memorysetup-gfx-main-allocator-block-size=16777216"
    "memorysetup-gfx-thread-allocator-block-size=16777216"
    "memorysetup-cache-allocator-block-size=4194304"
    "memorysetup-typetree-allocator-block-size=2097152"
    "memorysetup-profiler-bucket-allocator-granularity=16"
    "memorysetup-profiler-bucket-allocator-bucket-count=8"
    "memorysetup-profiler-bucket-allocator-block-size=33554432"
    "memorysetup-profiler-bucket-allocator-block-count=8"
    "memorysetup-profiler-allocator-block-size=16777216"
    "memorysetup-profiler-editor-allocator-block-size=1048576"
    "memorysetup-temp-allocator-size-main=16777216"
    "memorysetup-job-temp-allocator-block-size=2097152"
    "memorysetup-job-temp-allocator-block-size-background=1048576"
    "memorysetup-job-temp-allocator-reduction-small-platforms=262144"
Player connection [13780]  Target information:

Player connection [13780]  * "[IP] 192.168.0.100 [Port] 0 [Flags] 2 [Guid] 2846255272 [EditorId] 2846255272 [Version] 1048832 [Id] WindowsEditor(7,DESKTOP-E609V0F) [Debug] 1 [PackageName] WindowsEditor [ProjectName] Editor" 

Player connection [13780]  * "[IP] 172.18.0.1 [Port] 0 [Flags] 2 [Guid] 2846255272 [EditorId] 2846255272 [Version] 1048832 [Id] WindowsEditor(7,DESKTOP-E609V0F) [Debug] 1 [PackageName] WindowsEditor [ProjectName] Editor" 

Player connection [13780] Host joined multi-casting on [225.0.0.222:54997]...
Player connection [13780] Host joined alternative multi-casting on [225.0.0.222:34997]...
JobSystem: Creating JobQueue using job-worker-count value 11
Input System module state changed to: Initialized.
[Physics::Module] Initialized fallback backend.
[Physics::Module] Id: 0xdecafbad
Library Redirect Path: Library/
[Physics::Module] Selected backend.
[Physics::Module] Name: PhysX
[Physics::Module] Id: 0xf2b8ea05
[Physics::Module] SDK Version: 4.1.2
[Physics::Module] Integration Version: 1.0.0
[Physics::Module] Threading Mode: Multi-Threaded
Initialize engine version: 6000.4.5f1 (cc83ebd631f8)
[Subsystems] Discovering subsystems at path C:/Program Files/Unity/Hub/Editor/6000.4.5f1/Editor/Data/Resources/UnitySubsystems
[Subsystems] Discovering subsystems at path D:/WorkDiplom/UnityFiles/ProjectSword/Assets
Forcing GfxDevice: Direct3D 12
GfxDevice: creating device client; kGfxThreadingModeNonThreaded
d3d12: failed to query info queue interface (0x80004002).
Direct3D:
    Version:         Direct3D 12 [level 12.2]
    Renderer:        NVIDIA GeForce RTX 4050 Laptop GPU (ID=0x28e1)
    Vendor:          NVIDIA
    VRAM:            5920 MB
    App VRAM Budget: 5152 MB
    Driver:          32.0.15.9621
Initialize mono
Mono path[0] = 'C:/Program Files/Unity/Hub/Editor/6000.4.5f1/Editor/Data/Managed'
Mono path[1] = 'C:/Program Files/Unity/Hub/Editor/6000.4.5f1/Editor/Data/MonoBleedingEdge/lib/mono/unityjit-win32'
Mono config path = 'C:/Program Files/Unity/Hub/Editor/6000.4.5f1/Editor/Data/MonoBleedingEdge/etc'
Using monoOptions --debugger-agent=transport=dt_socket,embedding=1,server=y,suspend=n,address=127.0.0.1:56988
CodeReloadManager initialized
Begin MonoManager ReloadAssembly
Registering precompiled unity dll's ...
Register platform support module: C:/Program Files/Unity/Hub/Editor/6000.4.5f1/Editor/Data/PlaybackEngines/WebGLSupport/UnityEditor.WebGL.Extensions.dll
Register platform support module: C:/Program Files/Unity/Hub/Editor/6000.4.5f1/Editor/Data/PlaybackEngines/WindowsStandaloneSupport/UnityEditor.WindowsStandalone.Extensions.dll
[Licensing::Module] Licensing is not yet initialized.
[Licensing::Client] Error: HandshakeResponse reported an error:
	ResponseCode: 505
	ResponseStatus: Unsupported protocol version '1.18.1'.
[Licensing::Module] Error: Failed to handshake to channel: "LicenseClient-bl00d"
[Licensing::IpcConnector] LicenseClient-bl00d channel disconnected successfully.
[Licensing::IpcConnector] Successfully connected to: "LicenseClient-bl00d-6000.4.5" at "2026-05-08T10:31:52.5255323Z"
[Licensing::Client] Code 10 while verifying Licensing Client signature (process Id: 31856, path: "C:/Program Files/Unity/Hub/Editor/6000.4.5f1/Editor/Data/Resources/Licensing/Client/Unity.Licensing.Client.exe")
[Licensing::Module] LicensingClient has failed validation; ignoring
[Licensing::Client] Handshaking with LicensingClient:
  Version:                 1.18.1+9fbee8e
  Session Id:              5b8173d76be84c49b136087aa034ba9c
  Correlation Id:          9486e6a260014559c91c592abfd0e962
  External correlation Id: 8822855687464348779
  Machine Id:              zh3ngiu4ORagWkgmpHH7MkqLOjk=
[Licensing::Module] Successfully connected to LicensingClient on channel: "LicenseClient-bl00d-6000.4.5" (connect: 0.00s, validation: 0.00s, handshake: 0.01s)
[Licensing::IpcConnector] Successfully connected to: "LicenseClient-bl00d-6000.4.5-notifications" at "2026-05-08T10:31:52.5323106Z"
[Licensing::Module] Licensing Background thread has ended after 1.48s
[Licensing::Module] Licensing is initialized (took 0.19s).
[Licensing::Client] Successfully resolved entitlement details
[Licensing::Module] License group:
  Id: 10171410767635-UnityPersXXXX
  Product: Unity Personal
  Type: Assigned
  Expiration: Unlimited
Register platform support module: C:/Program Files/Unity/Hub/Editor/6000.4.5f1/Editor/Data/PlaybackEngines/MetroSupport/UnityEditor.UWP.Extensions.dll
Registered in 0.192721 seconds.
Native extension for UWP target not found
Native extension for WindowsStandalone target not found
Native extension for WebGL target not found
Package Manager log level set to [2]
[Package Manager] Failed to launch server process. Reason: Unity was launched with the -noUpm command-line argument
[Package Manager] Unable to send message (not connected to server process).
[Package Manager] Cannot connect to Unity Package Manager local server
ScheduleIndexationOnStartup MainProcess:False IndexOnStartup:True
Mono: successfully reloaded assembly
- Finished resetting the current domain, in  0.275 seconds
Domain Reload Profiling: 769ms
	BeginReloadAssembly (88ms)
	RebuildCommonClasses (27ms)
	RebuildNativeTypeToScriptingClass (10ms)
	initialDomainReloadingComplete (231ms)
	LoadAllAssembliesAndSetupDomain (138ms)
		LoadAssemblies (86ms)
		AnalyzeDomain (132ms)
			TypeCache.Refresh (131ms)
				TypeCache.ScanAssembly (122ms)
	FinalizeReload (276ms)
		SetupLoadedEditorAssemblies (0ms)
			InitializePlatformSupportModulesInManaged (59ms)
			BeforeProcessingInitializeOnLoad (57ms)
			ProcessInitializeOnLoadAttributes (73ms)
			ProcessInitializeOnLoadMethodAttributes (38ms)
========================================================================
Worker process is ready to serve import requests
Import Worker Mode flag is 0x00
Begin MonoManager ReloadAssembly
[Licensing::Client] Successfully resolved entitlement details
Assembly Assembly-CSharp-Editor-firstpass.dll at Library/ScriptAssemblies/Assembly-CSharp-Editor-firstpass.dll not valid. Loading of assembly skipped.
Assembly Assembly-CSharp-firstpass.dll at Library/ScriptAssemblies/Assembly-CSharp-firstpass.dll not valid. Loading of assembly skipped.
Assembly DocCodeExamples.dll at Library/ScriptAssemblies/DocCodeExamples.dll not valid. Loading of assembly skipped.
Assembly TestNewCustomAssembly.dll at Library/ScriptAssemblies/TestNewCustomAssembly.dll not valid. Loading of assembly skipped.
Assembly Unity.Collections.BurstCompatibilityGen.dll at Library/ScriptAssemblies/Unity.Collections.BurstCompatibilityGen.dll not valid. Loading of assembly skipped.
Assembly Unity.Collections.DocCodeSamples.dll at Library/ScriptAssemblies/Unity.Collections.DocCodeSamples.dll not valid. Loading of assembly skipped.
Assembly Unity.Collections.PerformanceTests.dll at Library/ScriptAssemblies/Unity.Collections.PerformanceTests.dll not valid. Loading of assembly skipped.
Assembly Unity.Collections.Tests.dll at Library/ScriptAssemblies/Unity.Collections.Tests.dll not valid. Loading of assembly skipped.
Assembly Unity.Collections.Tests.Playmode.dll at Library/ScriptAssemblies/Unity.Collections.Tests.Playmode.dll not valid. Loading of assembly skipped.
Assembly Unity.InputSystem.IntegrationTests.dll at Library/ScriptAssemblies/Unity.InputSystem.IntegrationTests.dll not valid. Loading of assembly skipped.
Assembly Unity.Mathematics.Tests.dll at Library/ScriptAssemblies/Unity.Mathematics.Tests.dll not valid. Loading of assembly skipped.
Assembly Unity.Multiplayer.Center.Editor.Tests.dll at Library/ScriptAssemblies/Unity.Multiplayer.Center.Editor.Tests.dll not valid. Loading of assembly skipped.
Assembly Unity.Multiplayer.Center.Tests.dll at Library/ScriptAssemblies/Unity.Multiplayer.Center.Tests.dll not valid. Loading of assembly skipped.
Assembly Unity.Nuget.Mono-Cecil.dll at Library/ScriptAssemblies/Unity.Nuget.Mono-Cecil.dll not valid. Loading of assembly skipped.
Assembly Unity.PathTracing.Editor.Tests.dll at Library/ScriptAssemblies/Unity.PathTracing.Editor.Tests.dll not valid. Loading of assembly skipped.
Assembly Unity.PathTracing.Runtime.Tests.dll at Library/ScriptAssemblies/Unity.PathTracing.Runtime.Tests.dll not valid. Loading of assembly skipped.
Assembly Unity.RenderPipelines.Core.Editor.Tests.dll at Library/ScriptAssemblies/Unity.RenderPipelines.Core.Editor.Tests.dll not valid. Loading of assembly skipped.
Assembly Unity.RenderPipelines.Core.Runtime.Tests.dll at Library/ScriptAssemblies/Unity.RenderPipelines.Core.Runtime.Tests.dll not valid. Loading of assembly skipped.
Assembly Unity.RenderPipelines.Universal.Config.Editor.Tests.dll at Library/ScriptAssemblies/Unity.RenderPipelines.Universal.Config.Editor.Tests.dll not valid. Loading of assembly skipped.
Assembly Unity.RenderPipelines.Universal.Editor.Tests.dll at Library/ScriptAssemblies/Unity.RenderPipelines.Universal.Editor.Tests.dll not valid. Loading of assembly skipped.
Assembly Unity.RenderPipelines.Universal.Runtime.Tests.dll at Library/ScriptAssemblies/Unity.RenderPipelines.Universal.Runtime.Tests.dll not valid. Loading of assembly skipped.
Assembly Unity.Searcher.EditorTests.dll at Library/ScriptAssemblies/Unity.Searcher.EditorTests.dll not valid. Loading of assembly skipped.
Assembly Unity.ShaderGraph.Editor.Tests.dll at Library/ScriptAssemblies/Unity.ShaderGraph.Editor.Tests.dll not valid. Loading of assembly skipped.
Assembly Unity.TextMeshPro.Editor.Tests.dll at Library/ScriptAssemblies/Unity.TextMeshPro.Editor.Tests.dll not valid. Loading of assembly skipped.
Assembly Unity.TextMeshPro.Tests.dll at Library/ScriptAssemblies/Unity.TextMeshPro.Tests.dll not valid. Loading of assembly skipped.
Assembly Unity.UnifiedRayTracing.Editor.Tests.dll at Library/ScriptAssemblies/Unity.UnifiedRayTracing.Editor.Tests.dll not valid. Loading of assembly skipped.
Assembly UnityEditor.UI.Common.Tests.dll at Library/ScriptAssemblies/UnityEditor.UI.Common.Tests.dll not valid. Loading of assembly skipped.
Assembly UnityEditor.UI.EditorTests.dll at Library/ScriptAssemblies/UnityEditor.UI.EditorTests.dll not valid. Loading of assembly skipped.
Assembly UnityEngine.UI.Tests.dll at Library/ScriptAssemblies/UnityEngine.UI.Tests.dll not valid. Loading of assembly skipped.
Native extension for UWP target not found
Native extension for WindowsStandalone target not found
Native extension for WebGL target not found
[Package Manager] Failed to launch server process. Reason: Unity was launched with the -noUpm command-line argument
[Package Manager] Unable to send message (not connected to server process).
[Package Manager] Cannot connect to Unity Package Manager local server
[Package Manager] Failed to launch server process. Reason: Unity was launched with the -noUpm command-line argument
[Package Manager] Unable to send message (not connected to server process).
[Package Manager] Cannot connect to Unity Package Manager local server
ScheduleIndexationOnStartup MainProcess:False IndexOnStartup:True
Mono: successfully reloaded assembly
- Finished resetting the current domain, in  0.508 seconds
Domain Reload Profiling: 1130ms
	BeginReloadAssembly (131ms)
		DisableScriptedObjects (3ms)
		CreateAndSetChildDomain (29ms)
	RebuildCommonClasses (30ms)
	RebuildNativeTypeToScriptingClass (10ms)
	initialDomainReloadingComplete (41ms)
	LoadAllAssembliesAndSetupDomain (410ms)
		LoadAssemblies (278ms)
		AnalyzeDomain (197ms)
			TypeCache.Refresh (144ms)
				TypeCache.ScanAssembly (132ms)
			BuildScriptInfoCaches (45ms)
			ResolveRequiredComponents (7ms)
	FinalizeReload (508ms)
		SetupLoadedEditorAssemblies (0ms)
			InitializePlatformSupportModulesInManaged (10ms)
			BeforeProcessingInitializeOnLoad (95ms)
			ProcessInitializeOnLoadAttributes (210ms)
			ProcessInitializeOnLoadMethodAttributes (47ms)
			AfterProcessingInitializeOnLoad (4ms)
		AwakeInstancesAfterBackupRestoration (4ms)
Launched and connected shader compiler UnityShaderCompiler.exe after 0.01 seconds
Unloading 24 Unused Serialized files (Serialized files now loaded: 0)
Unloading 6545 unused Assets / (5.1 MB). Loaded Objects now: 7377.
Memory consumption went from 162.6 MB to 157.5 MB.
Total: 6.599700 ms (FindLiveObjects: 0.721900 ms CreateObjectMapping: 0.239600 ms MarkObjects: 3.817800 ms  DeleteObjects: 1.819200 ms)

========================================================================
Received Import Request.
  Time since last request: 2806.137835 seconds.
  path: Assets/Multistory Dungeons 2/Textures/Materials/Atlas_Props_01.mat
  importAddress: Guid(e8d858f4dafd40318a65052911414e45) Importer(815301076,1909f56bfc062723c751e8b465ee728b)
Start importing Assets/Multistory Dungeons 2/Textures/Materials/Atlas_Props_01.mat using Guid(e8d858f4dafd40318a65052911414e45) Importer(815301076,1909f56bfc062723c751e8b465ee728b) (PreviewImporter) -> (Import Result ID: '81e2f162f5907ae7908d779ee0a0742d') in 0.3590854 seconds [static and dynamic dependencies]. Details - ImportResultOutputID=9c1617a1c8ed39f09b182caa2562f1ab DependenciesID=15f2c9ed4604e763d5525f34b26f18f3 StaticDependenciesID=1dbe88d4535bde0fc8a6d4174e15c43f 
Number of updated asset objects reloaded before import = 0Number of asset objects unloaded after import = 5

========================================================================
Received Import Request.
  Time since last request: 29.244463 seconds.
  path: Assets/Multistory Dungeons 2/Dungeon Architect Presets/Prefabs/Point light 1.prefab
  importAddress: Guid(7c1e13b5829943a3854aeece3af9f866) Importer(815301076,1909f56bfc062723c751e8b465ee728b)
Start importing Assets/Multistory Dungeons 2/Dungeon Architect Presets/Prefabs/Point light 1.prefab using Guid(7c1e13b5829943a3854aeece3af9f866) Importer(815301076,1909f56bfc062723c751e8b465ee728b) (PreviewImporter) -> (Import Result ID: 'b4495f47ae8d02d3bbf291bc9f4d9928') in 0.005267 seconds [static and dynamic dependencies]. Details - ImportResultOutputID=1243acec5785f93f31cf2dbe328e1347 DependenciesID=c64f23b3e6c544852c0dcc3ab6c4450e StaticDependenciesID=222b5cd7c0d4ffcc838a0b7c4542c082 
Number of updated asset objects reloaded before import = 0Number of asset objects unloaded after import = 5

========================================================================
Received Import Request.
  Time since last request: 7.563959 seconds.
  path: Assets/Multistory Dungeons 2/Dungeon Architect Presets/Prefabs/Modules/TD_Tile_03.prefab
  importAddress: Guid(7e7c5ab518ed4b6cb389a6a1bf506114) Importer(815301076,1909f56bfc062723c751e8b465ee728b)
Start importing Assets/Multistory Dungeons 2/Dungeon Architect Presets/Prefabs/Modules/TD_Tile_03.prefab using Guid(7e7c5ab518ed4b6cb389a6a1bf506114) Importer(815301076,1909f56bfc062723c751e8b465ee728b) (PreviewImporter) -> (Import Result ID: 'd841ac95351ee7b28fec154fbb89e947') in 0.1605636 seconds [static and dynamic dependencies]. Details - ImportResultOutputID=4c4a39e1d5a6b78ef614cacdd9812bcb DependenciesID=b5f6264b09ee136da21c05413c167ec9 StaticDependenciesID=c53f6812b676c562c4c12d00e0dc4c6f 
Number of updated asset objects reloaded before import = 0Number of asset objects unloaded after import = 482

========================================================================
Received Import Request.
  Time since last request: 0.000032 seconds.
  path: Assets/Multistory Dungeons 2/Dungeon Architect Presets/Prefabs/Modules/TD_Tile_15.prefab
  importAddress: Guid(30c18799d8554bbfa237066c9033de70) Importer(815301076,1909f56bfc062723c751e8b465ee728b)
Start importing Assets/Multistory Dungeons 2/Dungeon Architect Presets/Prefabs/Modules/TD_Tile_15.prefab using Guid(30c18799d8554bbfa237066c9033de70) Importer(815301076,1909f56bfc062723c751e8b465ee728b) (PreviewImporter) -> (Import Result ID: 'cf2b25c1ec0d5e2d83c629fe9b70e1b2') in 0.0596632 seconds [static and dynamic dependencies]. Details - ImportResultOutputID=2d5b79ecf8856b977d034efafd2c4e6f DependenciesID=ec7865da53c65bca23d6b625a1f18510 StaticDependenciesID=a57c0bfc36f596e07b327e242d63f71b 
Number of updated asset objects reloaded before import = 0Number of asset objects unloaded after import = 440

========================================================================
Received Import Request.
  Time since last request: 0.000052 seconds.
  path: Assets/Multistory Dungeons 2/Dungeon Architect Presets/Prefabs/Modules/TD_Tile_20.prefab
  importAddress: Guid(fc5975f808a14116be3a287b0d578fe8) Importer(815301076,1909f56bfc062723c751e8b465ee728b)
Start importing Assets/Multistory Dungeons 2/Dungeon Architect Presets/Prefabs/Modules/TD_Tile_20.prefab using Guid(fc5975f808a14116be3a287b0d578fe8) Importer(815301076,1909f56bfc062723c751e8b465ee728b) (PreviewImporter) -> (Import Result ID: '41b741228c2f4f1a21cfe91611cbb8b9') in 0.0616964 seconds [static and dynamic dependencies]. Details - ImportResultOutputID=bbb56e416fc319b1fca3d0a17f62c8fd DependenciesID=d5c04aeb828f752658a1c34d738b8dc4 StaticDependenciesID=e6e7bb30643567c410ac8b90f14346d6 
Number of updated asset objects reloaded before import = 0Number of asset objects unloaded after import = 552

========================================================================
Received Import Request.
  Time since last request: 11.074067 seconds.
  path: Assets/Multistory Dungeons 2/DunGen Presets/Connectors/Exit_Blocker_03.prefab
  importAddress: Guid(3f23c45148924571858801285085f811) Importer(815301076,1909f56bfc062723c751e8b465ee728b)
Start importing Assets/Multistory Dungeons 2/DunGen Presets/Connectors/Exit_Blocker_03.prefab using Guid(3f23c45148924571858801285085f811) Importer(815301076,1909f56bfc062723c751e8b465ee728b) (PreviewImporter) -> (Import Result ID: '46f8fff5ae39c2e2e0b773bab39dd437') in 0.2878334 seconds [static and dynamic dependencies]. Details - ImportResultOutputID=f17b579c36baabb6d7e3dbe9b1d4069e DependenciesID=ba570874283133ed8022b294027c2822 StaticDependenciesID=7cac9478e6a14cbe27c60c5c2016b6c5 
Number of updated asset objects reloaded before import = 0Number of asset objects unloaded after import = 112

========================================================================
Received Import Request.
  Time since last request: 0.000035 seconds.
  path: Assets/Multistory Dungeons 2/DunGen Presets/Connectors/Railing_Blocker_05.prefab
  importAddress: Guid(fa2257a401f84fa8a64af692be7c7ac7) Importer(815301076,1909f56bfc062723c751e8b465ee728b)
Start importing Assets/Multistory Dungeons 2/DunGen Presets/Connectors/Railing_Blocker_05.prefab using Guid(fa2257a401f84fa8a64af692be7c7ac7) Importer(815301076,1909f56bfc062723c751e8b465ee728b) (PreviewImporter) -> (Import Result ID: '8587cfd36d5a83a526919ab0c7c6b1fd') in 0.0430109 seconds [static and dynamic dependencies]. Details - ImportResultOutputID=29c9c384e74c30827a6b342940fc9c84 DependenciesID=6ca00417846735c84cfd5ae76415dd31 StaticDependenciesID=274f03f00306732b331fa15045d42be0 
Number of updated asset objects reloaded before import = 0Number of asset objects unloaded after import = 55

========================================================================
Received Import Request.
  Time since last request: 2.705003 seconds.
  path: Assets/Multistory Dungeons 2/DunGen Presets/Demo/First-Person Demo Dungeon Archetype.asset
  importAddress: Guid(1fcd78296fdb4665ad527ee9894dd882) Importer(815301076,1909f56bfc062723c751e8b465ee728b)
Start importing Assets/Multistory Dungeons 2/DunGen Presets/Demo/First-Person Demo Dungeon Archetype.asset using Guid(1fcd78296fdb4665ad527ee9894dd882) Importer(815301076,1909f56bfc062723c751e8b465ee728b) (PreviewImporter) -> (Import Result ID: '334db23bbd5e2f87ff58701a050a83d0') in 0.0008411 seconds [static and dynamic dependencies]. Details - ImportResultOutputID=102b57ff5d82a77d97b9ca996ee823e9 DependenciesID=7bfa37cf887c1cda5fba8918f2a6a4a5 StaticDependenciesID=155cce7f400d07631eb2799e98c4b080 
Number of updated asset objects reloaded before import = 0Number of asset objects unloaded after import = 1

========================================================================
Received Import Request.
  Time since last request: 0.000019 seconds.
  path: Assets/Multistory Dungeons 2/DunGen Presets/Demo/TD Demo Tileset.asset
  importAddress: Guid(42ebf441089642d699174e674b8356b1) Importer(815301076,1909f56bfc062723c751e8b465ee728b)
Start importing Assets/Multistory Dungeons 2/DunGen Presets/Demo/TD Demo Tileset.asset using Guid(42ebf441089642d699174e674b8356b1) Importer(815301076,1909f56bfc062723c751e8b465ee728b) (PreviewImporter) -> (Import Result ID: '6469af7fb22321b6d9851ed6f7356bd4') in 0.001804 seconds [static and dynamic dependencies]. Details - ImportResultOutputID=a7a732ccbea4497b3d8cef3651aef57d DependenciesID=6fe274a638bae4a9ac2b729e2d1422c3 StaticDependenciesID=c2766e7d60f995e14b2c6cdf91bd1791 
Number of updated asset objects reloaded before import = 0Number of asset objects unloaded after import = 1

========================================================================
Received Import Request.
  Time since last request: 1.591251 seconds.
  path: Assets/Multistory Dungeons 2/DunGen Presets/First-Person Rooms/FP_Room_03.prefab
  importAddress: Guid(1114921b7114444bb6de4b9b173789b6) Importer(815301076,1909f56bfc062723c751e8b465ee728b)
Start importing Assets/Multistory Dungeons 2/DunGen Presets/First-Person Rooms/FP_Room_03.prefab using Guid(1114921b7114444bb6de4b9b173789b6) Importer(815301076,1909f56bfc062723c751e8b465ee728b) (PreviewImporter) -> (Import Result ID: '8c23f0638a6a11dfecf0d26ff303b11f') in 0.1744184 seconds [static and dynamic dependencies]. Details - ImportResultOutputID=1b411a744f96964fe351ba76d3dff593 DependenciesID=778fb575ece4c165b4251f4fa529e817 StaticDependenciesID=11bc8c0dc358538af922ed33f39d9e9c 
Number of updated asset objects reloaded before import = 0Number of asset objects unloaded after import = 287

========================================================================
Received Import Request.
  Time since last request: 0.000027 seconds.
  path: Assets/Multistory Dungeons 2/DunGen Presets/First-Person Rooms/FP_Room_15.prefab
  importAddress: Guid(1f5f2056077d47c48f90161c1119fc6e) Importer(815301076,1909f56bfc062723c751e8b465ee728b)
Start importing Assets/Multistory Dungeons 2/DunGen Presets/First-Person Rooms/FP_Room_15.prefab using Guid(1f5f2056077d47c48f90161c1119fc6e) Importer(815301076,1909f56bfc062723c751e8b465ee728b) (PreviewImporter) -> (Import Result ID: 'dc7fabfcc420cdfe7bbd74c6160b068c') in 0.0893665 seconds [static and dynamic dependencies]. Details - ImportResultOutputID=ddc437d7ffd36eca999a767796716166 DependenciesID=fc844322f38109827df899b0dabe0201 StaticDependenciesID=49d988feaed3e7116fdbbe555be5ebf9 
Number of updated asset objects reloaded before import = 0Number of asset objects unloaded after import = 2526

========================================================================
Received Import Request.
  Time since last request: 0.000044 seconds.
  path: Assets/Multistory Dungeons 2/DunGen Presets/First-Person Rooms/FP_Room_07.prefab
  importAddress: Guid(3d5d849f898b4c21995676b5992e6211) Importer(815301076,1909f56bfc062723c751e8b465ee728b)
Start importing Assets/Multistory Dungeons 2/DunGen Presets/First-Person Rooms/FP_Room_07.prefab using Guid(3d5d849f898b4c21995676b5992e6211) Importer(815301076,1909f56bfc062723c751e8b465ee728b) (PreviewImporter) -> (Import Result ID: 'f2de86734d0f6dc9d40d41f2ab9e3a19') in 0.0596177 seconds [static and dynamic dependencies]. Details - ImportResultOutputID=9a7e32c95c3727bfcbdab2793c48ce34 DependenciesID=f956bebfa2af494962ae0d92fc7fc4c1 StaticDependenciesID=f1ef6ca77e4a3f969c0bd2c04d3b5d89 
Number of updated asset objects reloaded before import = 0Number of asset objects unloaded after import = 659

========================================================================
Received Import Request.
  Time since last request: 2.078357 seconds.
  path: Assets/Multistory Dungeons 2/DunGen Presets/Top-Down Tiles/TD_Tile_02.prefab
  importAddress: Guid(bf11f6990dcc405f86a0bbb4744b9825) Importer(815301076,1909f56bfc062723c751e8b465ee728b)
Start importing Assets/Multistory Dungeons 2/DunGen Presets/Top-Down Tiles/TD_Tile_02.prefab using Guid(bf11f6990dcc405f86a0bbb4744b9825) Importer(815301076,1909f56bfc062723c751e8b465ee728b) (PreviewImporter) -> (Import Result ID: 'b010299eccd4222dda4fee1a2d16b49d') in 0.1227518 seconds [static and dynamic dependencies]. Details - ImportResultOutputID=abb08b41e9b283d9d8961e8ed2580205 DependenciesID=aa8467855d1c4cf6a169aca6691cf60e StaticDependenciesID=b036c7d61fac51afd7c0db5272685a08 
Number of updated asset objects reloaded before import = 0Number of asset objects unloaded after import = 874

========================================================================
Received Import Request.
  Time since last request: 0.000028 seconds.
  path: Assets/Multistory Dungeons 2/DunGen Presets/Top-Down Tiles/TD_Tile_19_A.prefab
  importAddress: Guid(ef5fc23aca07426fa03b4ce82cc0447a) Importer(815301076,1909f56bfc062723c751e8b465ee728b)
Start importing Assets/Multistory Dungeons 2/DunGen Presets/Top-Down Tiles/TD_Tile_19_A.prefab using Guid(ef5fc23aca07426fa03b4ce82cc0447a) Importer(815301076,1909f56bfc062723c751e8b465ee728b) (PreviewImporter) -> (Import Result ID: '50925a2d0f8abfb27b0a795c6b003bc0') in 0.1063178 seconds [static and dynamic dependencies]. Details - ImportResultOutputID=9a1164b449421bac15c6a78f489f44aa DependenciesID=29ae8ef6bd9e29298526b2abf73e70ef StaticDependenciesID=4945eeb85995076bd5163d836c6f173d 
Number of updated asset objects reloaded before import = 0Number of asset objects unloaded after import = 1501

========================================================================
Received Import Request.
  Time since last request: 0.000035 seconds.
  path: Assets/Multistory Dungeons 2/DunGen Presets/Top-Down Tiles/TD_Tile_23.prefab
  importAddress: Guid(c2545e3d2e5a41efa844f55fa4961702) Importer(815301076,1909f56bfc062723c751e8b465ee728b)
Start importing Assets/Multistory Dungeons 2/DunGen Presets/Top-Down Tiles/TD_Tile_23.prefab using Guid(c2545e3d2e5a41efa844f55fa4961702) Importer(815301076,1909f56bfc062723c751e8b465ee728b) (PreviewImporter) -> (Import Result ID: '147cba38630542a4981035e84f097a96') in 0.1110816 seconds [static and dynamic dependencies]. Details - ImportResultOutputID=cf0a86aabc625439e97bd82be5c0c233 DependenciesID=ab4dba9afd8abf474e409e96abaa80b3 StaticDependenciesID=eeeb18fbc4773671676ea4abe7ce6171 
Number of updated asset objects reloaded before import = 0Number of asset objects unloaded after import = 2678

========================================================================
Received Import Request.
  Time since last request: 0.000043 seconds.
  path: Assets/Multistory Dungeons 2/DunGen Presets/Top-Down Tiles/TD_Tile_16.prefab
  importAddress: Guid(b9c8ea8ed0f94803855d49a292882140) Importer(815301076,1909f56bfc062723c751e8b465ee728b)
Start importing Assets/Multistory Dungeons 2/DunGen Presets/Top-Down Tiles/TD_Tile_16.prefab using Guid(b9c8ea8ed0f94803855d49a292882140) Importer(815301076,1909f56bfc062723c751e8b465ee728b) (PreviewImporter) -> (Import Result ID: 'a35a771a32502335b37db52948cf175d') in 0.0858438 seconds [static and dynamic dependencies]. Details - ImportResultOutputID=1a2a33d69b18e1e29d8dc066eaa515c8 DependenciesID=c828d7e56d3410f90c6b8842005952b4 StaticDependenciesID=e164e3995939baf51dbabdc733124b98 
Number of updated asset objects reloaded before import = 0Number of asset objects unloaded after import = 739

========================================================================
Received Import Request.
  Time since last request: 0.000027 seconds.
  path: Assets/Multistory Dungeons 2/DunGen Presets/Top-Down Tiles/TD_Tile_11.prefab
  importAddress: Guid(22594d15319641a28aae45c4115c2f7b) Importer(815301076,1909f56bfc062723c751e8b465ee728b)
Start importing Assets/Multistory Dungeons 2/DunGen Presets/Top-Down Tiles/TD_Tile_11.prefab using Guid(22594d15319641a28aae45c4115c2f7b) Importer(815301076,1909f56bfc062723c751e8b465ee728b) (PreviewImporter) -> (Import Result ID: '01ab28fdfec358216ce6b17a3652c6e4') in 0.0724274 seconds [static and dynamic dependencies]. Details - ImportResultOutputID=2dec0fbab36e7ca18d6cf852de7e2d10 DependenciesID=eaf58abd645bd1fac501951fefb66208 StaticDependenciesID=1215d2dab7e6f0bebddb8e2a8444dc99 
Number of updated asset objects reloaded before import = 0Number of asset objects unloaded after import = 1139

========================================================================
Received Import Request.
  Time since last request: 0.000040 seconds.
  path: Assets/Multistory Dungeons 2/DunGen Presets/Top-Down Tiles/TD_Tile_22_A.prefab
  importAddress: Guid(99090ce22bb14960b6e4118a0f901285) Importer(815301076,1909f56bfc062723c751e8b465ee728b)
Start importing Assets/Multistory Dungeons 2/DunGen Presets/Top-Down Tiles/TD_Tile_22_A.prefab using Guid(99090ce22bb14960b6e4118a0f901285) Importer(815301076,1909f56bfc062723c751e8b465ee728b) (PreviewImporter) -> (Import Result ID: '032df0bebc800706fbaa4c2d1afa267b') in 0.0606701 seconds [static and dynamic dependencies]. Details - ImportResultOutputID=afabfd2a1b584bf9a61a84a9b39bde76 DependenciesID=9fa7c2dfe39e8d46e8749e79fa4c49c9 StaticDependenciesID=b7d991ed948e6b2a43229a4433ceb09a 
Number of updated asset objects reloaded before import = 0Number of asset objects unloaded after import = 1336

========================================================================
Received Import Request.
  Time since last request: 0.000041 seconds.
  path: Assets/Multistory Dungeons 2/DunGen Presets/Top-Down Tiles/TD_Tile_33.prefab
  importAddress: Guid(86f53618eb824b71bdd43b4bb36efc21) Importer(815301076,1909f56bfc062723c751e8b465ee728b)
Start importing Assets/Multistory Dungeons 2/DunGen Presets/Top-Down Tiles/TD_Tile_33.prefab using Guid(86f53618eb824b71bdd43b4bb36efc21) Importer(815301076,1909f56bfc062723c751e8b465ee728b) (PreviewImporter) -> (Import Result ID: 'f62091dabba035fbe0694b301badadfa') in 0.1351945 seconds [static and dynamic dependencies]. Details - ImportResultOutputID=796b89bf7e0216e4ee8e5ceb6b09b0a0 DependenciesID=b98d414018e6ed4da4f1c407b9a3730a StaticDependenciesID=f8b6a7bd79cfbd97931a23ce42372be3 
Number of updated asset objects reloaded before import = 0Number of asset objects unloaded after import = 2400

========================================================================
Received Import Request.
  Time since last request: 0.000037 seconds.
  path: Assets/Multistory Dungeons 2/DunGen Presets/Top-Down Tiles/TD_Tile_14.prefab
  importAddress: Guid(96c5eb4c5bab499594bffa43fc867998) Importer(815301076,1909f56bfc062723c751e8b465ee728b)
Start importing Assets/Multistory Dungeons 2/DunGen Presets/Top-Down Tiles/TD_Tile_14.prefab using Guid(96c5eb4c5bab499594bffa43fc867998) Importer(815301076,1909f56bfc062723c751e8b465ee728b) (PreviewImporter) -> (Import Result ID: '803e053a2fc59787dc69598742f488ab') in 0.0755839 seconds [static and dynamic dependencies]. Details - ImportResultOutputID=0d594af79515bf00314e9766a762ddbb DependenciesID=6b0c507eaa3146d8e54f8ca3d239512d StaticDependenciesID=09a6a82a0dfc8df7178d155b9e81eb20 
Number of updated asset objects reloaded before import = 0Number of asset objects unloaded after import = 1427

Editor requested this worker to shutdown with reason: Scaling down because of idle timeout
AssetImportWorker is now disconnected from the server
Process exiting
Exiting without the bug reporter. Application will terminate with return code 0