[Licensing::Module] Trying to connect to existing licensing client channel...
Built from '6000.4/staging' branch; Version is '6000.4.5f1 (cc83ebd631f8) revision 13403115'; Using compiler version '194234433'; Build Type 'Release'
OS: 'Windows 11  (10.0.26200) Core' Language: 'ru' Physical Memory: 31962 MB
BatchMode: 1, IsHumanControllingUs: 0, StartBugReporterOnCrash: 0, Is64bit: 1
[Licensing::IpcConnector] Successfully connected to: "LicenseClient-bl00d" at "2026-05-08T10:31:51.0390935Z"
System  architecture: x64
Process architecture: x64
Date: 2026-05-08T10:31:51Z

COMMAND LINE ARGUMENTS:
C:\Program Files\Unity\Hub\Editor\6000.4.5f1\Editor\Unity.exe
-adb2
-batchMode
-noUpm
-name
AssetImportWorker19
-projectPath
D:/WorkDiplom/UnityFiles/ProjectSword
-logFile
Logs/AssetImportWorker19.log
-srvPort
61865
-licensingIpc
LicenseClient-bl00d
-force-d3d12
-job-worker-count
11
-background-job-worker-count
8
-gc-helper-count
1
-name
AssetImport
Successfully changed project path to: D:/WorkDiplom/UnityFiles/ProjectSword
D:/WorkDiplom/UnityFiles/ProjectSword
[UnityMemory] Configuration Parameters - Can be set up in boot.config
    "memorysetup-temp-allocator-size-gi-baking-worker=262144"
    "memorysetup-temp-allocator-size-gi-baking-worker=262144"
    "memorysetup-temp-allocator-size-gi-baking-worker=262144"
    "memorysetup-temp-allocator-size-gi-baking-worker=262144"
    "memorysetup-temp-allocator-size-gi-baking-worker=262144"
    "memorysetup-temp-allocator-size-nav-mesh-worker=65536"
    "memorysetup-temp-allocator-size-audio-worker=65536"
    "memorysetup-temp-allocator-size-cloud-worker=32768"
    "memorysetup-temp-allocator-size-gfx=262144"
    "memorysetup-temp-allocator-size-preload-manager=33554432"
    "memorysetup-temp-allocator-size-job-worker=262144"
    "memorysetup-temp-allocator-size-background-worker=32768"
    "memorysetup-allocator-temp-initial-block-size-main=262144"
    "memorysetup-allocator-temp-initial-block-size-worker=262144"
    "memorysetup-bucket-allocator-granularity=16"
    "memorysetup-bucket-allocator-bucket-count=8"
    "memorysetup-bucket-allocator-block-size=33554432"
    "memorysetup-bucket-allocator-block-count=8"
    "memorysetup-main-allocator-block-size=16777216"
    "memorysetup-thread-allocator-block-size=16777216"
    "memorysetup-gfx-main-allocator-block-size=16777216"
    "memorysetup-gfx-thread-allocator-block-size=16777216"
    "memorysetup-cache-allocator-block-size=4194304"
    "memorysetup-typetree-allocator-block-size=2097152"
    "memorysetup-profiler-bucket-allocator-granularity=16"
    "memorysetup-profiler-bucket-allocator-bucket-count=8"
    "memorysetup-profiler-bucket-allocator-block-size=33554432"
    "memorysetup-profiler-bucket-allocator-block-count=8"
    "memorysetup-profiler-allocator-block-size=16777216"
    "memorysetup-profiler-editor-allocator-block-size=1048576"
    "memorysetup-temp-allocator-size-main=16777216"
    "memorysetup-job-temp-allocator-block-size=2097152"
    "memorysetup-job-temp-allocator-block-size-background=1048576"
    "memorysetup-job-temp-allocator-reduction-small-platforms=262144"
Player connection [19036]  Target information:

Player connection [19036]  * "[IP] 192.168.0.100 [Port] 0 [Flags] 2 [Guid] 3465832618 [EditorId] 3465832618 [Version] 1048832 [Id] WindowsEditor(7,DESKTOP-E609V0F) [Debug] 1 [PackageName] WindowsEditor [ProjectName] Editor" 

Player connection [19036]  * "[IP] 172.18.0.1 [Port] 0 [Flags] 2 [Guid] 3465832618 [EditorId] 3465832618 [Version] 1048832 [Id] WindowsEditor(7,DESKTOP-E609V0F) [Debug] 1 [PackageName] WindowsEditor [ProjectName] Editor" 

Player connection [19036] Host joined multi-casting on [225.0.0.222:54997]...
Player connection [19036] Host joined alternative multi-casting on [225.0.0.222:34997]...
JobSystem: Creating JobQueue using job-worker-count value 11
Input System module state changed to: Initialized.
[Physics::Module] Initialized fallback backend.
[Physics::Module] Id: 0xdecafbad
Library Redirect Path: Library/
[Physics::Module] Selected backend.
[Physics::Module] Name: PhysX
[Physics::Module] Id: 0xf2b8ea05
[Physics::Module] SDK Version: 4.1.2
[Physics::Module] Integration Version: 1.0.0
[Physics::Module] Threading Mode: Multi-Threaded
Initialize engine version: 6000.4.5f1 (cc83ebd631f8)
[Subsystems] Discovering subsystems at path C:/Program Files/Unity/Hub/Editor/6000.4.5f1/Editor/Data/Resources/UnitySubsystems
[Subsystems] Discovering subsystems at path D:/WorkDiplom/UnityFiles/ProjectSword/Assets
Forcing GfxDevice: Direct3D 12
GfxDevice: creating device client; kGfxThreadingModeNonThreaded
d3d12: failed to query info queue interface (0x80004002).
Direct3D:
    Version:         Direct3D 12 [level 12.2]
    Renderer:        NVIDIA GeForce RTX 4050 Laptop GPU (ID=0x28e1)
    Vendor:          NVIDIA
    VRAM:            5920 MB
    App VRAM Budget: 5152 MB
    Driver:          32.0.15.9621
Initialize mono
Mono path[0] = 'C:/Program Files/Unity/Hub/Editor/6000.4.5f1/Editor/Data/Managed'
Mono path[1] = 'C:/Program Files/Unity/Hub/Editor/6000.4.5f1/Editor/Data/MonoBleedingEdge/lib/mono/unityjit-win32'
Mono config path = 'C:/Program Files/Unity/Hub/Editor/6000.4.5f1/Editor/Data/MonoBleedingEdge/etc'
Using monoOptions --debugger-agent=transport=dt_socket,embedding=1,server=y,suspend=n,address=127.0.0.1:56340
CodeReloadManager initialized
Begin MonoManager ReloadAssembly
Registering precompiled unity dll's ...
Register platform support module: C:/Program Files/Unity/Hub/Editor/6000.4.5f1/Editor/Data/PlaybackEngines/WebGLSupport/UnityEditor.WebGL.Extensions.dll
Register platform support module: C:/Program Files/Unity/Hub/Editor/6000.4.5f1/Editor/Data/PlaybackEngines/WindowsStandaloneSupport/UnityEditor.WindowsStandalone.Extensions.dll
[Licensing::Module] Licensing is not yet initialized.
[Licensing::Client] Error: HandshakeResponse reported an error:
	ResponseCode: 505
	ResponseStatus: Unsupported protocol version '1.18.1'.
[Licensing::Module] Error: Failed to handshake to channel: "LicenseClient-bl00d"
[Licensing::IpcConnector] LicenseClient-bl00d channel disconnected successfully.
[Licensing::IpcConnector] Successfully connected to: "LicenseClient-bl00d-6000.4.5" at "2026-05-08T10:31:52.5180625Z"
[Licensing::Client] Code 10 while verifying Licensing Client signature (process Id: 31856, path: "C:/Program Files/Unity/Hub/Editor/6000.4.5f1/Editor/Data/Resources/Licensing/Client/Unity.Licensing.Client.exe")
[Licensing::Module] LicensingClient has failed validation; ignoring
[Licensing::Client] Handshaking with LicensingClient:
  Version:                 1.18.1+9fbee8e
  Session Id:              5c64e1f6cd484041afeb15885f9450a2
  Correlation Id:          9486e6a260014559c91c592abfd0e962
  External correlation Id: 7033276921936050633
  Machine Id:              zh3ngiu4ORagWkgmpHH7MkqLOjk=
[Licensing::Module] Successfully connected to LicensingClient on channel: "LicenseClient-bl00d-6000.4.5" (connect: 0.00s, validation: 0.00s, handshake: 0.01s)
[Licensing::IpcConnector] Successfully connected to: "LicenseClient-bl00d-6000.4.5-notifications" at "2026-05-08T10:31:52.5252253Z"
[Licensing::Module] Licensing Background thread has ended after 1.49s
[Licensing::Module] Licensing is initialized (took 0.33s).
[Licensing::Client] Successfully resolved entitlement details
[Licensing::Module] License group:
  Id: 10171410767635-UnityPersXXXX
  Product: Unity Personal
  Type: Assigned
  Expiration: Unlimited
Register platform support module: C:/Program Files/Unity/Hub/Editor/6000.4.5f1/Editor/Data/PlaybackEngines/MetroSupport/UnityEditor.UWP.Extensions.dll
Registered in 0.334094 seconds.
Native extension for UWP target not found
Native extension for WindowsStandalone target not found
Native extension for WebGL target not found
Package Manager log level set to [2]
[Package Manager] Failed to launch server process. Reason: Unity was launched with the -noUpm command-line argument
[Package Manager] Unable to send message (not connected to server process).
[Package Manager] Cannot connect to Unity Package Manager local server
ScheduleIndexationOnStartup MainProcess:False IndexOnStartup:True
Mono: successfully reloaded assembly
- Finished resetting the current domain, in  0.273 seconds
Domain Reload Profiling: 926ms
	BeginReloadAssembly (102ms)
	RebuildCommonClasses (27ms)
	RebuildNativeTypeToScriptingClass (10ms)
	initialDomainReloadingComplete (374ms)
	LoadAllAssembliesAndSetupDomain (139ms)
		LoadAssemblies (100ms)
		AnalyzeDomain (132ms)
			TypeCache.Refresh (132ms)
				TypeCache.ScanAssembly (122ms)
	FinalizeReload (274ms)
		SetupLoadedEditorAssemblies (0ms)
			InitializePlatformSupportModulesInManaged (57ms)
			BeforeProcessingInitializeOnLoad (57ms)
			ProcessInitializeOnLoadAttributes (73ms)
			ProcessInitializeOnLoadMethodAttributes (39ms)
========================================================================
Worker process is ready to serve import requests
Import Worker Mode flag is 0x00
Begin MonoManager ReloadAssembly
[Licensing::Client] Successfully resolved entitlement details
Assembly Assembly-CSharp-Editor-firstpass.dll at Library/ScriptAssemblies/Assembly-CSharp-Editor-firstpass.dll not valid. Loading of assembly skipped.
Assembly Assembly-CSharp-firstpass.dll at Library/ScriptAssemblies/Assembly-CSharp-firstpass.dll not valid. Loading of assembly skipped.
Assembly DocCodeExamples.dll at Library/ScriptAssemblies/DocCodeExamples.dll not valid. Loading of assembly skipped.
Assembly TestNewCustomAssembly.dll at Library/ScriptAssemblies/TestNewCustomAssembly.dll not valid. Loading of assembly skipped.
Assembly Unity.Collections.BurstCompatibilityGen.dll at Library/ScriptAssemblies/Unity.Collections.BurstCompatibilityGen.dll not valid. Loading of assembly skipped.
Assembly Unity.Collections.DocCodeSamples.dll at Library/ScriptAssemblies/Unity.Collections.DocCodeSamples.dll not valid. Loading of assembly skipped.
Assembly Unity.Collections.PerformanceTests.dll at Library/ScriptAssemblies/Unity.Collections.PerformanceTests.dll not valid. Loading of assembly skipped.
Assembly Unity.Collections.Tests.dll at Library/ScriptAssemblies/Unity.Collections.Tests.dll not valid. Loading of assembly skipped.
Assembly Unity.Collections.Tests.Playmode.dll at Library/ScriptAssemblies/Unity.Collections.Tests.Playmode.dll not valid. Loading of assembly skipped.
Assembly Unity.InputSystem.IntegrationTests.dll at Library/ScriptAssemblies/Unity.InputSystem.IntegrationTests.dll not valid. Loading of assembly skipped.
Assembly Unity.Mathematics.Tests.dll at Library/ScriptAssemblies/Unity.Mathematics.Tests.dll not valid. Loading of assembly skipped.
Assembly Unity.Multiplayer.Center.Editor.Tests.dll at Library/ScriptAssemblies/Unity.Multiplayer.Center.Editor.Tests.dll not valid. Loading of assembly skipped.
Assembly Unity.Multiplayer.Center.Tests.dll at Library/ScriptAssemblies/Unity.Multiplayer.Center.Tests.dll not valid. Loading of assembly skipped.
Assembly Unity.Nuget.Mono-Cecil.dll at Library/ScriptAssemblies/Unity.Nuget.Mono-Cecil.dll not valid. Loading of assembly skipped.
Assembly Unity.PathTracing.Editor.Tests.dll at Library/ScriptAssemblies/Unity.PathTracing.Editor.Tests.dll not valid. Loading of assembly skipped.
Assembly Unity.PathTracing.Runtime.Tests.dll at Library/ScriptAssemblies/Unity.PathTracing.Runtime.Tests.dll not valid. Loading of assembly skipped.
Assembly Unity.RenderPipelines.Core.Editor.Tests.dll at Library/ScriptAssemblies/Unity.RenderPipelines.Core.Editor.Tests.dll not valid. Loading of assembly skipped.
Assembly Unity.RenderPipelines.Core.Runtime.Tests.dll at Library/ScriptAssemblies/Unity.RenderPipelines.Core.Runtime.Tests.dll not valid. Loading of assembly skipped.
Assembly Unity.RenderPipelines.Universal.Config.Editor.Tests.dll at Library/ScriptAssemblies/Unity.RenderPipelines.Universal.Config.Editor.Tests.dll not valid. Loading of assembly skipped.
Assembly Unity.RenderPipelines.Universal.Editor.Tests.dll at Library/ScriptAssemblies/Unity.RenderPipelines.Universal.Editor.Tests.dll not valid. Loading of assembly skipped.
Assembly Unity.RenderPipelines.Universal.Runtime.Tests.dll at Library/ScriptAssemblies/Unity.RenderPipelines.Universal.Runtime.Tests.dll not valid. Loading of assembly skipped.
Assembly Unity.Searcher.EditorTests.dll at Library/ScriptAssemblies/Unity.Searcher.EditorTests.dll not valid. Loading of assembly skipped.
Assembly Unity.ShaderGraph.Editor.Tests.dll at Library/ScriptAssemblies/Unity.ShaderGraph.Editor.Tests.dll not valid. Loading of assembly skipped.
Assembly Unity.TextMeshPro.Editor.Tests.dll at Library/ScriptAssemblies/Unity.TextMeshPro.Editor.Tests.dll not valid. Loading of assembly skipped.
Assembly Unity.TextMeshPro.Tests.dll at Library/ScriptAssemblies/Unity.TextMeshPro.Tests.dll not valid. Loading of assembly skipped.
Assembly Unity.UnifiedRayTracing.Editor.Tests.dll at Library/ScriptAssemblies/Unity.UnifiedRayTracing.Editor.Tests.dll not valid. Loading of assembly skipped.
Assembly UnityEditor.UI.Common.Tests.dll at Library/ScriptAssemblies/UnityEditor.UI.Common.Tests.dll not valid. Loading of assembly skipped.
Assembly UnityEditor.UI.EditorTests.dll at Library/ScriptAssemblies/UnityEditor.UI.EditorTests.dll not valid. Loading of assembly skipped.
Assembly UnityEngine.UI.Tests.dll at Library/ScriptAssemblies/UnityEngine.UI.Tests.dll not valid. Loading of assembly skipped.
Native extension for UWP target not found
Native extension for WindowsStandalone target not found
Native extension for WebGL target not found
[Package Manager] Failed to launch server process. Reason: Unity was launched with the -noUpm command-line argument
[Package Manager] Unable to send message (not connected to server process).
[Package Manager] Cannot connect to Unity Package Manager local server
[Package Manager] Failed to launch server process. Reason: Unity was launched with the -noUpm command-line argument
[Package Manager] Unable to send message (not connected to server process).
[Package Manager] Cannot connect to Unity Package Manager local server
ScheduleIndexationOnStartup MainProcess:False IndexOnStartup:True
Mono: successfully reloaded assembly
- Finished resetting the current domain, in  0.500 seconds
Domain Reload Profiling: 1125ms
	BeginReloadAssembly (130ms)
		DisableScriptedObjects (4ms)
		CreateAndSetChildDomain (30ms)
	RebuildCommonClasses (31ms)
	RebuildNativeTypeToScriptingClass (10ms)
	initialDomainReloadingComplete (45ms)
	LoadAllAssembliesAndSetupDomain (408ms)
		LoadAssemblies (266ms)
		AnalyzeDomain (206ms)
			TypeCache.Refresh (140ms)
				TypeCache.ScanAssembly (127ms)
			BuildScriptInfoCaches (56ms)
			ResolveRequiredComponents (8ms)
	FinalizeReload (501ms)
		SetupLoadedEditorAssemblies (0ms)
			InitializePlatformSupportModulesInManaged (9ms)
			BeforeProcessingInitializeOnLoad (92ms)
			ProcessInitializeOnLoadAttributes (207ms)
			ProcessInitializeOnLoadMethodAttributes (47ms)
			AfterProcessingInitializeOnLoad (4ms)
		AwakeInstancesAfterBackupRestoration (4ms)
Launched and connected shader compiler UnityShaderCompiler.exe after 0.01 seconds
Unloading 24 Unused Serialized files (Serialized files now loaded: 0)
Unloading 6545 unused Assets / (4.9 MB). Loaded Objects now: 7377.
Memory consumption went from 160.7 MB to 155.8 MB.
Total: 6.929800 ms (FindLiveObjects: 0.819400 ms CreateObjectMapping: 0.241500 ms MarkObjects: 4.099100 ms  DeleteObjects: 1.768100 ms)

========================================================================
Received Import Request.
  Time since last request: 2806.138062 seconds.
  path: Assets/Multistory Dungeons 2/Textures/Materials/Atlas_Props_02.mat
  importAddress: Guid(e4f418a18b804f87a364a935f5632aef) Importer(815301076,1909f56bfc062723c751e8b465ee728b)
Start importing Assets/Multistory Dungeons 2/Textures/Materials/Atlas_Props_02.mat using Guid(e4f418a18b804f87a364a935f5632aef) Importer(815301076,1909f56bfc062723c751e8b465ee728b) (PreviewImporter) -> (Import Result ID: 'ee63ea8419b528851fe9575d9410ea82') in 0.3660004 seconds [static and dynamic dependencies]. Details - ImportResultOutputID=45148e69e9b4ea385f40456a95471388 DependenciesID=c6c39cfd3b605710912e24b7343c218b StaticDependenciesID=96bb4911543bbb6984f0e381d5fc96ba 
Number of updated asset objects reloaded before import = 0Number of asset objects unloaded after import = 4

========================================================================
Received Import Request.
  Time since last request: 29.240179 seconds.
  path: Assets/Multistory Dungeons 2/Dungeon Architect Presets/Prefabs/Point light 2.prefab
  importAddress: Guid(143a8c993b1f4236bdf30a642525c4b8) Importer(815301076,1909f56bfc062723c751e8b465ee728b)
Start importing Assets/Multistory Dungeons 2/Dungeon Architect Presets/Prefabs/Point light 2.prefab using Guid(143a8c993b1f4236bdf30a642525c4b8) Importer(815301076,1909f56bfc062723c751e8b465ee728b) (PreviewImporter) -> (Import Result ID: '21210aa8eca29b34f1abb666a3a3875c') in 0.0048727 seconds [static and dynamic dependencies]. Details - ImportResultOutputID=6eb1d031c58e5934092b6fd8498cea99 DependenciesID=64b87d0e28e578e7486dca4a3bcc62a1 StaticDependenciesID=6882b7d6becc646d2a0c2ffa2c60d240 
Number of updated asset objects reloaded before import = 0Number of asset objects unloaded after import = 5

========================================================================
Received Import Request.
  Time since last request: 7.564454 seconds.
  path: Assets/Multistory Dungeons 2/Dungeon Architect Presets/Prefabs/Modules/TD_Tile_04.prefab
  importAddress: Guid(35431102f0c241eabe99af6319b630cd) Importer(815301076,1909f56bfc062723c751e8b465ee728b)
Start importing Assets/Multistory Dungeons 2/Dungeon Architect Presets/Prefabs/Modules/TD_Tile_04.prefab using Guid(35431102f0c241eabe99af6319b630cd) Importer(815301076,1909f56bfc062723c751e8b465ee728b) (PreviewImporter) -> (Import Result ID: '2b50f71ff5565c3cb9a1f1103c6c69d7') in 0.1682554 seconds [static and dynamic dependencies]. Details - ImportResultOutputID=0e03ff675f0583dfb0ddcebdc867a4d8 DependenciesID=ee73d6b11d4bf0a795f986fea8f786c8 StaticDependenciesID=45f9dfe71fef8e3a37533c31a106c963 
Number of updated asset objects reloaded before import = 0Number of asset objects unloaded after import = 438

========================================================================
Received Import Request.
  Time since last request: 0.000023 seconds.
  path: Assets/Multistory Dungeons 2/Dungeon Architect Presets/Prefabs/Modules/TD_Tile_17.prefab
  importAddress: Guid(9641b00b5ca845eb9dbccd79d6c53ca3) Importer(815301076,1909f56bfc062723c751e8b465ee728b)
Start importing Assets/Multistory Dungeons 2/Dungeon Architect Presets/Prefabs/Modules/TD_Tile_17.prefab using Guid(9641b00b5ca845eb9dbccd79d6c53ca3) Importer(815301076,1909f56bfc062723c751e8b465ee728b) (PreviewImporter) -> (Import Result ID: '677c490ba7c64a15a4dbd1d68e82cbdb') in 0.0589232 seconds [static and dynamic dependencies]. Details - ImportResultOutputID=0899e5ec80155327cd835f9def3e0727 DependenciesID=8d48014216a372879b9206d6eb2f5fea StaticDependenciesID=b50f9ed299db1704d51b35b0e2a2423c 
Number of updated asset objects reloaded before import = 0Number of asset objects unloaded after import = 589

========================================================================
Received Import Request.
  Time since last request: 0.000036 seconds.
  path: Assets/Multistory Dungeons 2/Dungeon Architect Presets/Prefabs/Modules/TD_Tile_18.prefab
  importAddress: Guid(683fcb7cd6ff4303ab2881c5f0386aa5) Importer(815301076,1909f56bfc062723c751e8b465ee728b)
Start importing Assets/Multistory Dungeons 2/Dungeon Architect Presets/Prefabs/Modules/TD_Tile_18.prefab using Guid(683fcb7cd6ff4303ab2881c5f0386aa5) Importer(815301076,1909f56bfc062723c751e8b465ee728b) (PreviewImporter) -> (Import Result ID: '5c126cadf1a70af138c554d6eb538045') in 0.09126 seconds [static and dynamic dependencies]. Details - ImportResultOutputID=e1552875fded1e3933f0e0f49636ea74 DependenciesID=2bafb6469326819f16c85f7ba495daba StaticDependenciesID=a57a5c05a7a2fe52b906031537941171 
Number of updated asset objects reloaded before import = 0Number of asset objects unloaded after import = 534

========================================================================
Received Import Request.
  Time since last request: 11.043249 seconds.
  path: Assets/Multistory Dungeons 2/DunGen Presets/Connectors/Exit_Blocker_04.prefab
  importAddress: Guid(3663c90f97e6493aa27146967b1ad6ac) Importer(815301076,1909f56bfc062723c751e8b465ee728b)
Start importing Assets/Multistory Dungeons 2/DunGen Presets/Connectors/Exit_Blocker_04.prefab using Guid(3663c90f97e6493aa27146967b1ad6ac) Importer(815301076,1909f56bfc062723c751e8b465ee728b) (PreviewImporter) -> (Import Result ID: '237df92b98a1dc4952e22f922bcb37fd') in 0.2773275 seconds [static and dynamic dependencies]. Details - ImportResultOutputID=89c32f7fcbbe0e55d25cd032592b9550 DependenciesID=17b67120fed1492533b1230e447735ba StaticDependenciesID=9f8b66e25685d18303ea8880b170390b 
Number of updated asset objects reloaded before import = 0Number of asset objects unloaded after import = 51

========================================================================
Received Import Request.
  Time since last request: 0.000025 seconds.
  path: Assets/Multistory Dungeons 2/DunGen Presets/Connectors/Railing_Connection_Open_01.prefab
  importAddress: Guid(a6cd6cb55d6d4db1901dd2276374e64b) Importer(815301076,1909f56bfc062723c751e8b465ee728b)
Start importing Assets/Multistory Dungeons 2/DunGen Presets/Connectors/Railing_Connection_Open_01.prefab using Guid(a6cd6cb55d6d4db1901dd2276374e64b) Importer(815301076,1909f56bfc062723c751e8b465ee728b) (PreviewImporter) -> (Import Result ID: 'dbe231b64db281359e7ac438eafb4975') in 0.0317105 seconds [static and dynamic dependencies]. Details - ImportResultOutputID=0340777077b1ef7033fac60a39440b65 DependenciesID=ec5beddcdbeb34870d997f2ba16441c2 StaticDependenciesID=8d20fbd4c75654608f63304d9b34ebc7 
Number of updated asset objects reloaded before import = 0Number of asset objects unloaded after import = 29

========================================================================
Received Import Request.
  Time since last request: 2.730733 seconds.
  path: Assets/Multistory Dungeons 2/DunGen Presets/Demo/First-Person Demo Dungeon Flow.asset
  importAddress: Guid(f4a1f4b61c6a4e46bc3009bd7e9c4102) Importer(815301076,1909f56bfc062723c751e8b465ee728b)
Start importing Assets/Multistory Dungeons 2/DunGen Presets/Demo/First-Person Demo Dungeon Flow.asset using Guid(f4a1f4b61c6a4e46bc3009bd7e9c4102) Importer(815301076,1909f56bfc062723c751e8b465ee728b) (PreviewImporter) -> (Import Result ID: '3175af700793d85d09546377dcb81941') in 0.0008071 seconds [static and dynamic dependencies]. Details - ImportResultOutputID=50fb9f46ae3c9ed054285f6092a8e12a DependenciesID=4d0f8609d264730d88630c08d82a601a StaticDependenciesID=b985ff07678c796a97024f0e35a88220 
Number of updated asset objects reloaded before import = 0Number of asset objects unloaded after import = 1

========================================================================
Received Import Request.
  Time since last request: 0.000017 seconds.
  path: Assets/Multistory Dungeons 2/DunGen Presets/Demo/TD Demo Dungeon Flow.asset
  importAddress: Guid(ed5875b4c711427db5c7db13c38553c9) Importer(815301076,1909f56bfc062723c751e8b465ee728b)
Start importing Assets/Multistory Dungeons 2/DunGen Presets/Demo/TD Demo Dungeon Flow.asset using Guid(ed5875b4c711427db5c7db13c38553c9) Importer(815301076,1909f56bfc062723c751e8b465ee728b) (PreviewImporter) -> (Import Result ID: '5a3a53ab50da4cd3efdcef0056d518b9') in 0.0007362 seconds [static and dynamic dependencies]. Details - ImportResultOutputID=f492864a63a41a948a6873eb55a9362f DependenciesID=0a76421423695cdb0bb5ef5ac5e5bc97 StaticDependenciesID=4b28676d4fdb07e7665304dc7aa154d7 
Number of updated asset objects reloaded before import = 0Number of asset objects unloaded after import = 1

========================================================================
Received Import Request.
  Time since last request: 1.594023 seconds.
  path: Assets/Multistory Dungeons 2/DunGen Presets/First-Person Rooms/FP_Room_04.prefab
  importAddress: Guid(083741f56594464ebbf341733fad7cbd) Importer(815301076,1909f56bfc062723c751e8b465ee728b)
Start importing Assets/Multistory Dungeons 2/DunGen Presets/First-Person Rooms/FP_Room_04.prefab using Guid(083741f56594464ebbf341733fad7cbd) Importer(815301076,1909f56bfc062723c751e8b465ee728b) (PreviewImporter) -> (Import Result ID: '0079cd1a500fa2b799d04d07d1e47702') in 0.1764163 seconds [static and dynamic dependencies]. Details - ImportResultOutputID=ae8b93dcce994c57748ab6105e307aa9 DependenciesID=2fb019094b3d07b9d0d2267a428066ed StaticDependenciesID=7d30036a9bd5f3bfb6c94f0cec7b8886 
Number of updated asset objects reloaded before import = 0Number of asset objects unloaded after import = 452

========================================================================
Received Import Request.
  Time since last request: 0.000025 seconds.
  path: Assets/Multistory Dungeons 2/DunGen Presets/First-Person Rooms/FP_Room_11.prefab
  importAddress: Guid(65e334bdb2144cb99217a46c5cad245c) Importer(815301076,1909f56bfc062723c751e8b465ee728b)
Start importing Assets/Multistory Dungeons 2/DunGen Presets/First-Person Rooms/FP_Room_11.prefab using Guid(65e334bdb2144cb99217a46c5cad245c) Importer(815301076,1909f56bfc062723c751e8b465ee728b) (PreviewImporter) -> (Import Result ID: 'ec225a0900666e1b837264ef22a5ddc8') in 0.0759679 seconds [static and dynamic dependencies]. Details - ImportResultOutputID=6034be9776aa780c40811eaeceefc3da DependenciesID=f6a72b95616305c44aa97068fbc5537f StaticDependenciesID=a8dd0240c92aea7cbb22cf017fbe281a 
Number of updated asset objects reloaded before import = 0Number of asset objects unloaded after import = 902

========================================================================
Received Import Request.
  Time since last request: 0.000051 seconds.
  path: Assets/Multistory Dungeons 2/DunGen Presets/First-Person Rooms/FP_Room_08.prefab
  importAddress: Guid(f39c1f6ba325484fa24c78dad993d781) Importer(815301076,1909f56bfc062723c751e8b465ee728b)
Start importing Assets/Multistory Dungeons 2/DunGen Presets/First-Person Rooms/FP_Room_08.prefab using Guid(f39c1f6ba325484fa24c78dad993d781) Importer(815301076,1909f56bfc062723c751e8b465ee728b) (PreviewImporter) -> (Import Result ID: '7ce8e0c2775b0ce3ae5d3497b7656d45') in 0.0777464 seconds [static and dynamic dependencies]. Details - ImportResultOutputID=09727027bc80f6bcb0ae7dc4a3aa1bf8 DependenciesID=5c1c857eed9fce10188bf6a475e84db2 StaticDependenciesID=a891aee1767baf024307bd124d7525dd 
Number of updated asset objects reloaded before import = 0Number of asset objects unloaded after import = 755

========================================================================
Received Import Request.
  Time since last request: 2.077201 seconds.
  path: Assets/Multistory Dungeons 2/DunGen Presets/Top-Down Tiles/TD_Tile_02_A.prefab
  importAddress: Guid(b7b888deef514fe38f2c8369c29f95fa) Importer(815301076,1909f56bfc062723c751e8b465ee728b)
Start importing Assets/Multistory Dungeons 2/DunGen Presets/Top-Down Tiles/TD_Tile_02_A.prefab using Guid(b7b888deef514fe38f2c8369c29f95fa) Importer(815301076,1909f56bfc062723c751e8b465ee728b) (PreviewImporter) -> (Import Result ID: 'bbb1d6fef0c5fd0fc124f9253901ced7') in 0.1284998 seconds [static and dynamic dependencies]. Details - ImportResultOutputID=faf59d27578d817bbdb79f28db230fcc DependenciesID=342238c025d74e248b51a760e0163f95 StaticDependenciesID=1af94c6b9d985f3f10534f6a60199c24 
Number of updated asset objects reloaded before import = 0Number of asset objects unloaded after import = 874

========================================================================
Received Import Request.
  Time since last request: 0.000025 seconds.
  path: Assets/Multistory Dungeons 2/DunGen Presets/Top-Down Tiles/TD_Tile_32.prefab
  importAddress: Guid(1279c8a20861444fbea3a432bbc562ad) Importer(815301076,1909f56bfc062723c751e8b465ee728b)
Start importing Assets/Multistory Dungeons 2/DunGen Presets/Top-Down Tiles/TD_Tile_32.prefab using Guid(1279c8a20861444fbea3a432bbc562ad) Importer(815301076,1909f56bfc062723c751e8b465ee728b) (PreviewImporter) -> (Import Result ID: '40f3054f30ec2e3562d8ac729a17a05b') in 0.1083073 seconds [static and dynamic dependencies]. Details - ImportResultOutputID=f499d7c36fa03d5ab58849e25fc70743 DependenciesID=4c3c389b7e513c0f1c34f77ac546ee93 StaticDependenciesID=480c932b6a3590ce6934946e50734506 
Number of updated asset objects reloaded before import = 0Number of asset objects unloaded after import = 2554

========================================================================
Received Import Request.
  Time since last request: 0.000037 seconds.
  path: Assets/Multistory Dungeons 2/DunGen Presets/Top-Down Tiles/TD_Tile_09_A.prefab
  importAddress: Guid(d1f934b9b2324c2ab5852cb76f8a8b52) Importer(815301076,1909f56bfc062723c751e8b465ee728b)
Start importing Assets/Multistory Dungeons 2/DunGen Presets/Top-Down Tiles/TD_Tile_09_A.prefab using Guid(d1f934b9b2324c2ab5852cb76f8a8b52) Importer(815301076,1909f56bfc062723c751e8b465ee728b) (PreviewImporter) -> (Import Result ID: '98e183a7164de5bba3dec79e92be6e2d') in 0.0957065 seconds [static and dynamic dependencies]. Details - ImportResultOutputID=5e20bc0da2b40e121918760f800e1724 DependenciesID=8237258f352c91c92793d9624f5f807f StaticDependenciesID=0e517e3749f72e43138bed9bac50e9f9 
Number of updated asset objects reloaded before import = 0Number of asset objects unloaded after import = 1181

========================================================================
Received Import Request.
  Time since last request: 0.000038 seconds.
  path: Assets/Multistory Dungeons 2/DunGen Presets/Top-Down Tiles/TD_Tile_04_A.prefab
  importAddress: Guid(ef13e70a67c542068b37cf937547a026) Importer(815301076,1909f56bfc062723c751e8b465ee728b)
Start importing Assets/Multistory Dungeons 2/DunGen Presets/Top-Down Tiles/TD_Tile_04_A.prefab using Guid(ef13e70a67c542068b37cf937547a026) Importer(815301076,1909f56bfc062723c751e8b465ee728b) (PreviewImporter) -> (Import Result ID: 'f72585d5c417da0edd0d8830e29f0246') in 0.079979 seconds [static and dynamic dependencies]. Details - ImportResultOutputID=a3dc9db14a40c65610b713b72f2cd94b DependenciesID=41bcc47f633c6128db591443a46ad5f4 StaticDependenciesID=8844608d046626398c758153869119ef 
Number of updated asset objects reloaded before import = 0Number of asset objects unloaded after import = 742

========================================================================
Received Import Request.
  Time since last request: 0.000085 seconds.
  path: Assets/Multistory Dungeons 2/DunGen Presets/Top-Down Tiles/TD_Tile_08.prefab
  importAddress: Guid(21ed98efc2f844f5b695a36729b9c5c3) Importer(815301076,1909f56bfc062723c751e8b465ee728b)
Start importing Assets/Multistory Dungeons 2/DunGen Presets/Top-Down Tiles/TD_Tile_08.prefab using Guid(21ed98efc2f844f5b695a36729b9c5c3) Importer(815301076,1909f56bfc062723c751e8b465ee728b) (PreviewImporter) -> (Import Result ID: '5ed75ae0e7f7aaebaeb4c7f9e36cba85') in 0.100671 seconds [static and dynamic dependencies]. Details - ImportResultOutputID=0b5ec2005b64aafa2514bcea9e491ef1 DependenciesID=a24bc0bf909e026a8835b0dae3d4d5e9 StaticDependenciesID=bf6f1e883d8fedc6ff5372c24e197bab 
Number of updated asset objects reloaded before import = 0Number of asset objects unloaded after import = 1334

========================================================================
Received Import Request.
  Time since last request: 0.000038 seconds.
  path: Assets/Multistory Dungeons 2/DunGen Presets/Top-Down Tiles/TD_Tile_04.prefab
  importAddress: Guid(265f87310fdc47d9ae6f52cf6286b4db) Importer(815301076,1909f56bfc062723c751e8b465ee728b)
Start importing Assets/Multistory Dungeons 2/DunGen Presets/Top-Down Tiles/TD_Tile_04.prefab using Guid(265f87310fdc47d9ae6f52cf6286b4db) Importer(815301076,1909f56bfc062723c751e8b465ee728b) (PreviewImporter) -> (Import Result ID: 'cd856594ab883ea8d364ac86d43961d5') in 0.0880995 seconds [static and dynamic dependencies]. Details - ImportResultOutputID=1fe0e1c26795fc18a3cbd4c3d88e20f5 DependenciesID=07751dd290bdb36583cf341c968bd076 StaticDependenciesID=d525c1de2c2b292fd40919098fd1fa9a 
Number of updated asset objects reloaded before import = 0Number of asset objects unloaded after import = 742

========================================================================
Received Import Request.
  Time since last request: 0.000048 seconds.
  path: Assets/Multistory Dungeons 2/DunGen Presets/Top-Down Tiles/TD_Tile_Exit_04.prefab
  importAddress: Guid(b02e8c6b664343468e56953893975d45) Importer(815301076,1909f56bfc062723c751e8b465ee728b)
Start importing Assets/Multistory Dungeons 2/DunGen Presets/Top-Down Tiles/TD_Tile_Exit_04.prefab using Guid(b02e8c6b664343468e56953893975d45) Importer(815301076,1909f56bfc062723c751e8b465ee728b) (PreviewImporter) -> (Import Result ID: '3bf8987dcccef3a5ce2fbce2c2a5b95f') in 0.0776248 seconds [static and dynamic dependencies]. Details - ImportResultOutputID=8123bbf874108ddf49d1d64877a9e6f5 DependenciesID=a1c26d540eeb8ee6f1c47f5710ac6fe1 StaticDependenciesID=099ad0570f844c21e415bf5975f23d7d 
Number of updated asset objects reloaded before import = 0Number of asset objects unloaded after import = 1227

========================================================================
Received Import Request.
  Time since last request: 0.000033 seconds.
  path: Assets/Multistory Dungeons 2/DunGen Presets/Top-Down Tiles/TD_Tile_28.prefab
  importAddress: Guid(088c5e4723bd42b2a31532d337fbea22) Importer(815301076,1909f56bfc062723c751e8b465ee728b)
Start importing Assets/Multistory Dungeons 2/DunGen Presets/Top-Down Tiles/TD_Tile_28.prefab using Guid(088c5e4723bd42b2a31532d337fbea22) Importer(815301076,1909f56bfc062723c751e8b465ee728b) (PreviewImporter) -> (Import Result ID: 'c985cfe1f6642bc2772f95c6266d7eea') in 0.0654345 seconds [static and dynamic dependencies]. Details - ImportResultOutputID=875624141bc59526e6263866a12781b6 DependenciesID=3a8686bc18928a5d489e3dcc2408e681 StaticDependenciesID=afb41c9ec7f8e5fe18e16c9cbbc8aaf2 
Number of updated asset objects reloaded before import = 0Number of asset objects unloaded after import = 1213

========================================================================
Received Import Request.
  Time since last request: 0.000121 seconds.
  path: Assets/Multistory Dungeons 2/DunGen Presets/Top-Down Tiles/TD_Tile_05_A.prefab
  importAddress: Guid(57d6d6e6e8914145aa567ede4e608500) Importer(815301076,1909f56bfc062723c751e8b465ee728b)
Start importing Assets/Multistory Dungeons 2/DunGen Presets/Top-Down Tiles/TD_Tile_05_A.prefab using Guid(57d6d6e6e8914145aa567ede4e608500) Importer(815301076,1909f56bfc062723c751e8b465ee728b) (PreviewImporter) -> (Import Result ID: '763177383b6617470952e21236044f2f') in 0.0664223 seconds [static and dynamic dependencies]. Details - ImportResultOutputID=ced385cbfd21d22e5ca763048fbbfe65 DependenciesID=971afbc064cb8f4319b0cd117e6b8ec5 StaticDependenciesID=07706bbefca1a7c3b818646dee2689fb 
Number of updated asset objects reloaded before import = 0Number of asset objects unloaded after import = 775

Editor requested this worker to shutdown with reason: Scaling down because of idle timeout
AssetImportWorker is now disconnected from the server
Process exiting
Exiting without the bug reporter. Application will terminate with return code 0