[Licensing::Module] Trying to connect to existing licensing client channel...
Built from '6000.4/staging' branch; Version is '6000.4.5f1 (cc83ebd631f8) revision 13403115'; Using compiler version '194234433'; Build Type 'Release'
OS: 'Windows 11  (10.0.26200) Core' Language: 'ru' Physical Memory: 31962 MB
BatchMode: 1, IsHumanControllingUs: 0, StartBugReporterOnCrash: 0, Is64bit: 1
[Licensing::IpcConnector] Successfully connected to: "LicenseClient-bl00d" at "2026-05-08T10:31:51.03744Z"
System  architecture: x64
Process architecture: x64
Date: 2026-05-08T10:31:51Z

COMMAND LINE ARGUMENTS:
C:\Program Files\Unity\Hub\Editor\6000.4.5f1\Editor\Unity.exe
-adb2
-batchMode
-noUpm
-name
AssetImportWorker18
-projectPath
D:/WorkDiplom/UnityFiles/ProjectSword
-logFile
Logs/AssetImportWorker18.log
-srvPort
61865
-licensingIpc
LicenseClient-bl00d
-force-d3d12
-job-worker-count
11
-background-job-worker-count
8
-gc-helper-count
1
-name
AssetImport
Successfully changed project path to: D:/WorkDiplom/UnityFiles/ProjectSword
D:/WorkDiplom/UnityFiles/ProjectSword
[UnityMemory] Configuration Parameters - Can be set up in boot.config
    "memorysetup-temp-allocator-size-gi-baking-worker=262144"
    "memorysetup-temp-allocator-size-gi-baking-worker=262144"
    "memorysetup-temp-allocator-size-gi-baking-worker=262144"
    "memorysetup-temp-allocator-size-gi-baking-worker=262144"
    "memorysetup-temp-allocator-size-gi-baking-worker=262144"
    "memorysetup-temp-allocator-size-nav-mesh-worker=65536"
    "memorysetup-temp-allocator-size-audio-worker=65536"
    "memorysetup-temp-allocator-size-cloud-worker=32768"
    "memorysetup-temp-allocator-size-gfx=262144"
    "memorysetup-temp-allocator-size-preload-manager=33554432"
    "memorysetup-temp-allocator-size-job-worker=262144"
    "memorysetup-temp-allocator-size-background-worker=32768"
    "memorysetup-allocator-temp-initial-block-size-main=262144"
    "memorysetup-allocator-temp-initial-block-size-worker=262144"
    "memorysetup-bucket-allocator-granularity=16"
    "memorysetup-bucket-allocator-bucket-count=8"
    "memorysetup-bucket-allocator-block-size=33554432"
    "memorysetup-bucket-allocator-block-count=8"
    "memorysetup-main-allocator-block-size=16777216"
    "memorysetup-thread-allocator-block-size=16777216"
    "memorysetup-gfx-main-allocator-block-size=16777216"
    "memorysetup-gfx-thread-allocator-block-size=16777216"
    "memorysetup-cache-allocator-block-size=4194304"
    "memorysetup-typetree-allocator-block-size=2097152"
    "memorysetup-profiler-bucket-allocator-granularity=16"
    "memorysetup-profiler-bucket-allocator-bucket-count=8"
    "memorysetup-profiler-bucket-allocator-block-size=33554432"
    "memorysetup-profiler-bucket-allocator-block-count=8"
    "memorysetup-profiler-allocator-block-size=16777216"
    "memorysetup-profiler-editor-allocator-block-size=1048576"
    "memorysetup-temp-allocator-size-main=16777216"
    "memorysetup-job-temp-allocator-block-size=2097152"
    "memorysetup-job-temp-allocator-block-size-background=1048576"
    "memorysetup-job-temp-allocator-reduction-small-platforms=262144"
Player connection [3684]  Target information:

Player connection [3684]  * "[IP] 192.168.0.100 [Port] 0 [Flags] 2 [Guid] 3756486303 [EditorId] 3756486303 [Version] 1048832 [Id] WindowsEditor(7,DESKTOP-E609V0F) [Debug] 1 [PackageName] WindowsEditor [ProjectName] Editor" 

Player connection [3684]  * "[IP] 172.18.0.1 [Port] 0 [Flags] 2 [Guid] 3756486303 [EditorId] 3756486303 [Version] 1048832 [Id] WindowsEditor(7,DESKTOP-E609V0F) [Debug] 1 [PackageName] WindowsEditor [ProjectName] Editor" 

Player connection [3684] Host joined multi-casting on [225.0.0.222:54997]...
Player connection [3684] Host joined alternative multi-casting on [225.0.0.222:34997]...
JobSystem: Creating JobQueue using job-worker-count value 11
Input System module state changed to: Initialized.
[Physics::Module] Initialized fallback backend.
[Physics::Module] Id: 0xdecafbad
Library Redirect Path: Library/
[Physics::Module] Selected backend.
[Physics::Module] Name: PhysX
[Physics::Module] Id: 0xf2b8ea05
[Physics::Module] SDK Version: 4.1.2
[Physics::Module] Integration Version: 1.0.0
[Physics::Module] Threading Mode: Multi-Threaded
Initialize engine version: 6000.4.5f1 (cc83ebd631f8)
[Subsystems] Discovering subsystems at path C:/Program Files/Unity/Hub/Editor/6000.4.5f1/Editor/Data/Resources/UnitySubsystems
[Subsystems] Discovering subsystems at path D:/WorkDiplom/UnityFiles/ProjectSword/Assets
Forcing GfxDevice: Direct3D 12
GfxDevice: creating device client; kGfxThreadingModeNonThreaded
d3d12: failed to query info queue interface (0x80004002).
Direct3D:
    Version:         Direct3D 12 [level 12.2]
    Renderer:        NVIDIA GeForce RTX 4050 Laptop GPU (ID=0x28e1)
    Vendor:          NVIDIA
    VRAM:            5920 MB
    App VRAM Budget: 5152 MB
    Driver:          32.0.15.9621
Initialize mono
Mono path[0] = 'C:/Program Files/Unity/Hub/Editor/6000.4.5f1/Editor/Data/Managed'
Mono path[1] = 'C:/Program Files/Unity/Hub/Editor/6000.4.5f1/Editor/Data/MonoBleedingEdge/lib/mono/unityjit-win32'
Mono config path = 'C:/Program Files/Unity/Hub/Editor/6000.4.5f1/Editor/Data/MonoBleedingEdge/etc'
Using monoOptions --debugger-agent=transport=dt_socket,embedding=1,server=y,suspend=n,address=127.0.0.1:56568
CodeReloadManager initialized
Begin MonoManager ReloadAssembly
Registering precompiled unity dll's ...
Register platform support module: C:/Program Files/Unity/Hub/Editor/6000.4.5f1/Editor/Data/PlaybackEngines/WebGLSupport/UnityEditor.WebGL.Extensions.dll
Register platform support module: C:/Program Files/Unity/Hub/Editor/6000.4.5f1/Editor/Data/PlaybackEngines/WindowsStandaloneSupport/UnityEditor.WindowsStandalone.Extensions.dll
[Licensing::Module] Licensing is not yet initialized.
[Licensing::Client] Error: HandshakeResponse reported an error:
	ResponseCode: 505
	ResponseStatus: Unsupported protocol version '1.18.1'.
[Licensing::Module] Error: Failed to handshake to channel: "LicenseClient-bl00d"
[Licensing::IpcConnector] LicenseClient-bl00d channel disconnected successfully.
[Licensing::IpcConnector] Successfully connected to: "LicenseClient-bl00d-6000.4.5" at "2026-05-08T10:31:52.5056974Z"
[Licensing::Client] Code 10 while verifying Licensing Client signature (process Id: 31856, path: "C:/Program Files/Unity/Hub/Editor/6000.4.5f1/Editor/Data/Resources/Licensing/Client/Unity.Licensing.Client.exe")
[Licensing::Module] LicensingClient has failed validation; ignoring
[Licensing::Client] Handshaking with LicensingClient:
  Version:                 1.18.1+9fbee8e
  Session Id:              14274d61f45749cfa32575a88309e136
  Correlation Id:          9486e6a260014559c91c592abfd0e962
  External correlation Id: 1789377337549422215
  Machine Id:              zh3ngiu4ORagWkgmpHH7MkqLOjk=
[Licensing::Module] Successfully connected to LicensingClient on channel: "LicenseClient-bl00d-6000.4.5" (connect: 0.00s, validation: 0.00s, handshake: 0.01s)
[Licensing::IpcConnector] Successfully connected to: "LicenseClient-bl00d-6000.4.5-notifications" at "2026-05-08T10:31:52.5128765Z"
[Licensing::Module] Licensing Background thread has ended after 1.48s
[Licensing::Module] Licensing is initialized (took 0.17s).
[Licensing::Client] Successfully resolved entitlement details
[Licensing::Module] License group:
  Id: 10171410767635-UnityPersXXXX
  Product: Unity Personal
  Type: Assigned
  Expiration: Unlimited
Register platform support module: C:/Program Files/Unity/Hub/Editor/6000.4.5f1/Editor/Data/PlaybackEngines/MetroSupport/UnityEditor.UWP.Extensions.dll
Registered in 0.173257 seconds.
Native extension for UWP target not found
Native extension for WindowsStandalone target not found
Native extension for WebGL target not found
Package Manager log level set to [2]
[Package Manager] Failed to launch server process. Reason: Unity was launched with the -noUpm command-line argument
[Package Manager] Unable to send message (not connected to server process).
[Package Manager] Cannot connect to Unity Package Manager local server
ScheduleIndexationOnStartup MainProcess:False IndexOnStartup:True
Mono: successfully reloaded assembly
- Finished resetting the current domain, in  0.284 seconds
Domain Reload Profiling: 760ms
	BeginReloadAssembly (88ms)
	RebuildCommonClasses (27ms)
	RebuildNativeTypeToScriptingClass (10ms)
	initialDomainReloadingComplete (213ms)
	LoadAllAssembliesAndSetupDomain (137ms)
		LoadAssemblies (86ms)
		AnalyzeDomain (131ms)
			TypeCache.Refresh (130ms)
				TypeCache.ScanAssembly (120ms)
	FinalizeReload (285ms)
		SetupLoadedEditorAssemblies (0ms)
			InitializePlatformSupportModulesInManaged (59ms)
			BeforeProcessingInitializeOnLoad (60ms)
			ProcessInitializeOnLoadAttributes (74ms)
			ProcessInitializeOnLoadMethodAttributes (41ms)
========================================================================
Worker process is ready to serve import requests
Import Worker Mode flag is 0x00
Begin MonoManager ReloadAssembly
[Licensing::Client] Successfully resolved entitlement details
Assembly Assembly-CSharp-Editor-firstpass.dll at Library/ScriptAssemblies/Assembly-CSharp-Editor-firstpass.dll not valid. Loading of assembly skipped.
Assembly Assembly-CSharp-firstpass.dll at Library/ScriptAssemblies/Assembly-CSharp-firstpass.dll not valid. Loading of assembly skipped.
Assembly DocCodeExamples.dll at Library/ScriptAssemblies/DocCodeExamples.dll not valid. Loading of assembly skipped.
Assembly TestNewCustomAssembly.dll at Library/ScriptAssemblies/TestNewCustomAssembly.dll not valid. Loading of assembly skipped.
Assembly Unity.Collections.BurstCompatibilityGen.dll at Library/ScriptAssemblies/Unity.Collections.BurstCompatibilityGen.dll not valid. Loading of assembly skipped.
Assembly Unity.Collections.DocCodeSamples.dll at Library/ScriptAssemblies/Unity.Collections.DocCodeSamples.dll not valid. Loading of assembly skipped.
Assembly Unity.Collections.PerformanceTests.dll at Library/ScriptAssemblies/Unity.Collections.PerformanceTests.dll not valid. Loading of assembly skipped.
Assembly Unity.Collections.Tests.dll at Library/ScriptAssemblies/Unity.Collections.Tests.dll not valid. Loading of assembly skipped.
Assembly Unity.Collections.Tests.Playmode.dll at Library/ScriptAssemblies/Unity.Collections.Tests.Playmode.dll not valid. Loading of assembly skipped.
Assembly Unity.InputSystem.IntegrationTests.dll at Library/ScriptAssemblies/Unity.InputSystem.IntegrationTests.dll not valid. Loading of assembly skipped.
Assembly Unity.Mathematics.Tests.dll at Library/ScriptAssemblies/Unity.Mathematics.Tests.dll not valid. Loading of assembly skipped.
Assembly Unity.Multiplayer.Center.Editor.Tests.dll at Library/ScriptAssemblies/Unity.Multiplayer.Center.Editor.Tests.dll not valid. Loading of assembly skipped.
Assembly Unity.Multiplayer.Center.Tests.dll at Library/ScriptAssemblies/Unity.Multiplayer.Center.Tests.dll not valid. Loading of assembly skipped.
Assembly Unity.Nuget.Mono-Cecil.dll at Library/ScriptAssemblies/Unity.Nuget.Mono-Cecil.dll not valid. Loading of assembly skipped.
Assembly Unity.PathTracing.Editor.Tests.dll at Library/ScriptAssemblies/Unity.PathTracing.Editor.Tests.dll not valid. Loading of assembly skipped.
Assembly Unity.PathTracing.Runtime.Tests.dll at Library/ScriptAssemblies/Unity.PathTracing.Runtime.Tests.dll not valid. Loading of assembly skipped.
Assembly Unity.RenderPipelines.Core.Editor.Tests.dll at Library/ScriptAssemblies/Unity.RenderPipelines.Core.Editor.Tests.dll not valid. Loading of assembly skipped.
Assembly Unity.RenderPipelines.Core.Runtime.Tests.dll at Library/ScriptAssemblies/Unity.RenderPipelines.Core.Runtime.Tests.dll not valid. Loading of assembly skipped.
Assembly Unity.RenderPipelines.Universal.Config.Editor.Tests.dll at Library/ScriptAssemblies/Unity.RenderPipelines.Universal.Config.Editor.Tests.dll not valid. Loading of assembly skipped.
Assembly Unity.RenderPipelines.Universal.Editor.Tests.dll at Library/ScriptAssemblies/Unity.RenderPipelines.Universal.Editor.Tests.dll not valid. Loading of assembly skipped.
Assembly Unity.RenderPipelines.Universal.Runtime.Tests.dll at Library/ScriptAssemblies/Unity.RenderPipelines.Universal.Runtime.Tests.dll not valid. Loading of assembly skipped.
Assembly Unity.Searcher.EditorTests.dll at Library/ScriptAssemblies/Unity.Searcher.EditorTests.dll not valid. Loading of assembly skipped.
Assembly Unity.ShaderGraph.Editor.Tests.dll at Library/ScriptAssemblies/Unity.ShaderGraph.Editor.Tests.dll not valid. Loading of assembly skipped.
Assembly Unity.TextMeshPro.Editor.Tests.dll at Library/ScriptAssemblies/Unity.TextMeshPro.Editor.Tests.dll not valid. Loading of assembly skipped.
Assembly Unity.TextMeshPro.Tests.dll at Library/ScriptAssemblies/Unity.TextMeshPro.Tests.dll not valid. Loading of assembly skipped.
Assembly Unity.UnifiedRayTracing.Editor.Tests.dll at Library/ScriptAssemblies/Unity.UnifiedRayTracing.Editor.Tests.dll not valid. Loading of assembly skipped.
Assembly UnityEditor.UI.Common.Tests.dll at Library/ScriptAssemblies/UnityEditor.UI.Common.Tests.dll not valid. Loading of assembly skipped.
Assembly UnityEditor.UI.EditorTests.dll at Library/ScriptAssemblies/UnityEditor.UI.EditorTests.dll not valid. Loading of assembly skipped.
Assembly UnityEngine.UI.Tests.dll at Library/ScriptAssemblies/UnityEngine.UI.Tests.dll not valid. Loading of assembly skipped.
Native extension for UWP target not found
Native extension for WindowsStandalone target not found
Native extension for WebGL target not found
[Package Manager] Failed to launch server process. Reason: Unity was launched with the -noUpm command-line argument
[Package Manager] Unable to send message (not connected to server process).
[Package Manager] Cannot connect to Unity Package Manager local server
[Package Manager] Failed to launch server process. Reason: Unity was launched with the -noUpm command-line argument
[Package Manager] Unable to send message (not connected to server process).
[Package Manager] Cannot connect to Unity Package Manager local server
ScheduleIndexationOnStartup MainProcess:False IndexOnStartup:True
Mono: successfully reloaded assembly
- Finished resetting the current domain, in  0.496 seconds
Domain Reload Profiling: 1118ms
	BeginReloadAssembly (130ms)
		DisableScriptedObjects (3ms)
		CreateAndSetChildDomain (26ms)
	RebuildCommonClasses (29ms)
	RebuildNativeTypeToScriptingClass (11ms)
	initialDomainReloadingComplete (45ms)
	LoadAllAssembliesAndSetupDomain (405ms)
		LoadAssemblies (266ms)
		AnalyzeDomain (205ms)
			TypeCache.Refresh (142ms)
				TypeCache.ScanAssembly (129ms)
			BuildScriptInfoCaches (50ms)
			ResolveRequiredComponents (11ms)
	FinalizeReload (497ms)
		SetupLoadedEditorAssemblies (0ms)
			InitializePlatformSupportModulesInManaged (8ms)
			BeforeProcessingInitializeOnLoad (95ms)
			ProcessInitializeOnLoadAttributes (197ms)
			ProcessInitializeOnLoadMethodAttributes (46ms)
			AfterProcessingInitializeOnLoad (4ms)
		AwakeInstancesAfterBackupRestoration (4ms)
Launched and connected shader compiler UnityShaderCompiler.exe after 0.01 seconds
Unloading 24 Unused Serialized files (Serialized files now loaded: 0)
Unloading 6545 unused Assets / (4.8 MB). Loaded Objects now: 7377.
Memory consumption went from 164.6 MB to 159.7 MB.
Total: 6.408000 ms (FindLiveObjects: 0.672700 ms CreateObjectMapping: 0.230100 ms MarkObjects: 3.774300 ms  DeleteObjects: 1.729200 ms)

========================================================================
Received Import Request.
  Time since last request: 2806.138540 seconds.
  path: Assets/Multistory Dungeons 2/Textures/Materials/Atlas_Props_Glass.mat
  importAddress: Guid(81da1f2ecdb94bf6904233193bfdd89b) Importer(815301076,1909f56bfc062723c751e8b465ee728b)
Start importing Assets/Multistory Dungeons 2/Textures/Materials/Atlas_Props_Glass.mat using Guid(81da1f2ecdb94bf6904233193bfdd89b) Importer(815301076,1909f56bfc062723c751e8b465ee728b) (PreviewImporter) -> (Import Result ID: '654a201955f631fc6a8f5b9837c59288') in 0.3600609 seconds [static and dynamic dependencies]. Details - ImportResultOutputID=9d7ad9ba56bdfc242f9bf58c32bee381 DependenciesID=a211865643cae6b7bb1c9157d79a4d24 StaticDependenciesID=38b0ed802d73f3e52b9c8fae6a7f4367 
Number of updated asset objects reloaded before import = 0Number of asset objects unloaded after import = 3

========================================================================
Received Import Request.
  Time since last request: 36.832056 seconds.
  path: Assets/Multistory Dungeons 2/Dungeon Architect Presets/Prefabs/Modules/TD_Tile_05.prefab
  importAddress: Guid(754a5a3a38344a018d4165575f125271) Importer(815301076,1909f56bfc062723c751e8b465ee728b)
Start importing Assets/Multistory Dungeons 2/Dungeon Architect Presets/Prefabs/Modules/TD_Tile_05.prefab using Guid(754a5a3a38344a018d4165575f125271) Importer(815301076,1909f56bfc062723c751e8b465ee728b) (PreviewImporter) -> (Import Result ID: 'e8fc5b09bc105fd5f1d0bae78a9f1f37') in 0.1671234 seconds [static and dynamic dependencies]. Details - ImportResultOutputID=b840615a59155a6ed63aa8cc2dac0e20 DependenciesID=e5ee58ab637f4470a307b97f7fe9add1 StaticDependenciesID=49cfe849b95841469f97bd50a6908e1e 
Number of updated asset objects reloaded before import = 0Number of asset objects unloaded after import = 459

========================================================================
Received Import Request.
  Time since last request: 0.000024 seconds.
  path: Assets/Multistory Dungeons 2/Dungeon Architect Presets/Prefabs/Modules/TD_Tile_16.prefab
  importAddress: Guid(3d9e08cb061d4f49aca1e8681796947c) Importer(815301076,1909f56bfc062723c751e8b465ee728b)
Start importing Assets/Multistory Dungeons 2/Dungeon Architect Presets/Prefabs/Modules/TD_Tile_16.prefab using Guid(3d9e08cb061d4f49aca1e8681796947c) Importer(815301076,1909f56bfc062723c751e8b465ee728b) (PreviewImporter) -> (Import Result ID: '9b787ec05969a998511e14b68523fc08') in 0.066704 seconds [static and dynamic dependencies]. Details - ImportResultOutputID=4ddf225e66fd8a860ba20244dde21310 DependenciesID=95efaf92aacaa60cd8194aa2dafdc78f StaticDependenciesID=2d4da01bf5074d486f9a0c143bd0bf57 
Number of updated asset objects reloaded before import = 0Number of asset objects unloaded after import = 417

========================================================================
Received Import Request.
  Time since last request: 0.000036 seconds.
  path: Assets/Multistory Dungeons 2/Dungeon Architect Presets/Prefabs/Modules/TD_Tile_13.prefab
  importAddress: Guid(e253ad3bd2664382a04d467567678d4d) Importer(815301076,1909f56bfc062723c751e8b465ee728b)
Start importing Assets/Multistory Dungeons 2/Dungeon Architect Presets/Prefabs/Modules/TD_Tile_13.prefab using Guid(e253ad3bd2664382a04d467567678d4d) Importer(815301076,1909f56bfc062723c751e8b465ee728b) (PreviewImporter) -> (Import Result ID: 'aae4a5129a86832fc9f25d8f12245896') in 0.067537 seconds [static and dynamic dependencies]. Details - ImportResultOutputID=8c165a084573d96d8047c26c32ac22f4 DependenciesID=d9fea5c58385a3053a78db52ed549f41 StaticDependenciesID=693c2c376b2bca114a9322a6c3c79b09 
Number of updated asset objects reloaded before import = 0Number of asset objects unloaded after import = 563

========================================================================
Received Import Request.
  Time since last request: 11.063487 seconds.
  path: Assets/Multistory Dungeons 2/DunGen Presets/Connectors/Exit_Blocker_05.prefab
  importAddress: Guid(02431cfb817e45e2ac3837dae3699907) Importer(815301076,1909f56bfc062723c751e8b465ee728b)
Start importing Assets/Multistory Dungeons 2/DunGen Presets/Connectors/Exit_Blocker_05.prefab using Guid(02431cfb817e45e2ac3837dae3699907) Importer(815301076,1909f56bfc062723c751e8b465ee728b) (PreviewImporter) -> (Import Result ID: '86a78c6b92545f00a20636e2ef0dc03f') in 0.2825123 seconds [static and dynamic dependencies]. Details - ImportResultOutputID=54c5b18bf5249a2d0a643304418f38bb DependenciesID=45e81e66e95d36f115fb5150f3101571 StaticDependenciesID=13dafb69f42f5be56d82fa0e1f28dc5d 
Number of updated asset objects reloaded before import = 0Number of asset objects unloaded after import = 36

========================================================================
Received Import Request.
  Time since last request: 0.000022 seconds.
  path: Assets/Multistory Dungeons 2/DunGen Presets/Connectors/Railing_Blocker_03.prefab
  importAddress: Guid(7c276a4ab7e3470e8c3dde34bdb9ca28) Importer(815301076,1909f56bfc062723c751e8b465ee728b)
Start importing Assets/Multistory Dungeons 2/DunGen Presets/Connectors/Railing_Blocker_03.prefab using Guid(7c276a4ab7e3470e8c3dde34bdb9ca28) Importer(815301076,1909f56bfc062723c751e8b465ee728b) (PreviewImporter) -> (Import Result ID: '55e15d94b89b1ecd3a4265bb6c659939') in 0.0366114 seconds [static and dynamic dependencies]. Details - ImportResultOutputID=763db68eafd6dc72c9e3bdb70b0e70b7 DependenciesID=7a293c79bfbc0a2edc8b1d947cdbe2a3 StaticDependenciesID=2d59050a56aae6694018b34a05878df4 
Number of updated asset objects reloaded before import = 0Number of asset objects unloaded after import = 46

========================================================================
Received Import Request.
  Time since last request: 2.722886 seconds.
  path: Assets/Multistory Dungeons 2/DunGen Presets/Demo/First-Person Demo Tileset.asset
  importAddress: Guid(de8e03502e1041f3a751f8ca7d343198) Importer(815301076,1909f56bfc062723c751e8b465ee728b)
Start importing Assets/Multistory Dungeons 2/DunGen Presets/Demo/First-Person Demo Tileset.asset using Guid(de8e03502e1041f3a751f8ca7d343198) Importer(815301076,1909f56bfc062723c751e8b465ee728b) (PreviewImporter) -> (Import Result ID: 'c749dd1e59454d9575679894a2cec4f8') in 0.001127 seconds [static and dynamic dependencies]. Details - ImportResultOutputID=fd4803fa268244aafafed7105eed6f83 DependenciesID=6d6690d072b52e94159d0e64069e744e StaticDependenciesID=74bb09a79dd217c3f5689dc29e3097be 
Number of updated asset objects reloaded before import = 0Number of asset objects unloaded after import = 1

========================================================================
Received Import Request.
  Time since last request: 1.611972 seconds.
  path: Assets/Multistory Dungeons 2/DunGen Presets/First-Person Rooms/FP_Room_05.prefab
  importAddress: Guid(464c3ce2290b406a804eed3f27787f78) Importer(815301076,1909f56bfc062723c751e8b465ee728b)
Start importing Assets/Multistory Dungeons 2/DunGen Presets/First-Person Rooms/FP_Room_05.prefab using Guid(464c3ce2290b406a804eed3f27787f78) Importer(815301076,1909f56bfc062723c751e8b465ee728b) (PreviewImporter) -> (Import Result ID: '69faec366583e1bdae0ee5a48a5a28c2') in 0.1750666 seconds [static and dynamic dependencies]. Details - ImportResultOutputID=95da8248fa8a418795eb37fdffa6d19b DependenciesID=0f128cefeab0dee0ab49939fc8bcbf20 StaticDependenciesID=a448558d8273a0eb5acf45703cf0b681 
Number of updated asset objects reloaded before import = 0Number of asset objects unloaded after import = 452

========================================================================
Received Import Request.
  Time since last request: 0.000026 seconds.
  path: Assets/Multistory Dungeons 2/DunGen Presets/First-Person Rooms/FP_Room_16.prefab
  importAddress: Guid(7f04fc495c0b438fa1a1c0c085d72a6e) Importer(815301076,1909f56bfc062723c751e8b465ee728b)
Start importing Assets/Multistory Dungeons 2/DunGen Presets/First-Person Rooms/FP_Room_16.prefab using Guid(7f04fc495c0b438fa1a1c0c085d72a6e) Importer(815301076,1909f56bfc062723c751e8b465ee728b) (PreviewImporter) -> (Import Result ID: '82def270ba202eb6dc18d09d2f90a8a4') in 0.1642349 seconds [static and dynamic dependencies]. Details - ImportResultOutputID=d78cf27011a5173fe43985eef7d4303f DependenciesID=0cda5e4aa203000b88a44e04d7d80076 StaticDependenciesID=1700b543496c0e316b6cb4074b66cc65 
Number of updated asset objects reloaded before import = 0Number of asset objects unloaded after import = 4513

========================================================================
Received Import Request.
  Time since last request: 2.087401 seconds.
  path: Assets/Multistory Dungeons 2/DunGen Presets/Top-Down Tiles/TD_Tile_03.prefab
  importAddress: Guid(482215e192c54cfc967d6ab0be18e206) Importer(815301076,1909f56bfc062723c751e8b465ee728b)
Start importing Assets/Multistory Dungeons 2/DunGen Presets/Top-Down Tiles/TD_Tile_03.prefab using Guid(482215e192c54cfc967d6ab0be18e206) Importer(815301076,1909f56bfc062723c751e8b465ee728b) (PreviewImporter) -> (Import Result ID: 'b389cb67b1d0cb6b5c1719b2ab7aaf2d') in 0.1287053 seconds [static and dynamic dependencies]. Details - ImportResultOutputID=a9ba0a1f05553dc1429bf6de9aa4f6ad DependenciesID=624da93426a45a8d98be24405747fb84 StaticDependenciesID=49ba668dc473609ee81afb461c1e940a 
Number of updated asset objects reloaded before import = 0Number of asset objects unloaded after import = 784

========================================================================
Received Import Request.
  Time since last request: 0.000025 seconds.
  path: Assets/Multistory Dungeons 2/DunGen Presets/Top-Down Tiles/TD_Tile_24.prefab
  importAddress: Guid(820fae407f744074a0b945e2d70277f3) Importer(815301076,1909f56bfc062723c751e8b465ee728b)
Start importing Assets/Multistory Dungeons 2/DunGen Presets/Top-Down Tiles/TD_Tile_24.prefab using Guid(820fae407f744074a0b945e2d70277f3) Importer(815301076,1909f56bfc062723c751e8b465ee728b) (PreviewImporter) -> (Import Result ID: '442d672757fc2222123fdc76ea33e1ca') in 0.1017078 seconds [static and dynamic dependencies]. Details - ImportResultOutputID=14ffc35bb288ea81b2b18047014f7064 DependenciesID=c7298fb22f72f864cbcbec0a59a24436 StaticDependenciesID=7b552f6154ad0e78860c9c464445462c 
Number of updated asset objects reloaded before import = 0Number of asset objects unloaded after import = 997

========================================================================
Received Import Request.
  Time since last request: 0.000035 seconds.
  path: Assets/Multistory Dungeons 2/DunGen Presets/Top-Down Tiles/TD_Tile_13.prefab
  importAddress: Guid(be6e8acd541948279ccb7f89fbb358e0) Importer(815301076,1909f56bfc062723c751e8b465ee728b)
Start importing Assets/Multistory Dungeons 2/DunGen Presets/Top-Down Tiles/TD_Tile_13.prefab using Guid(be6e8acd541948279ccb7f89fbb358e0) Importer(815301076,1909f56bfc062723c751e8b465ee728b) (PreviewImporter) -> (Import Result ID: 'f2e1dfc055282d2b38a4455905a05a20') in 0.0611133 seconds [static and dynamic dependencies]. Details - ImportResultOutputID=ad1fb6993ac0343bd048520af687e042 DependenciesID=e9297537462cd4708c085330df1ac35d StaticDependenciesID=24723c6bbfa8571ccd789be73ab7b055 
Number of updated asset objects reloaded before import = 0Number of asset objects unloaded after import = 1033

========================================================================
Received Import Request.
  Time since last request: 0.000033 seconds.
  path: Assets/Multistory Dungeons 2/DunGen Presets/Top-Down Tiles/TD_Tile_Exit_02.prefab
  importAddress: Guid(d09b3e68f1ed42d39cacb999e6d6f0ba) Importer(815301076,1909f56bfc062723c751e8b465ee728b)
Start importing Assets/Multistory Dungeons 2/DunGen Presets/Top-Down Tiles/TD_Tile_Exit_02.prefab using Guid(d09b3e68f1ed42d39cacb999e6d6f0ba) Importer(815301076,1909f56bfc062723c751e8b465ee728b) (PreviewImporter) -> (Import Result ID: 'd7107257fc74a425e17250a11dac2c10') in 0.0661553 seconds [static and dynamic dependencies]. Details - ImportResultOutputID=23ca4a8185b366e8f42c9273b195a7fe DependenciesID=7d244c32dc83d9031ba11d05baf32699 StaticDependenciesID=a3f1c8605ab7a74226184666912f01a2 
Number of updated asset objects reloaded before import = 0Number of asset objects unloaded after import = 1415

========================================================================
Received Import Request.
  Time since last request: 0.000027 seconds.
  path: Assets/Multistory Dungeons 2/DunGen Presets/Top-Down Tiles/TD_Tile_10.prefab
  importAddress: Guid(ee0841bd23ad4270ad524942a3198c55) Importer(815301076,1909f56bfc062723c751e8b465ee728b)
Start importing Assets/Multistory Dungeons 2/DunGen Presets/Top-Down Tiles/TD_Tile_10.prefab using Guid(ee0841bd23ad4270ad524942a3198c55) Importer(815301076,1909f56bfc062723c751e8b465ee728b) (PreviewImporter) -> (Import Result ID: 'cd259b8811870552a56df3e86cae9564') in 0.0714122 seconds [static and dynamic dependencies]. Details - ImportResultOutputID=b5180985a0bf8e107fd7887140cd6133 DependenciesID=8913e2da87ec1b9c447d7782596e887b StaticDependenciesID=a83d4b1a21ebb1b7fd22a95c9e6e9033 
Number of updated asset objects reloaded before import = 0Number of asset objects unloaded after import = 1238

========================================================================
Received Import Request.
  Time since last request: 0.000029 seconds.
  path: Assets/Multistory Dungeons 2/DunGen Presets/Top-Down Tiles/TD_Tile_13_A.prefab
  importAddress: Guid(12f51bf194e44f3cb4cd31628da70f7a) Importer(815301076,1909f56bfc062723c751e8b465ee728b)
Start importing Assets/Multistory Dungeons 2/DunGen Presets/Top-Down Tiles/TD_Tile_13_A.prefab using Guid(12f51bf194e44f3cb4cd31628da70f7a) Importer(815301076,1909f56bfc062723c751e8b465ee728b) (PreviewImporter) -> (Import Result ID: '275e88118819a05a1f753c8f9790e3c3') in 0.0635967 seconds [static and dynamic dependencies]. Details - ImportResultOutputID=d84ecf6312f4e0a25366a2797df9444d DependenciesID=3659ab632e55ea368458a9688f237231 StaticDependenciesID=49dd47b8585bded48ded083903c22e91 
Number of updated asset objects reloaded before import = 0Number of asset objects unloaded after import = 1033

========================================================================
Received Import Request.
  Time since last request: 0.000060 seconds.
  path: Assets/Multistory Dungeons 2/DunGen Presets/Top-Down Tiles/TD_Tile_Exit_05.prefab
  importAddress: Guid(2b8dca93eec94c39bcd5bc149ba95e6d) Importer(815301076,1909f56bfc062723c751e8b465ee728b)
Start importing Assets/Multistory Dungeons 2/DunGen Presets/Top-Down Tiles/TD_Tile_Exit_05.prefab using Guid(2b8dca93eec94c39bcd5bc149ba95e6d) Importer(815301076,1909f56bfc062723c751e8b465ee728b) (PreviewImporter) -> (Import Result ID: '60439320e31ad2042ad93d719884bc77') in 0.1340622 seconds [static and dynamic dependencies]. Details - ImportResultOutputID=cc9e6b92e7a537856bd8a3061a6535b0 DependenciesID=a3c5ce115b0819bdf9251348352900fe StaticDependenciesID=826dd7b6940acaed09f9c0c00d34e5f9 
Number of updated asset objects reloaded before import = 0Number of asset objects unloaded after import = 2105

========================================================================
Received Import Request.
  Time since last request: 0.000022 seconds.
  path: Assets/Multistory Dungeons 2/DunGen Presets/Top-Down Tiles/TD_Tile_30.prefab
  importAddress: Guid(a65529bc775f466694c9bff8c60caaae) Importer(815301076,1909f56bfc062723c751e8b465ee728b)
Start importing Assets/Multistory Dungeons 2/DunGen Presets/Top-Down Tiles/TD_Tile_30.prefab using Guid(a65529bc775f466694c9bff8c60caaae) Importer(815301076,1909f56bfc062723c751e8b465ee728b) (PreviewImporter) -> (Import Result ID: '7e2bb4fec58c5e299337bf38b615ac01') in 0.067606 seconds [static and dynamic dependencies]. Details - ImportResultOutputID=3cc22ba1b99fb0acc51837f55e7eaac6 DependenciesID=c16d6d8bcbac11074beec9ca1cfb72a6 StaticDependenciesID=3e0d20eb24e8a42a2f6e2b22ddc03534 
Number of updated asset objects reloaded before import = 0Number of asset objects unloaded after import = 1301

========================================================================
Received Import Request.
  Time since last request: 0.000023 seconds.
  path: Assets/Multistory Dungeons 2/DunGen Presets/Top-Down Tiles/TD_Tile_29.prefab
  importAddress: Guid(f1298cc1525642c193fcd85158584f6e) Importer(815301076,1909f56bfc062723c751e8b465ee728b)
Start importing Assets/Multistory Dungeons 2/DunGen Presets/Top-Down Tiles/TD_Tile_29.prefab using Guid(f1298cc1525642c193fcd85158584f6e) Importer(815301076,1909f56bfc062723c751e8b465ee728b) (PreviewImporter) -> (Import Result ID: 'ab399c55871be41471628ae8147a01a7') in 0.0727825 seconds [static and dynamic dependencies]. Details - ImportResultOutputID=bd5e83dc4ab310c9b865f8916e74afc3 DependenciesID=056d9ae52857fec7ba7d3247b22d3036 StaticDependenciesID=e66bc6289438090ace93121493ef04c1 
Number of updated asset objects reloaded before import = 0Number of asset objects unloaded after import = 1043

========================================================================
Received Import Request.
  Time since last request: 0.000038 seconds.
  path: Assets/Multistory Dungeons 2/DunGen Presets/Top-Down Tiles/TD_Tile_14_A.prefab
  importAddress: Guid(d7a6c62a410640bea4b3897ef72cfc50) Importer(815301076,1909f56bfc062723c751e8b465ee728b)
Start importing Assets/Multistory Dungeons 2/DunGen Presets/Top-Down Tiles/TD_Tile_14_A.prefab using Guid(d7a6c62a410640bea4b3897ef72cfc50) Importer(815301076,1909f56bfc062723c751e8b465ee728b) (PreviewImporter) -> (Import Result ID: '7700adb5ce9d25c5ce17c82922e3d568') in 0.0521208 seconds [static and dynamic dependencies]. Details - ImportResultOutputID=7c88a215957e073ed4bda1e35d79b6c4 DependenciesID=8565c16251a6443c5b0fddb206001876 StaticDependenciesID=4e7d19a8c75bedea2ef1ae378992a31f 
Number of updated asset objects reloaded before import = 0Number of asset objects unloaded after import = 1427

