[Licensing::Module] Trying to connect to existing licensing client channel...
Built from '6000.4/staging' branch; Version is '6000.4.5f1 (cc83ebd631f8) revision 13403115'; Using compiler version '194234433'; Build Type 'Release'
OS: 'Windows 11  (10.0.26200) Core' Language: 'ru' Physical Memory: 31962 MB
BatchMode: 1, IsHumanControllingUs: 0, StartBugReporterOnCrash: 0, Is64bit: 1
[Licensing::IpcConnector] Successfully connected to: "LicenseClient-bl00d" at "2026-05-08T10:07:56.6591841Z"
System  architecture: x64
Process architecture: x64
Date: 2026-05-08T10:07:56Z

COMMAND LINE ARGUMENTS:
C:\Program Files\Unity\Hub\Editor\6000.4.5f1\Editor\Unity.exe
-adb2
-batchMode
-noUpm
-name
AssetImportWorker14
-projectPath
D:/WorkDiplom/UnityFiles/ProjectSword
-logFile
Logs/AssetImportWorker14.log
-srvPort
61865
-licensingIpc
LicenseClient-bl00d
-force-d3d12
-job-worker-count
11
-background-job-worker-count
8
-gc-helper-count
1
-name
AssetImport
Successfully changed project path to: D:/WorkDiplom/UnityFiles/ProjectSword
D:/WorkDiplom/UnityFiles/ProjectSword
[UnityMemory] Configuration Parameters - Can be set up in boot.config
    "memorysetup-temp-allocator-size-gi-baking-worker=262144"
    "memorysetup-temp-allocator-size-gi-baking-worker=262144"
    "memorysetup-temp-allocator-size-gi-baking-worker=262144"
    "memorysetup-temp-allocator-size-gi-baking-worker=262144"
    "memorysetup-temp-allocator-size-gi-baking-worker=262144"
    "memorysetup-temp-allocator-size-nav-mesh-worker=65536"
    "memorysetup-temp-allocator-size-audio-worker=65536"
    "memorysetup-temp-allocator-size-cloud-worker=32768"
    "memorysetup-temp-allocator-size-gfx=262144"
    "memorysetup-temp-allocator-size-preload-manager=33554432"
    "memorysetup-temp-allocator-size-job-worker=262144"
    "memorysetup-temp-allocator-size-background-worker=32768"
    "memorysetup-allocator-temp-initial-block-size-main=262144"
    "memorysetup-allocator-temp-initial-block-size-worker=262144"
    "memorysetup-bucket-allocator-granularity=16"
    "memorysetup-bucket-allocator-bucket-count=8"
    "memorysetup-bucket-allocator-block-size=33554432"
    "memorysetup-bucket-allocator-block-count=8"
    "memorysetup-main-allocator-block-size=16777216"
    "memorysetup-thread-allocator-block-size=16777216"
    "memorysetup-gfx-main-allocator-block-size=16777216"
    "memorysetup-gfx-thread-allocator-block-size=16777216"
    "memorysetup-cache-allocator-block-size=4194304"
    "memorysetup-typetree-allocator-block-size=2097152"
    "memorysetup-profiler-bucket-allocator-granularity=16"
    "memorysetup-profiler-bucket-allocator-bucket-count=8"
    "memorysetup-profiler-bucket-allocator-block-size=33554432"
    "memorysetup-profiler-bucket-allocator-block-count=8"
    "memorysetup-profiler-allocator-block-size=16777216"
    "memorysetup-profiler-editor-allocator-block-size=1048576"
    "memorysetup-temp-allocator-size-main=16777216"
    "memorysetup-job-temp-allocator-block-size=2097152"
    "memorysetup-job-temp-allocator-block-size-background=1048576"
    "memorysetup-job-temp-allocator-reduction-small-platforms=262144"
Player connection [16408]  Target information:

Player connection [16408]  * "[IP] 192.168.0.100 [Port] 0 [Flags] 2 [Guid] 986417104 [EditorId] 986417104 [Version] 1048832 [Id] WindowsEditor(7,DESKTOP-E609V0F) [Debug] 1 [PackageName] WindowsEditor [ProjectName] Editor" 

Player connection [16408]  * "[IP] 172.18.0.1 [Port] 0 [Flags] 2 [Guid] 986417104 [EditorId] 986417104 [Version] 1048832 [Id] WindowsEditor(7,DESKTOP-E609V0F) [Debug] 1 [PackageName] WindowsEditor [ProjectName] Editor" 

Player connection [16408] Host joined multi-casting on [225.0.0.222:54997]...
Player connection [16408] Host joined alternative multi-casting on [225.0.0.222:34997]...
JobSystem: Creating JobQueue using job-worker-count value 11
Input System module state changed to: Initialized.
[Physics::Module] Initialized fallback backend.
[Physics::Module] Id: 0xdecafbad
Library Redirect Path: Library/
[Physics::Module] Selected backend.
[Physics::Module] Name: PhysX
[Physics::Module] Id: 0xf2b8ea05
[Physics::Module] SDK Version: 4.1.2
[Physics::Module] Integration Version: 1.0.0
[Physics::Module] Threading Mode: Multi-Threaded
Initialize engine version: 6000.4.5f1 (cc83ebd631f8)
[Subsystems] Discovering subsystems at path C:/Program Files/Unity/Hub/Editor/6000.4.5f1/Editor/Data/Resources/UnitySubsystems
[Subsystems] Discovering subsystems at path D:/WorkDiplom/UnityFiles/ProjectSword/Assets
Forcing GfxDevice: Direct3D 12
GfxDevice: creating device client; kGfxThreadingModeNonThreaded
d3d12: failed to query info queue interface (0x80004002).
Direct3D:
    Version:         Direct3D 12 [level 12.2]
    Renderer:        NVIDIA GeForce RTX 4050 Laptop GPU (ID=0x28e1)
    Vendor:          NVIDIA
    VRAM:            5920 MB
    App VRAM Budget: 5152 MB
    Driver:          32.0.15.9621
Initialize mono
Mono path[0] = 'C:/Program Files/Unity/Hub/Editor/6000.4.5f1/Editor/Data/Managed'
Mono path[1] = 'C:/Program Files/Unity/Hub/Editor/6000.4.5f1/Editor/Data/MonoBleedingEdge/lib/mono/unityjit-win32'
Mono config path = 'C:/Program Files/Unity/Hub/Editor/6000.4.5f1/Editor/Data/MonoBleedingEdge/etc'
Using monoOptions --debugger-agent=transport=dt_socket,embedding=1,server=y,suspend=n,address=127.0.0.1:56128
CodeReloadManager initialized
Begin MonoManager ReloadAssembly
Registering precompiled unity dll's ...
Register platform support module: C:/Program Files/Unity/Hub/Editor/6000.4.5f1/Editor/Data/PlaybackEngines/WebGLSupport/UnityEditor.WebGL.Extensions.dll
Register platform support module: C:/Program Files/Unity/Hub/Editor/6000.4.5f1/Editor/Data/PlaybackEngines/WindowsStandaloneSupport/UnityEditor.WindowsStandalone.Extensions.dll
[Licensing::Module] Licensing is not yet initialized.
[Licensing::Client] Error: HandshakeResponse reported an error:
	ResponseCode: 505
	ResponseStatus: Unsupported protocol version '1.18.1'.
[Licensing::Module] Error: Failed to handshake to channel: "LicenseClient-bl00d"
[Licensing::IpcConnector] LicenseClient-bl00d channel disconnected successfully.
[Licensing::IpcConnector] Successfully connected to: "LicenseClient-bl00d-6000.4.5" at "2026-05-08T10:07:58.0803039Z"
[Licensing::Client] Code 10 while verifying Licensing Client signature (process Id: 31856, path: "C:/Program Files/Unity/Hub/Editor/6000.4.5f1/Editor/Data/Resources/Licensing/Client/Unity.Licensing.Client.exe")
[Licensing::Module] LicensingClient has failed validation; ignoring
[Licensing::Client] Handshaking with LicensingClient:
  Version:                 1.18.1+9fbee8e
  Session Id:              eed830a6f4bd4508b75abdf8aa42c468
  Correlation Id:          9486e6a260014559c91c592abfd0e962
  External correlation Id: 165912183796097148
  Machine Id:              zh3ngiu4ORagWkgmpHH7MkqLOjk=
[Licensing::Module] Successfully connected to LicensingClient on channel: "LicenseClient-bl00d-6000.4.5" (connect: 0.00s, validation: 0.00s, handshake: 0.01s)
[Licensing::IpcConnector] Successfully connected to: "LicenseClient-bl00d-6000.4.5-notifications" at "2026-05-08T10:07:58.086863Z"
[Licensing::Module] Licensing Background thread has ended after 1.43s
[Licensing::Module] Licensing is initialized (took 0.50s).
[Licensing::Client] Successfully resolved entitlement details
[Licensing::Module] License group:
  Id: 10171410767635-UnityPersXXXX
  Product: Unity Personal
  Type: Assigned
  Expiration: Unlimited
Register platform support module: C:/Program Files/Unity/Hub/Editor/6000.4.5f1/Editor/Data/PlaybackEngines/MetroSupport/UnityEditor.UWP.Extensions.dll
Registered in 0.498072 seconds.
Native extension for UWP target not found
Native extension for WindowsStandalone target not found
Native extension for WebGL target not found
Package Manager log level set to [2]
[Package Manager] Failed to launch server process. Reason: Unity was launched with the -noUpm command-line argument
[Package Manager] Unable to send message (not connected to server process).
[Package Manager] Cannot connect to Unity Package Manager local server
ScheduleIndexationOnStartup MainProcess:False IndexOnStartup:True
Mono: successfully reloaded assembly
- Finished resetting the current domain, in  0.266 seconds
Domain Reload Profiling: 1049ms
	BeginReloadAssembly (83ms)
	RebuildCommonClasses (26ms)
	RebuildNativeTypeToScriptingClass (10ms)
	initialDomainReloadingComplete (535ms)
	LoadAllAssembliesAndSetupDomain (128ms)
		LoadAssemblies (79ms)
		AnalyzeDomain (122ms)
			TypeCache.Refresh (121ms)
				TypeCache.ScanAssembly (112ms)
	FinalizeReload (267ms)
		SetupLoadedEditorAssemblies (0ms)
			InitializePlatformSupportModulesInManaged (55ms)
			BeforeProcessingInitializeOnLoad (54ms)
			ProcessInitializeOnLoadAttributes (71ms)
			ProcessInitializeOnLoadMethodAttributes (38ms)
========================================================================
Worker process is ready to serve import requests
Import Worker Mode flag is 0x00
Begin MonoManager ReloadAssembly
[Licensing::Client] Successfully resolved entitlement details
Assembly Assembly-CSharp-Editor-firstpass.dll at Library/ScriptAssemblies/Assembly-CSharp-Editor-firstpass.dll not valid. Loading of assembly skipped.
Assembly Assembly-CSharp-firstpass.dll at Library/ScriptAssemblies/Assembly-CSharp-firstpass.dll not valid. Loading of assembly skipped.
Assembly DocCodeExamples.dll at Library/ScriptAssemblies/DocCodeExamples.dll not valid. Loading of assembly skipped.
Assembly TestNewCustomAssembly.dll at Library/ScriptAssemblies/TestNewCustomAssembly.dll not valid. Loading of assembly skipped.
Assembly Unity.Collections.BurstCompatibilityGen.dll at Library/ScriptAssemblies/Unity.Collections.BurstCompatibilityGen.dll not valid. Loading of assembly skipped.
Assembly Unity.Collections.DocCodeSamples.dll at Library/ScriptAssemblies/Unity.Collections.DocCodeSamples.dll not valid. Loading of assembly skipped.
Assembly Unity.Collections.PerformanceTests.dll at Library/ScriptAssemblies/Unity.Collections.PerformanceTests.dll not valid. Loading of assembly skipped.
Assembly Unity.Collections.Tests.dll at Library/ScriptAssemblies/Unity.Collections.Tests.dll not valid. Loading of assembly skipped.
Assembly Unity.Collections.Tests.Playmode.dll at Library/ScriptAssemblies/Unity.Collections.Tests.Playmode.dll not valid. Loading of assembly skipped.
Assembly Unity.InputSystem.IntegrationTests.dll at Library/ScriptAssemblies/Unity.InputSystem.IntegrationTests.dll not valid. Loading of assembly skipped.
Assembly Unity.Mathematics.Tests.dll at Library/ScriptAssemblies/Unity.Mathematics.Tests.dll not valid. Loading of assembly skipped.
Assembly Unity.Multiplayer.Center.Editor.Tests.dll at Library/ScriptAssemblies/Unity.Multiplayer.Center.Editor.Tests.dll not valid. Loading of assembly skipped.
Assembly Unity.Multiplayer.Center.Tests.dll at Library/ScriptAssemblies/Unity.Multiplayer.Center.Tests.dll not valid. Loading of assembly skipped.
Assembly Unity.Nuget.Mono-Cecil.dll at Library/ScriptAssemblies/Unity.Nuget.Mono-Cecil.dll not valid. Loading of assembly skipped.
Assembly Unity.PathTracing.Editor.Tests.dll at Library/ScriptAssemblies/Unity.PathTracing.Editor.Tests.dll not valid. Loading of assembly skipped.
Assembly Unity.PathTracing.Runtime.Tests.dll at Library/ScriptAssemblies/Unity.PathTracing.Runtime.Tests.dll not valid. Loading of assembly skipped.
Assembly Unity.RenderPipelines.Core.Editor.Tests.dll at Library/ScriptAssemblies/Unity.RenderPipelines.Core.Editor.Tests.dll not valid. Loading of assembly skipped.
Assembly Unity.RenderPipelines.Core.Runtime.Tests.dll at Library/ScriptAssemblies/Unity.RenderPipelines.Core.Runtime.Tests.dll not valid. Loading of assembly skipped.
Assembly Unity.RenderPipelines.Universal.Config.Editor.Tests.dll at Library/ScriptAssemblies/Unity.RenderPipelines.Universal.Config.Editor.Tests.dll not valid. Loading of assembly skipped.
Assembly Unity.RenderPipelines.Universal.Editor.Tests.dll at Library/ScriptAssemblies/Unity.RenderPipelines.Universal.Editor.Tests.dll not valid. Loading of assembly skipped.
Assembly Unity.RenderPipelines.Universal.Runtime.Tests.dll at Library/ScriptAssemblies/Unity.RenderPipelines.Universal.Runtime.Tests.dll not valid. Loading of assembly skipped.
Assembly Unity.Searcher.EditorTests.dll at Library/ScriptAssemblies/Unity.Searcher.EditorTests.dll not valid. Loading of assembly skipped.
Assembly Unity.ShaderGraph.Editor.Tests.dll at Library/ScriptAssemblies/Unity.ShaderGraph.Editor.Tests.dll not valid. Loading of assembly skipped.
Assembly Unity.TextMeshPro.Editor.Tests.dll at Library/ScriptAssemblies/Unity.TextMeshPro.Editor.Tests.dll not valid. Loading of assembly skipped.
Assembly Unity.TextMeshPro.Tests.dll at Library/ScriptAssemblies/Unity.TextMeshPro.Tests.dll not valid. Loading of assembly skipped.
Assembly Unity.UnifiedRayTracing.Editor.Tests.dll at Library/ScriptAssemblies/Unity.UnifiedRayTracing.Editor.Tests.dll not valid. Loading of assembly skipped.
Assembly UnityEditor.UI.Common.Tests.dll at Library/ScriptAssemblies/UnityEditor.UI.Common.Tests.dll not valid. Loading of assembly skipped.
Assembly UnityEditor.UI.EditorTests.dll at Library/ScriptAssemblies/UnityEditor.UI.EditorTests.dll not valid. Loading of assembly skipped.
Assembly UnityEngine.UI.Tests.dll at Library/ScriptAssemblies/UnityEngine.UI.Tests.dll not valid. Loading of assembly skipped.
Native extension for UWP target not found
Native extension for WindowsStandalone target not found
Native extension for WebGL target not found
[Package Manager] Failed to launch server process. Reason: Unity was launched with the -noUpm command-line argument
[Package Manager] Unable to send message (not connected to server process).
[Package Manager] Cannot connect to Unity Package Manager local server
[Package Manager] Failed to launch server process. Reason: Unity was launched with the -noUpm command-line argument
[Package Manager] Unable to send message (not connected to server process).
[Package Manager] Cannot connect to Unity Package Manager local server
ScheduleIndexationOnStartup MainProcess:False IndexOnStartup:True
Mono: successfully reloaded assembly
- Finished resetting the current domain, in  0.507 seconds
Domain Reload Profiling: 1017ms
	BeginReloadAssembly (120ms)
		DisableScriptedObjects (4ms)
		CreateAndSetChildDomain (25ms)
	RebuildCommonClasses (25ms)
	RebuildNativeTypeToScriptingClass (10ms)
	initialDomainReloadingComplete (38ms)
	LoadAllAssembliesAndSetupDomain (316ms)
		LoadAssemblies (209ms)
		AnalyzeDomain (166ms)
			TypeCache.Refresh (116ms)
				TypeCache.ScanAssembly (105ms)
			BuildScriptInfoCaches (42ms)
			ResolveRequiredComponents (7ms)
	FinalizeReload (507ms)
		SetupLoadedEditorAssemblies (0ms)
			InitializePlatformSupportModulesInManaged (9ms)
			BeforeProcessingInitializeOnLoad (95ms)
			ProcessInitializeOnLoadAttributes (207ms)
			ProcessInitializeOnLoadMethodAttributes (53ms)
			AfterProcessingInitializeOnLoad (4ms)
		AwakeInstancesAfterBackupRestoration (4ms)
Launched and connected shader compiler UnityShaderCompiler.exe after 0.01 seconds
Unloading 24 Unused Serialized files (Serialized files now loaded: 0)
Unloading 6545 unused Assets / (5.6 MB). Loaded Objects now: 7377.
Memory consumption went from 156.8 MB to 151.2 MB.
Total: 7.911800 ms (FindLiveObjects: 0.871900 ms CreateObjectMapping: 0.719700 ms MarkObjects: 4.024700 ms  DeleteObjects: 2.293700 ms)

========================================================================
Received Import Request.
  Time since last request: 1384.509535 seconds.
  path: Assets/Multistory Dungeons 2/Prefabs/Railing And Decor/Damaged_Railing_10.prefab
  importAddress: Guid(8573193dc77d41909a455d719b947263) Importer(815301076,1909f56bfc062723c751e8b465ee728b)
Start importing Assets/Multistory Dungeons 2/Prefabs/Railing And Decor/Damaged_Railing_10.prefab using Guid(8573193dc77d41909a455d719b947263) Importer(815301076,1909f56bfc062723c751e8b465ee728b) (PreviewImporter) -> (Import Result ID: '0d966ca33b1a6812bcd2ac90a3ec8695') in 0.4776801 seconds [static and dynamic dependencies]. Details - ImportResultOutputID=e84328bf2ec66cb91998ca28ee2b6645 DependenciesID=4330066eed4dd86073df730986783420 StaticDependenciesID=b8f72701db42b41076917fed49b4011a 
Number of updated asset objects reloaded before import = 0Number of asset objects unloaded after import = 12

========================================================================
Received Import Request.
  Time since last request: 0.000028 seconds.
  path: Assets/Multistory Dungeons 2/Prefabs/Railing And Decor/Wall_Bottom_Decor_Rounded_01.prefab
  importAddress: Guid(338173cb6f4e4dedabb6d5c64e786b6a) Importer(815301076,1909f56bfc062723c751e8b465ee728b)
Start importing Assets/Multistory Dungeons 2/Prefabs/Railing And Decor/Wall_Bottom_Decor_Rounded_01.prefab using Guid(338173cb6f4e4dedabb6d5c64e786b6a) Importer(815301076,1909f56bfc062723c751e8b465ee728b) (PreviewImporter) -> (Import Result ID: '8dfccb76d54b13f0bf17c591403c9c19') in 0.0367333 seconds [static and dynamic dependencies]. Details - ImportResultOutputID=ad2331b4756d78045680ec032a30fbaf DependenciesID=9f380489ae4f5f9e2ea45c26c06a5397 StaticDependenciesID=bd72626f8b3397fb234fe01a841139e5 
Number of updated asset objects reloaded before import = 0Number of asset objects unloaded after import = 17

========================================================================
Received Import Request.
  Time since last request: 0.000033 seconds.
  path: Assets/Multistory Dungeons 2/Prefabs/Railing And Decor/Railing_Rounded_Flat_02.prefab
  importAddress: Guid(a4e54765f2e94bb6bbc8fd3495300431) Importer(815301076,1909f56bfc062723c751e8b465ee728b)
Start importing Assets/Multistory Dungeons 2/Prefabs/Railing And Decor/Railing_Rounded_Flat_02.prefab using Guid(a4e54765f2e94bb6bbc8fd3495300431) Importer(815301076,1909f56bfc062723c751e8b465ee728b) (PreviewImporter) -> (Import Result ID: '00924229e8d9e7076be91e2fa693df89') in 0.0384602 seconds [static and dynamic dependencies]. Details - ImportResultOutputID=45fe6e2133e78bd1f7013869c57ae890 DependenciesID=d233f9da733fd96e87df0777f4a9ac5c StaticDependenciesID=11933414ca1028a2d94813d8c6781aa2 
Number of updated asset objects reloaded before import = 0Number of asset objects unloaded after import = 23

========================================================================
Received Import Request.
  Time since last request: 2.808643 seconds.
  path: Assets/Multistory Dungeons 2/Prefabs/Stairs/Platform_06.prefab
  importAddress: Guid(1869494060bf413d8d184f68048e04e9) Importer(815301076,1909f56bfc062723c751e8b465ee728b)
Start importing Assets/Multistory Dungeons 2/Prefabs/Stairs/Platform_06.prefab using Guid(1869494060bf413d8d184f68048e04e9) Importer(815301076,1909f56bfc062723c751e8b465ee728b) (PreviewImporter) -> (Import Result ID: '6dada6577b81a870a86fb1f4e3a6625c') in 0.1030217 seconds [static and dynamic dependencies]. Details - ImportResultOutputID=5f8a17f30f7e6baf8d21e418788a2a08 DependenciesID=25246ecf5df7b6b0d582e8041f0ff151 StaticDependenciesID=f9852c74347ce499e3de37704ad775de 
Number of updated asset objects reloaded before import = 0Number of asset objects unloaded after import = 13

========================================================================
Received Import Request.
  Time since last request: 0.000025 seconds.
  path: Assets/Multistory Dungeons 2/Prefabs/Stairs/Platform_10.prefab
  importAddress: Guid(748b65244cac48e0a5f94a8ff91bb763) Importer(815301076,1909f56bfc062723c751e8b465ee728b)
Start importing Assets/Multistory Dungeons 2/Prefabs/Stairs/Platform_10.prefab using Guid(748b65244cac48e0a5f94a8ff91bb763) Importer(815301076,1909f56bfc062723c751e8b465ee728b) (PreviewImporter) -> (Import Result ID: 'b742c956c1f00b331ea1501285287134') in 0.0732164 seconds [static and dynamic dependencies]. Details - ImportResultOutputID=17af8c19483eb947bc14fd1f7eae961a DependenciesID=5fb57cb4422adf558ec4ecb714240c5b StaticDependenciesID=ae002f3bc44da2988780e3708a6f59a4 
Number of updated asset objects reloaded before import = 0Number of asset objects unloaded after import = 15

========================================================================
Received Import Request.
  Time since last request: 0.000022 seconds.
  path: Assets/Multistory Dungeons 2/Prefabs/Stairs/Platform_07.prefab
  importAddress: Guid(45ed15e7dd504022b6b490eb253b809c) Importer(815301076,1909f56bfc062723c751e8b465ee728b)
Start importing Assets/Multistory Dungeons 2/Prefabs/Stairs/Platform_07.prefab using Guid(45ed15e7dd504022b6b490eb253b809c) Importer(815301076,1909f56bfc062723c751e8b465ee728b) (PreviewImporter) -> (Import Result ID: 'ace0686f2bdbdaf36976e890e7366854') in 0.0436549 seconds [static and dynamic dependencies]. Details - ImportResultOutputID=5636b3b9a4f8f14388df22cdeae91f8b DependenciesID=067fca19feb91c45e134c3245d099c87 StaticDependenciesID=480fbf489cb0f73ca82180187af935ec 
Number of updated asset objects reloaded before import = 0Number of asset objects unloaded after import = 13

========================================================================
Received Import Request.
  Time since last request: 0.000029 seconds.
  path: Assets/Multistory Dungeons 2/Prefabs/Stairs/Platform_Base_01.prefab
  importAddress: Guid(467e6f037e1844be8d0defdaca16dfde) Importer(815301076,1909f56bfc062723c751e8b465ee728b)
Start importing Assets/Multistory Dungeons 2/Prefabs/Stairs/Platform_Base_01.prefab using Guid(467e6f037e1844be8d0defdaca16dfde) Importer(815301076,1909f56bfc062723c751e8b465ee728b) (PreviewImporter) -> (Import Result ID: '02dde2bed8b99ca3926dc1b8727bfceb') in 0.0387903 seconds [static and dynamic dependencies]. Details - ImportResultOutputID=56e0bd63506cb19abaf97c97542340e6 DependenciesID=a95d7396a5bea755fead008fc9125eb0 StaticDependenciesID=d78f382e7c6690126ad807d74637060e 
Number of updated asset objects reloaded before import = 0Number of asset objects unloaded after import = 12

========================================================================
Received Import Request.
  Time since last request: 7.108301 seconds.
  path: Assets/Multistory Dungeons 2/Prefabs/TD TILES/TD_Tile_06.prefab
  importAddress: Guid(4d066877cd364a938dc861f7bd6ad367) Importer(815301076,1909f56bfc062723c751e8b465ee728b)
Start importing Assets/Multistory Dungeons 2/Prefabs/TD TILES/TD_Tile_06.prefab using Guid(4d066877cd364a938dc861f7bd6ad367) Importer(815301076,1909f56bfc062723c751e8b465ee728b) (PreviewImporter) -> (Import Result ID: 'bd3952d2da6bfeb7ccb7b5c62cf31549') in 0.1686707 seconds [static and dynamic dependencies]. Details - ImportResultOutputID=2afd9e8692fffd1fae2049fe603ab92f DependenciesID=464000dd1fa5eebfdbfc2980e6b49500 StaticDependenciesID=770edb1900b40737cfe76eea8ed93136 
Number of updated asset objects reloaded before import = 0Number of asset objects unloaded after import = 764

========================================================================
Received Import Request.
  Time since last request: 0.000031 seconds.
  path: Assets/Multistory Dungeons 2/Prefabs/TD TILES/TD_Tile_22.prefab
  importAddress: Guid(8a7cc8a12b264f2996d95e14f65d8c5c) Importer(815301076,1909f56bfc062723c751e8b465ee728b)
Start importing Assets/Multistory Dungeons 2/Prefabs/TD TILES/TD_Tile_22.prefab using Guid(8a7cc8a12b264f2996d95e14f65d8c5c) Importer(815301076,1909f56bfc062723c751e8b465ee728b) (PreviewImporter) -> (Import Result ID: 'e43aff553f7c3bd3d945b15bff80014e') in 0.0753462 seconds [static and dynamic dependencies]. Details - ImportResultOutputID=02b4a21e3cf3e24f436df11c07973180 DependenciesID=ab764b91021708b6c729a5f809a4301e StaticDependenciesID=092ae84ce2814756472224030121d044 
Number of updated asset objects reloaded before import = 0Number of asset objects unloaded after import = 1329

========================================================================
Received Import Request.
  Time since last request: 0.000034 seconds.
  path: Assets/Multistory Dungeons 2/Prefabs/TD TILES/TD_Tile_14.prefab
  importAddress: Guid(944d0457564d4500900c892d52e18b21) Importer(815301076,1909f56bfc062723c751e8b465ee728b)
Start importing Assets/Multistory Dungeons 2/Prefabs/TD TILES/TD_Tile_14.prefab using Guid(944d0457564d4500900c892d52e18b21) Importer(815301076,1909f56bfc062723c751e8b465ee728b) (PreviewImporter) -> (Import Result ID: '1cf93363cd02ba48b0ee20bce5175b26') in 0.0868497 seconds [static and dynamic dependencies]. Details - ImportResultOutputID=4f7a52ad9696f628cc51262990f05678 DependenciesID=d08a1059550e2b8c4e429fe51507927b StaticDependenciesID=2484b732325e6c6f4b3da2784b7512d4 
Number of updated asset objects reloaded before import = 0Number of asset objects unloaded after import = 1420

========================================================================
Received Import Request.
  Time since last request: 0.000028 seconds.
  path: Assets/Multistory Dungeons 2/Prefabs/TD TILES/TD_Tile_09.prefab
  importAddress: Guid(95d54845fb624d2392d72cf287d9e9ab) Importer(815301076,1909f56bfc062723c751e8b465ee728b)
Start importing Assets/Multistory Dungeons 2/Prefabs/TD TILES/TD_Tile_09.prefab using Guid(95d54845fb624d2392d72cf287d9e9ab) Importer(815301076,1909f56bfc062723c751e8b465ee728b) (PreviewImporter) -> (Import Result ID: '3ab31df68c220a8eafac0581a673a192') in 0.1006344 seconds [static and dynamic dependencies]. Details - ImportResultOutputID=391dddf124399ebc4bf8a6485d1c747a DependenciesID=37bdce70233bab4ac8083a8d895b8e87 StaticDependenciesID=09293a174a873909d289908c36068813 
Number of updated asset objects reloaded before import = 0Number of asset objects unloaded after import = 1174

========================================================================
Received Import Request.
  Time since last request: 0.000027 seconds.
  path: Assets/Multistory Dungeons 2/Prefabs/TD TILES/TD_Tile_07.prefab
  importAddress: Guid(17c807dc99e14659aeca4620e9cb5670) Importer(815301076,1909f56bfc062723c751e8b465ee728b)
Start importing Assets/Multistory Dungeons 2/Prefabs/TD TILES/TD_Tile_07.prefab using Guid(17c807dc99e14659aeca4620e9cb5670) Importer(815301076,1909f56bfc062723c751e8b465ee728b) (PreviewImporter) -> (Import Result ID: 'ba988dde7530c1d3c559515c6616d5d7') in 0.0747979 seconds [static and dynamic dependencies]. Details - ImportResultOutputID=c50bbf3b8ac7794c0dcce6ec5f62fc2c DependenciesID=c9f995f9926b164425c738b537e78c2a StaticDependenciesID=d955f34ce3a1cbf31c4447230c259106 
Number of updated asset objects reloaded before import = 0Number of asset objects unloaded after import = 1059

========================================================================
Received Import Request.
  Time since last request: 0.000031 seconds.
  path: Assets/Multistory Dungeons 2/Prefabs/TD TILES/TD_Tile_11.prefab
  importAddress: Guid(8aba5b271487472e8ba8851d5fee0551) Importer(815301076,1909f56bfc062723c751e8b465ee728b)
Start importing Assets/Multistory Dungeons 2/Prefabs/TD TILES/TD_Tile_11.prefab using Guid(8aba5b271487472e8ba8851d5fee0551) Importer(815301076,1909f56bfc062723c751e8b465ee728b) (PreviewImporter) -> (Import Result ID: 'b3729d6ea62df5f4d341e5f7ac35382e') in 0.0779326 seconds [static and dynamic dependencies]. Details - ImportResultOutputID=39596bffa4250cd9012ce6c8f6dfdb96 DependenciesID=e2792ba66c04cd6035b05886c422f4e4 StaticDependenciesID=66494cbe7ce5e7ebd0c8d85015864006 
Number of updated asset objects reloaded before import = 0Number of asset objects unloaded after import = 1132

========================================================================
Received Import Request.
  Time since last request: 23.020090 seconds.
  path: Assets/Multistory Dungeons 2/Prefabs/VFX/Player.prefab
  importAddress: Guid(8b9378c8f13845b69b0d53f083216e45) Importer(815301076,1909f56bfc062723c751e8b465ee728b)
Start importing Assets/Multistory Dungeons 2/Prefabs/VFX/Player.prefab using Guid(8b9378c8f13845b69b0d53f083216e45) Importer(815301076,1909f56bfc062723c751e8b465ee728b) (PreviewImporter) -> (Import Result ID: 'dd234d38cb7708084c39398a48353567') in 0.1119124 seconds [static and dynamic dependencies]. Details - ImportResultOutputID=982be8cd52b2864e2198a9121e70e3fb DependenciesID=e7cc292556a8138485b83319095f018c StaticDependenciesID=0fc4269b9df7105bf8021785c389ddc3 
Number of updated asset objects reloaded before import = 0Number of asset objects unloaded after import = 16

========================================================================
Received Import Request.
  Time since last request: 52.725025 seconds.
  path: Assets/Multistory Dungeons 2/Prefabs/Walls And Arches/Arch_Big_01.prefab
  importAddress: Guid(1bdee19358604918abfc8024fd7fec15) Importer(815301076,1909f56bfc062723c751e8b465ee728b)
Start importing Assets/Multistory Dungeons 2/Prefabs/Walls And Arches/Arch_Big_01.prefab using Guid(1bdee19358604918abfc8024fd7fec15) Importer(815301076,1909f56bfc062723c751e8b465ee728b) (PreviewImporter) -> (Import Result ID: 'de73af0cab0140d5dc640180e83d64da') in 0.2605031 seconds [static and dynamic dependencies]. Details - ImportResultOutputID=131d4e886eb0db29b9d4ace4e1070622 DependenciesID=c0c7a243072ac177210a0bbc80d736dc StaticDependenciesID=0c50a62e4ba650dc925247d6e266f202 
Number of updated asset objects reloaded before import = 0Number of asset objects unloaded after import = 19

========================================================================
Received Import Request.
  Time since last request: 0.000041 seconds.
  path: Assets/Multistory Dungeons 2/Prefabs/Walls And Arches/Wall_Arch_Door_01.prefab
  importAddress: Guid(ef0aea7005904a2ca245f34048889535) Importer(815301076,1909f56bfc062723c751e8b465ee728b)
Start importing Assets/Multistory Dungeons 2/Prefabs/Walls And Arches/Wall_Arch_Door_01.prefab using Guid(ef0aea7005904a2ca245f34048889535) Importer(815301076,1909f56bfc062723c751e8b465ee728b) (PreviewImporter) -> (Import Result ID: 'b110f60786b344cd971815f7d365f43f') in 0.0454702 seconds [static and dynamic dependencies]. Details - ImportResultOutputID=c592f105798ca3d2ad71bfe35e80c614 DependenciesID=7dc960346912c74cedf221449da62c27 StaticDependenciesID=9cc518667a3e6ed8a38598d7255c9e1c 
Number of updated asset objects reloaded before import = 0Number of asset objects unloaded after import = 19

========================================================================
Received Import Request.
  Time since last request: 0.000028 seconds.
  path: Assets/Multistory Dungeons 2/Prefabs/Walls And Arches/Wall_Preset_01.prefab
  importAddress: Guid(3b4437f7bb4a4932864a3af26b082196) Importer(815301076,1909f56bfc062723c751e8b465ee728b)
Start importing Assets/Multistory Dungeons 2/Prefabs/Walls And Arches/Wall_Preset_01.prefab using Guid(3b4437f7bb4a4932864a3af26b082196) Importer(815301076,1909f56bfc062723c751e8b465ee728b) (PreviewImporter) -> (Import Result ID: '25643727455a254ea8c04f0895662c78') in 0.0525868 seconds [static and dynamic dependencies]. Details - ImportResultOutputID=2e2b42679392836340f7dc245e462960 DependenciesID=578b22d1b7d3e236c42a0d9bb0667060 StaticDependenciesID=b66600bd722e33a37a41136235f92d6d 
Number of updated asset objects reloaded before import = 0Number of asset objects unloaded after import = 12

========================================================================
Received Import Request.
  Time since last request: 0.000033 seconds.
  path: Assets/Multistory Dungeons 2/Prefabs/Walls And Arches/Damaged_Arch_Alley_03.prefab
  importAddress: Guid(2045352867d74c2283291edf9115f25b) Importer(815301076,1909f56bfc062723c751e8b465ee728b)
Start importing Assets/Multistory Dungeons 2/Prefabs/Walls And Arches/Damaged_Arch_Alley_03.prefab using Guid(2045352867d74c2283291edf9115f25b) Importer(815301076,1909f56bfc062723c751e8b465ee728b) (PreviewImporter) -> (Import Result ID: 'fd92a670e965d9d519b582fdf276fdba') in 0.0323537 seconds [static and dynamic dependencies]. Details - ImportResultOutputID=1c1d589f26090175c971010de6714f9b DependenciesID=6a9e63abc275b9383181509372d2f229 StaticDependenciesID=a112e4577d99a5966476da810f71bedc 
Number of updated asset objects reloaded before import = 0Number of asset objects unloaded after import = 15

========================================================================
Received Import Request.
  Time since last request: 0.000028 seconds.
  path: Assets/Multistory Dungeons 2/Prefabs/Walls And Arches/Wall_Arch_Preset_01.prefab
  importAddress: Guid(d7d65ee9caa547f2959b226407c1d993) Importer(815301076,1909f56bfc062723c751e8b465ee728b)
Start importing Assets/Multistory Dungeons 2/Prefabs/Walls And Arches/Wall_Arch_Preset_01.prefab using Guid(d7d65ee9caa547f2959b226407c1d993) Importer(815301076,1909f56bfc062723c751e8b465ee728b) (PreviewImporter) -> (Import Result ID: '358aa9e10b55a5e58c68a6a80a61d06b') in 0.0397201 seconds [static and dynamic dependencies]. Details - ImportResultOutputID=87c2f74c42fd10f1d4703d0bff89625e DependenciesID=e8b67b1aee2d62a18f91bc2eb40e301f StaticDependenciesID=26ddc53bf609eaea6a866baed7884e99 
Number of updated asset objects reloaded before import = 0Number of asset objects unloaded after import = 19

========================================================================
Received Import Request.
  Time since last request: 0.000031 seconds.
  path: Assets/Multistory Dungeons 2/Prefabs/Walls And Arches/Brick_01.prefab
  importAddress: Guid(703fae38c1554e85b2044eca19482310) Importer(815301076,1909f56bfc062723c751e8b465ee728b)
Start importing Assets/Multistory Dungeons 2/Prefabs/Walls And Arches/Brick_01.prefab using Guid(703fae38c1554e85b2044eca19482310) Importer(815301076,1909f56bfc062723c751e8b465ee728b) (PreviewImporter) -> (Import Result ID: '1aba3aa28e4d14b55b785d407d074d7f') in 0.0358434 seconds [static and dynamic dependencies]. Details - ImportResultOutputID=c7880b0a8f4c2a9b5b680cd68daca02a DependenciesID=483b3c66bd3d52176b571417670a9fb5 StaticDependenciesID=9414de13c540c9829b9605769f404322 
Number of updated asset objects reloaded before import = 0Number of asset objects unloaded after import = 12

========================================================================
Received Import Request.
  Time since last request: 0.000035 seconds.
  path: Assets/Multistory Dungeons 2/Prefabs/Walls And Arches/Wall_Preset_03_Damaged.prefab
  importAddress: Guid(9fedd2950dfa450da0ea0121027e2b91) Importer(815301076,1909f56bfc062723c751e8b465ee728b)
Start importing Assets/Multistory Dungeons 2/Prefabs/Walls And Arches/Wall_Preset_03_Damaged.prefab using Guid(9fedd2950dfa450da0ea0121027e2b91) Importer(815301076,1909f56bfc062723c751e8b465ee728b) (PreviewImporter) -> (Import Result ID: '850288e9e175a2f274f8735c49d38d1a') in 0.0301141 seconds [static and dynamic dependencies]. Details - ImportResultOutputID=07fee219fbca0da7e00ed1a55676daf5 DependenciesID=a4286d37f0a10000d908642ef90edb3a StaticDependenciesID=657a85c958a93f13cbabd497ee651bb0 
Number of updated asset objects reloaded before import = 0Number of asset objects unloaded after import = 12

========================================================================
Received Import Request.
  Time since last request: 0.000040 seconds.
  path: Assets/Multistory Dungeons 2/Prefabs/Walls And Arches/Wall_Arch_Preset_02.prefab
  importAddress: Guid(8a3b2beb06994ed188a0f9a9b9921b67) Importer(815301076,1909f56bfc062723c751e8b465ee728b)
Start importing Assets/Multistory Dungeons 2/Prefabs/Walls And Arches/Wall_Arch_Preset_02.prefab using Guid(8a3b2beb06994ed188a0f9a9b9921b67) Importer(815301076,1909f56bfc062723c751e8b465ee728b) (PreviewImporter) -> (Import Result ID: 'c734fbe0c855752086a584aa46a85f27') in 0.0318084 seconds [static and dynamic dependencies]. Details - ImportResultOutputID=3af8b77d928a3933da9f03622bee430c DependenciesID=6d424ee642a100113584bf9de9d14844 StaticDependenciesID=d4e1d6d684506d0b8ec53d2f67f097ec 
Number of updated asset objects reloaded before import = 0Number of asset objects unloaded after import = 19

========================================================================
Received Prepare
Begin MonoManager ReloadAssembly
[Licensing::Client] Successfully resolved entitlement details
Assembly Assembly-CSharp-Editor-firstpass.dll at Library/ScriptAssemblies/Assembly-CSharp-Editor-firstpass.dll not valid. Loading of assembly skipped.
Assembly Assembly-CSharp-firstpass.dll at Library/ScriptAssemblies/Assembly-CSharp-firstpass.dll not valid. Loading of assembly skipped.
Assembly DocCodeExamples.dll at Library/ScriptAssemblies/DocCodeExamples.dll not valid. Loading of assembly skipped.
Assembly TestNewCustomAssembly.dll at Library/ScriptAssemblies/TestNewCustomAssembly.dll not valid. Loading of assembly skipped.
Assembly Unity.Collections.BurstCompatibilityGen.dll at Library/ScriptAssemblies/Unity.Collections.BurstCompatibilityGen.dll not valid. Loading of assembly skipped.
Assembly Unity.Collections.DocCodeSamples.dll at Library/ScriptAssemblies/Unity.Collections.DocCodeSamples.dll not valid. Loading of assembly skipped.
Assembly Unity.Collections.PerformanceTests.dll at Library/ScriptAssemblies/Unity.Collections.PerformanceTests.dll not valid. Loading of assembly skipped.
Assembly Unity.Collections.Tests.dll at Library/ScriptAssemblies/Unity.Collections.Tests.dll not valid. Loading of assembly skipped.
Assembly Unity.Collections.Tests.Playmode.dll at Library/ScriptAssemblies/Unity.Collections.Tests.Playmode.dll not valid. Loading of assembly skipped.
Assembly Unity.InputSystem.IntegrationTests.dll at Library/ScriptAssemblies/Unity.InputSystem.IntegrationTests.dll not valid. Loading of assembly skipped.
Assembly Unity.Mathematics.Tests.dll at Library/ScriptAssemblies/Unity.Mathematics.Tests.dll not valid. Loading of assembly skipped.
Assembly Unity.Multiplayer.Center.Editor.Tests.dll at Library/ScriptAssemblies/Unity.Multiplayer.Center.Editor.Tests.dll not valid. Loading of assembly skipped.
Assembly Unity.Multiplayer.Center.Tests.dll at Library/ScriptAssemblies/Unity.Multiplayer.Center.Tests.dll not valid. Loading of assembly skipped.
Assembly Unity.Nuget.Mono-Cecil.dll at Library/ScriptAssemblies/Unity.Nuget.Mono-Cecil.dll not valid. Loading of assembly skipped.
Assembly Unity.PathTracing.Editor.Tests.dll at Library/ScriptAssemblies/Unity.PathTracing.Editor.Tests.dll not valid. Loading of assembly skipped.
Assembly Unity.PathTracing.Runtime.Tests.dll at Library/ScriptAssemblies/Unity.PathTracing.Runtime.Tests.dll not valid. Loading of assembly skipped.
Assembly Unity.RenderPipelines.Core.Editor.Tests.dll at Library/ScriptAssemblies/Unity.RenderPipelines.Core.Editor.Tests.dll not valid. Loading of assembly skipped.
Assembly Unity.RenderPipelines.Core.Runtime.Tests.dll at Library/ScriptAssemblies/Unity.RenderPipelines.Core.Runtime.Tests.dll not valid. Loading of assembly skipped.
Assembly Unity.RenderPipelines.Universal.Config.Editor.Tests.dll at Library/ScriptAssemblies/Unity.RenderPipelines.Universal.Config.Editor.Tests.dll not valid. Loading of assembly skipped.
Assembly Unity.RenderPipelines.Universal.Editor.Tests.dll at Library/ScriptAssemblies/Unity.RenderPipelines.Universal.Editor.Tests.dll not valid. Loading of assembly skipped.
Assembly Unity.RenderPipelines.Universal.Runtime.Tests.dll at Library/ScriptAssemblies/Unity.RenderPipelines.Universal.Runtime.Tests.dll not valid. Loading of assembly skipped.
Assembly Unity.Searcher.EditorTests.dll at Library/ScriptAssemblies/Unity.Searcher.EditorTests.dll not valid. Loading of assembly skipped.
Assembly Unity.ShaderGraph.Editor.Tests.dll at Library/ScriptAssemblies/Unity.ShaderGraph.Editor.Tests.dll not valid. Loading of assembly skipped.
Assembly Unity.TextMeshPro.Editor.Tests.dll at Library/ScriptAssemblies/Unity.TextMeshPro.Editor.Tests.dll not valid. Loading of assembly skipped.
Assembly Unity.TextMeshPro.Tests.dll at Library/ScriptAssemblies/Unity.TextMeshPro.Tests.dll not valid. Loading of assembly skipped.
Assembly Unity.UnifiedRayTracing.Editor.Tests.dll at Library/ScriptAssemblies/Unity.UnifiedRayTracing.Editor.Tests.dll not valid. Loading of assembly skipped.
Assembly UnityEditor.UI.Common.Tests.dll at Library/ScriptAssemblies/UnityEditor.UI.Common.Tests.dll not valid. Loading of assembly skipped.
Assembly UnityEditor.UI.EditorTests.dll at Library/ScriptAssemblies/UnityEditor.UI.EditorTests.dll not valid. Loading of assembly skipped.
Assembly UnityEngine.UI.Tests.dll at Library/ScriptAssemblies/UnityEngine.UI.Tests.dll not valid. Loading of assembly skipped.
Native extension for UWP target not found
Native extension for WindowsStandalone target not found
Native extension for WebGL target not found
[Package Manager] Failed to launch server process. Reason: Unity was launched with the -noUpm command-line argument
[Package Manager] Unable to send message (not connected to server process).
[Package Manager] Cannot connect to Unity Package Manager local server
[Package Manager] Failed to launch server process. Reason: Unity was launched with the -noUpm command-line argument
[Package Manager] Unable to send message (not connected to server process).
[Package Manager] Cannot connect to Unity Package Manager local server
ScheduleIndexationOnStartup MainProcess:False IndexOnStartup:True
Mono: successfully reloaded assembly
- Finished resetting the current domain, in  0.524 seconds
Domain Reload Profiling: 1138ms
	BeginReloadAssembly (184ms)
		DisableScriptedObjects (14ms)
		CreateAndSetChildDomain (55ms)
	RebuildCommonClasses (26ms)
	RebuildNativeTypeToScriptingClass (10ms)
	initialDomainReloadingComplete (48ms)
	LoadAllAssembliesAndSetupDomain (346ms)
		LoadAssemblies (261ms)
		AnalyzeDomain (152ms)
			TypeCache.Refresh (6ms)
			BuildScriptInfoCaches (137ms)
			ResolveRequiredComponents (8ms)
	FinalizeReload (524ms)
		SetupLoadedEditorAssemblies (0ms)
			InitializePlatformSupportModulesInManaged (13ms)
			BeforeProcessingInitializeOnLoad (99ms)
			ProcessInitializeOnLoadAttributes (202ms)
			ProcessInitializeOnLoadMethodAttributes (68ms)
			AfterProcessingInitializeOnLoad (4ms)
		AwakeInstancesAfterBackupRestoration (13ms)
Unloading 24 Unused Serialized files (Serialized files now loaded: 0)
Unloading 6695 unused Assets / (5.2 MB). Loaded Objects now: 7427.
Memory consumption went from 186.1 MB to 180.9 MB.
Total: 8.162800 ms (FindLiveObjects: 0.744900 ms CreateObjectMapping: 0.668600 ms MarkObjects: 4.311900 ms  DeleteObjects: 2.436800 ms)

Prepare: number of updated asset objects reloaded= 0
Editor requested this worker to shutdown with reason: Scaling down because of idle timeout
AssetImportWorker is now disconnected from the server
Process exiting
Exiting without the bug reporter. Application will terminate with return code 0