[Licensing::Module] Trying to connect to existing licensing client channel...
Built from '6000.4/staging' branch; Version is '6000.4.5f1 (cc83ebd631f8) revision 13403115'; Using compiler version '194234433'; Build Type 'Release'
[Licensing::IpcConnector] Successfully connected to: "LicenseClient-bl00d" at "2026-05-08T10:03:03.982712Z"
OS: 'Windows 11  (10.0.26200) Core' Language: 'ru' Physical Memory: 31962 MB
BatchMode: 1, IsHumanControllingUs: 0, StartBugReporterOnCrash: 0, Is64bit: 1
System  architecture: x64
Process architecture: x64
Date: 2026-05-08T10:03:03Z

COMMAND LINE ARGUMENTS:
C:\Program Files\Unity\Hub\Editor\6000.4.5f1\Editor\Unity.exe
-adb2
-batchMode
-noUpm
-name
AssetImportWorker13
-projectPath
D:/WorkDiplom/UnityFiles/ProjectSword
-logFile
Logs/AssetImportWorker13.log
-srvPort
61865
-licensingIpc
LicenseClient-bl00d
-force-d3d12
-job-worker-count
11
-background-job-worker-count
8
-gc-helper-count
1
-name
AssetImport
Successfully changed project path to: D:/WorkDiplom/UnityFiles/ProjectSword
D:/WorkDiplom/UnityFiles/ProjectSword
[UnityMemory] Configuration Parameters - Can be set up in boot.config
    "memorysetup-temp-allocator-size-gi-baking-worker=262144"
    "memorysetup-temp-allocator-size-gi-baking-worker=262144"
    "memorysetup-temp-allocator-size-gi-baking-worker=262144"
    "memorysetup-temp-allocator-size-gi-baking-worker=262144"
    "memorysetup-temp-allocator-size-gi-baking-worker=262144"
    "memorysetup-temp-allocator-size-nav-mesh-worker=65536"
    "memorysetup-temp-allocator-size-audio-worker=65536"
    "memorysetup-temp-allocator-size-cloud-worker=32768"
    "memorysetup-temp-allocator-size-gfx=262144"
    "memorysetup-temp-allocator-size-preload-manager=33554432"
    "memorysetup-temp-allocator-size-job-worker=262144"
    "memorysetup-temp-allocator-size-background-worker=32768"
    "memorysetup-allocator-temp-initial-block-size-main=262144"
    "memorysetup-allocator-temp-initial-block-size-worker=262144"
    "memorysetup-bucket-allocator-granularity=16"
    "memorysetup-bucket-allocator-bucket-count=8"
    "memorysetup-bucket-allocator-block-size=33554432"
    "memorysetup-bucket-allocator-block-count=8"
    "memorysetup-main-allocator-block-size=16777216"
    "memorysetup-thread-allocator-block-size=16777216"
    "memorysetup-gfx-main-allocator-block-size=16777216"
    "memorysetup-gfx-thread-allocator-block-size=16777216"
    "memorysetup-cache-allocator-block-size=4194304"
    "memorysetup-typetree-allocator-block-size=2097152"
    "memorysetup-profiler-bucket-allocator-granularity=16"
    "memorysetup-profiler-bucket-allocator-bucket-count=8"
    "memorysetup-profiler-bucket-allocator-block-size=33554432"
    "memorysetup-profiler-bucket-allocator-block-count=8"
    "memorysetup-profiler-allocator-block-size=16777216"
    "memorysetup-profiler-editor-allocator-block-size=1048576"
    "memorysetup-temp-allocator-size-main=16777216"
    "memorysetup-job-temp-allocator-block-size=2097152"
    "memorysetup-job-temp-allocator-block-size-background=1048576"
    "memorysetup-job-temp-allocator-reduction-small-platforms=262144"
Player connection [17700]  Target information:

Player connection [17700]  * "[IP] 192.168.0.100 [Port] 0 [Flags] 2 [Guid] 1873627170 [EditorId] 1873627170 [Version] 1048832 [Id] WindowsEditor(7,DESKTOP-E609V0F) [Debug] 1 [PackageName] WindowsEditor [ProjectName] Editor" 

Player connection [17700]  * "[IP] 172.18.0.1 [Port] 0 [Flags] 2 [Guid] 1873627170 [EditorId] 1873627170 [Version] 1048832 [Id] WindowsEditor(7,DESKTOP-E609V0F) [Debug] 1 [PackageName] WindowsEditor [ProjectName] Editor" 

Player connection [17700] Host joined multi-casting on [225.0.0.222:54997]...
Player connection [17700] Host joined alternative multi-casting on [225.0.0.222:34997]...
JobSystem: Creating JobQueue using job-worker-count value 11
Input System module state changed to: Initialized.
[Physics::Module] Initialized fallback backend.
[Physics::Module] Id: 0xdecafbad
Library Redirect Path: Library/
[Physics::Module] Selected backend.
[Physics::Module] Name: PhysX
[Physics::Module] Id: 0xf2b8ea05
[Physics::Module] SDK Version: 4.1.2
[Physics::Module] Integration Version: 1.0.0
[Physics::Module] Threading Mode: Multi-Threaded
Initialize engine version: 6000.4.5f1 (cc83ebd631f8)
[Subsystems] Discovering subsystems at path C:/Program Files/Unity/Hub/Editor/6000.4.5f1/Editor/Data/Resources/UnitySubsystems
[Subsystems] Discovering subsystems at path D:/WorkDiplom/UnityFiles/ProjectSword/Assets
Forcing GfxDevice: Direct3D 12
GfxDevice: creating device client; kGfxThreadingModeNonThreaded
d3d12: failed to query info queue interface (0x80004002).
Direct3D:
    Version:         Direct3D 12 [level 12.2]
    Renderer:        NVIDIA GeForce RTX 4050 Laptop GPU (ID=0x28e1)
    Vendor:          NVIDIA
    VRAM:            5920 MB
    App VRAM Budget: 5152 MB
    Driver:          32.0.15.9621
Initialize mono
Mono path[0] = 'C:/Program Files/Unity/Hub/Editor/6000.4.5f1/Editor/Data/Managed'
Mono path[1] = 'C:/Program Files/Unity/Hub/Editor/6000.4.5f1/Editor/Data/MonoBleedingEdge/lib/mono/unityjit-win32'
Mono config path = 'C:/Program Files/Unity/Hub/Editor/6000.4.5f1/Editor/Data/MonoBleedingEdge/etc'
Using monoOptions --debugger-agent=transport=dt_socket,embedding=1,server=y,suspend=n,address=127.0.0.1:56560
CodeReloadManager initialized
Begin MonoManager ReloadAssembly
Registering precompiled unity dll's ...
Register platform support module: C:/Program Files/Unity/Hub/Editor/6000.4.5f1/Editor/Data/PlaybackEngines/WebGLSupport/UnityEditor.WebGL.Extensions.dll
Register platform support module: C:/Program Files/Unity/Hub/Editor/6000.4.5f1/Editor/Data/PlaybackEngines/WindowsStandaloneSupport/UnityEditor.WindowsStandalone.Extensions.dll
[Licensing::Module] Licensing is not yet initialized.
[Licensing::Client] Error: HandshakeResponse reported an error:
	ResponseCode: 505
	ResponseStatus: Unsupported protocol version '1.18.1'.
[Licensing::Module] Error: Failed to handshake to channel: "LicenseClient-bl00d"
[Licensing::IpcConnector] LicenseClient-bl00d channel disconnected successfully.
[Licensing::IpcConnector] Successfully connected to: "LicenseClient-bl00d-6000.4.5" at "2026-05-08T10:03:05.465824Z"
[Licensing::Client] Code 10 while verifying Licensing Client signature (process Id: 31856, path: "C:/Program Files/Unity/Hub/Editor/6000.4.5f1/Editor/Data/Resources/Licensing/Client/Unity.Licensing.Client.exe")
[Licensing::Module] LicensingClient has failed validation; ignoring
[Licensing::Client] Handshaking with LicensingClient:
  Version:                 1.18.1+9fbee8e
  Session Id:              6129f0346f464bd4b4de47d020292278
  Correlation Id:          9486e6a260014559c91c592abfd0e962
  External correlation Id: 1406936257509765477
  Machine Id:              zh3ngiu4ORagWkgmpHH7MkqLOjk=
[Licensing::Module] Successfully connected to LicensingClient on channel: "LicenseClient-bl00d-6000.4.5" (connect: 0.00s, validation: 0.00s, handshake: 0.01s)
[Licensing::IpcConnector] Successfully connected to: "LicenseClient-bl00d-6000.4.5-notifications" at "2026-05-08T10:03:05.4730807Z"
[Licensing::Module] Licensing Background thread has ended after 1.49s
[Licensing::Module] Licensing is initialized (took 0.25s).
[Licensing::Client] Successfully resolved entitlement details
[Licensing::Module] License group:
  Id: 10171410767635-UnityPersXXXX
  Product: Unity Personal
  Type: Assigned
  Expiration: Unlimited
Register platform support module: C:/Program Files/Unity/Hub/Editor/6000.4.5f1/Editor/Data/PlaybackEngines/MetroSupport/UnityEditor.UWP.Extensions.dll
Registered in 0.249581 seconds.
Native extension for UWP target not found
Native extension for WindowsStandalone target not found
Native extension for WebGL target not found
Package Manager log level set to [2]
[Package Manager] Failed to launch server process. Reason: Unity was launched with the -noUpm command-line argument
[Package Manager] Unable to send message (not connected to server process).
[Package Manager] Cannot connect to Unity Package Manager local server
ScheduleIndexationOnStartup MainProcess:False IndexOnStartup:True
Mono: successfully reloaded assembly
- Finished resetting the current domain, in  0.283 seconds
Domain Reload Profiling: 835ms
	BeginReloadAssembly (88ms)
	RebuildCommonClasses (27ms)
	RebuildNativeTypeToScriptingClass (10ms)
	initialDomainReloadingComplete (290ms)
	LoadAllAssembliesAndSetupDomain (136ms)
		LoadAssemblies (85ms)
		AnalyzeDomain (130ms)
			TypeCache.Refresh (129ms)
				TypeCache.ScanAssembly (119ms)
	FinalizeReload (284ms)
		SetupLoadedEditorAssemblies (0ms)
			InitializePlatformSupportModulesInManaged (56ms)
			BeforeProcessingInitializeOnLoad (61ms)
			ProcessInitializeOnLoadAttributes (74ms)
			ProcessInitializeOnLoadMethodAttributes (41ms)
========================================================================
Worker process is ready to serve import requests
Import Worker Mode flag is 0x00
Begin MonoManager ReloadAssembly
[Licensing::Client] Successfully resolved entitlement details
Assembly Assembly-CSharp-Editor-firstpass.dll at Library/ScriptAssemblies/Assembly-CSharp-Editor-firstpass.dll not valid. Loading of assembly skipped.
Assembly Assembly-CSharp-firstpass.dll at Library/ScriptAssemblies/Assembly-CSharp-firstpass.dll not valid. Loading of assembly skipped.
Assembly DocCodeExamples.dll at Library/ScriptAssemblies/DocCodeExamples.dll not valid. Loading of assembly skipped.
Assembly TestNewCustomAssembly.dll at Library/ScriptAssemblies/TestNewCustomAssembly.dll not valid. Loading of assembly skipped.
Assembly Unity.Collections.BurstCompatibilityGen.dll at Library/ScriptAssemblies/Unity.Collections.BurstCompatibilityGen.dll not valid. Loading of assembly skipped.
Assembly Unity.Collections.DocCodeSamples.dll at Library/ScriptAssemblies/Unity.Collections.DocCodeSamples.dll not valid. Loading of assembly skipped.
Assembly Unity.Collections.PerformanceTests.dll at Library/ScriptAssemblies/Unity.Collections.PerformanceTests.dll not valid. Loading of assembly skipped.
Assembly Unity.Collections.Tests.dll at Library/ScriptAssemblies/Unity.Collections.Tests.dll not valid. Loading of assembly skipped.
Assembly Unity.Collections.Tests.Playmode.dll at Library/ScriptAssemblies/Unity.Collections.Tests.Playmode.dll not valid. Loading of assembly skipped.
Assembly Unity.InputSystem.IntegrationTests.dll at Library/ScriptAssemblies/Unity.InputSystem.IntegrationTests.dll not valid. Loading of assembly skipped.
Assembly Unity.Mathematics.Tests.dll at Library/ScriptAssemblies/Unity.Mathematics.Tests.dll not valid. Loading of assembly skipped.
Assembly Unity.Multiplayer.Center.Editor.Tests.dll at Library/ScriptAssemblies/Unity.Multiplayer.Center.Editor.Tests.dll not valid. Loading of assembly skipped.
Assembly Unity.Multiplayer.Center.Tests.dll at Library/ScriptAssemblies/Unity.Multiplayer.Center.Tests.dll not valid. Loading of assembly skipped.
Assembly Unity.Nuget.Mono-Cecil.dll at Library/ScriptAssemblies/Unity.Nuget.Mono-Cecil.dll not valid. Loading of assembly skipped.
Assembly Unity.PathTracing.Editor.Tests.dll at Library/ScriptAssemblies/Unity.PathTracing.Editor.Tests.dll not valid. Loading of assembly skipped.
Assembly Unity.PathTracing.Runtime.Tests.dll at Library/ScriptAssemblies/Unity.PathTracing.Runtime.Tests.dll not valid. Loading of assembly skipped.
Assembly Unity.RenderPipelines.Core.Editor.Tests.dll at Library/ScriptAssemblies/Unity.RenderPipelines.Core.Editor.Tests.dll not valid. Loading of assembly skipped.
Assembly Unity.RenderPipelines.Core.Runtime.Tests.dll at Library/ScriptAssemblies/Unity.RenderPipelines.Core.Runtime.Tests.dll not valid. Loading of assembly skipped.
Assembly Unity.RenderPipelines.Universal.Config.Editor.Tests.dll at Library/ScriptAssemblies/Unity.RenderPipelines.Universal.Config.Editor.Tests.dll not valid. Loading of assembly skipped.
Assembly Unity.RenderPipelines.Universal.Editor.Tests.dll at Library/ScriptAssemblies/Unity.RenderPipelines.Universal.Editor.Tests.dll not valid. Loading of assembly skipped.
Assembly Unity.RenderPipelines.Universal.Runtime.Tests.dll at Library/ScriptAssemblies/Unity.RenderPipelines.Universal.Runtime.Tests.dll not valid. Loading of assembly skipped.
Assembly Unity.Searcher.EditorTests.dll at Library/ScriptAssemblies/Unity.Searcher.EditorTests.dll not valid. Loading of assembly skipped.
Assembly Unity.ShaderGraph.Editor.Tests.dll at Library/ScriptAssemblies/Unity.ShaderGraph.Editor.Tests.dll not valid. Loading of assembly skipped.
Assembly Unity.TextMeshPro.Editor.Tests.dll at Library/ScriptAssemblies/Unity.TextMeshPro.Editor.Tests.dll not valid. Loading of assembly skipped.
Assembly Unity.TextMeshPro.Tests.dll at Library/ScriptAssemblies/Unity.TextMeshPro.Tests.dll not valid. Loading of assembly skipped.
Assembly Unity.UnifiedRayTracing.Editor.Tests.dll at Library/ScriptAssemblies/Unity.UnifiedRayTracing.Editor.Tests.dll not valid. Loading of assembly skipped.
Assembly UnityEditor.UI.Common.Tests.dll at Library/ScriptAssemblies/UnityEditor.UI.Common.Tests.dll not valid. Loading of assembly skipped.
Assembly UnityEditor.UI.EditorTests.dll at Library/ScriptAssemblies/UnityEditor.UI.EditorTests.dll not valid. Loading of assembly skipped.
Assembly UnityEngine.UI.Tests.dll at Library/ScriptAssemblies/UnityEngine.UI.Tests.dll not valid. Loading of assembly skipped.
Native extension for UWP target not found
Native extension for WindowsStandalone target not found
Native extension for WebGL target not found
[Package Manager] Failed to launch server process. Reason: Unity was launched with the -noUpm command-line argument
[Package Manager] Unable to send message (not connected to server process).
[Package Manager] Cannot connect to Unity Package Manager local server
[Package Manager] Failed to launch server process. Reason: Unity was launched with the -noUpm command-line argument
[Package Manager] Unable to send message (not connected to server process).
[Package Manager] Cannot connect to Unity Package Manager local server
ScheduleIndexationOnStartup MainProcess:False IndexOnStartup:True
Mono: successfully reloaded assembly
- Finished resetting the current domain, in  0.514 seconds
Domain Reload Profiling: 1058ms
	BeginReloadAssembly (127ms)
		DisableScriptedObjects (3ms)
		CreateAndSetChildDomain (31ms)
	RebuildCommonClasses (26ms)
	RebuildNativeTypeToScriptingClass (10ms)
	initialDomainReloadingComplete (39ms)
	LoadAllAssembliesAndSetupDomain (343ms)
		LoadAssemblies (222ms)
		AnalyzeDomain (181ms)
			TypeCache.Refresh (127ms)
				TypeCache.ScanAssembly (116ms)
			BuildScriptInfoCaches (44ms)
			ResolveRequiredComponents (8ms)
	FinalizeReload (514ms)
		SetupLoadedEditorAssemblies (0ms)
			InitializePlatformSupportModulesInManaged (9ms)
			BeforeProcessingInitializeOnLoad (95ms)
			ProcessInitializeOnLoadAttributes (208ms)
			ProcessInitializeOnLoadMethodAttributes (48ms)
			AfterProcessingInitializeOnLoad (4ms)
		AwakeInstancesAfterBackupRestoration (4ms)
Launched and connected shader compiler UnityShaderCompiler.exe after 0.01 seconds
Unloading 24 Unused Serialized files (Serialized files now loaded: 0)
Unloading 6541 unused Assets / (5.2 MB). Loaded Objects now: 7372.
Memory consumption went from 161.1 MB to 155.9 MB.
Total: 7.329600 ms (FindLiveObjects: 0.854900 ms CreateObjectMapping: 0.391000 ms MarkObjects: 3.864300 ms  DeleteObjects: 2.217100 ms)

========================================================================
Received Prepare
Begin MonoManager ReloadAssembly
Assembly Assembly-CSharp-Editor-firstpass.dll at Library/ScriptAssemblies/Assembly-CSharp-Editor-firstpass.dll not valid. Loading of assembly skipped.
Assembly Assembly-CSharp-firstpass.dll at Library/ScriptAssemblies/Assembly-CSharp-firstpass.dll not valid. Loading of assembly skipped.
Assembly DocCodeExamples.dll at Library/ScriptAssemblies/DocCodeExamples.dll not valid. Loading of assembly skipped.
Assembly TestNewCustomAssembly.dll at Library/ScriptAssemblies/TestNewCustomAssembly.dll not valid. Loading of assembly skipped.
Assembly Unity.Collections.BurstCompatibilityGen.dll at Library/ScriptAssemblies/Unity.Collections.BurstCompatibilityGen.dll not valid. Loading of assembly skipped.
Assembly Unity.Collections.DocCodeSamples.dll at Library/ScriptAssemblies/Unity.Collections.DocCodeSamples.dll not valid. Loading of assembly skipped.
Assembly Unity.Collections.PerformanceTests.dll at Library/ScriptAssemblies/Unity.Collections.PerformanceTests.dll not valid. Loading of assembly skipped.
Assembly Unity.Collections.Tests.dll at Library/ScriptAssemblies/Unity.Collections.Tests.dll not valid. Loading of assembly skipped.
Assembly Unity.Collections.Tests.Playmode.dll at Library/ScriptAssemblies/Unity.Collections.Tests.Playmode.dll not valid. Loading of assembly skipped.
Assembly Unity.InputSystem.IntegrationTests.dll at Library/ScriptAssemblies/Unity.InputSystem.IntegrationTests.dll not valid. Loading of assembly skipped.
Assembly Unity.Mathematics.Tests.dll at Library/ScriptAssemblies/Unity.Mathematics.Tests.dll not valid. Loading of assembly skipped.
Assembly Unity.Multiplayer.Center.Editor.Tests.dll at Library/ScriptAssemblies/Unity.Multiplayer.Center.Editor.Tests.dll not valid. Loading of assembly skipped.
Assembly Unity.Multiplayer.Center.Tests.dll at Library/ScriptAssemblies/Unity.Multiplayer.Center.Tests.dll not valid. Loading of assembly skipped.
Assembly Unity.Nuget.Mono-Cecil.dll at Library/ScriptAssemblies/Unity.Nuget.Mono-Cecil.dll not valid. Loading of assembly skipped.
Assembly Unity.PathTracing.Editor.Tests.dll at Library/ScriptAssemblies/Unity.PathTracing.Editor.Tests.dll not valid. Loading of assembly skipped.
Assembly Unity.PathTracing.Runtime.Tests.dll at Library/ScriptAssemblies/Unity.PathTracing.Runtime.Tests.dll not valid. Loading of assembly skipped.
Assembly Unity.RenderPipelines.Core.Editor.Tests.dll at Library/ScriptAssemblies/Unity.RenderPipelines.Core.Editor.Tests.dll not valid. Loading of assembly skipped.
Assembly Unity.RenderPipelines.Core.Runtime.Tests.dll at Library/ScriptAssemblies/Unity.RenderPipelines.Core.Runtime.Tests.dll not valid. Loading of assembly skipped.
Assembly Unity.RenderPipelines.Universal.Config.Editor.Tests.dll at Library/ScriptAssemblies/Unity.RenderPipelines.Universal.Config.Editor.Tests.dll not valid. Loading of assembly skipped.
Assembly Unity.RenderPipelines.Universal.Editor.Tests.dll at Library/ScriptAssemblies/Unity.RenderPipelines.Universal.Editor.Tests.dll not valid. Loading of assembly skipped.
Assembly Unity.RenderPipelines.Universal.Runtime.Tests.dll at Library/ScriptAssemblies/Unity.RenderPipelines.Universal.Runtime.Tests.dll not valid. Loading of assembly skipped.
Assembly Unity.Searcher.EditorTests.dll at Library/ScriptAssemblies/Unity.Searcher.EditorTests.dll not valid. Loading of assembly skipped.
Assembly Unity.ShaderGraph.Editor.Tests.dll at Library/ScriptAssemblies/Unity.ShaderGraph.Editor.Tests.dll not valid. Loading of assembly skipped.
Assembly Unity.TextMeshPro.Editor.Tests.dll at Library/ScriptAssemblies/Unity.TextMeshPro.Editor.Tests.dll not valid. Loading of assembly skipped.
Assembly Unity.TextMeshPro.Tests.dll at Library/ScriptAssemblies/Unity.TextMeshPro.Tests.dll not valid. Loading of assembly skipped.
Assembly Unity.UnifiedRayTracing.Editor.Tests.dll at Library/ScriptAssemblies/Unity.UnifiedRayTracing.Editor.Tests.dll not valid. Loading of assembly skipped.
Assembly UnityEditor.UI.Common.Tests.dll at Library/ScriptAssemblies/UnityEditor.UI.Common.Tests.dll not valid. Loading of assembly skipped.
Assembly UnityEditor.UI.EditorTests.dll at Library/ScriptAssemblies/UnityEditor.UI.EditorTests.dll not valid. Loading of assembly skipped.
Assembly UnityEngine.UI.Tests.dll at Library/ScriptAssemblies/UnityEngine.UI.Tests.dll not valid. Loading of assembly skipped.
Native extension for UWP target not found
Native extension for WindowsStandalone target not found
Native extension for WebGL target not found
[Package Manager] Failed to launch server process. Reason: Unity was launched with the -noUpm command-line argument
[Package Manager] Unable to send message (not connected to server process).
[Package Manager] Cannot connect to Unity Package Manager local server
[Package Manager] Failed to launch server process. Reason: Unity was launched with the -noUpm command-line argument
[Package Manager] Unable to send message (not connected to server process).
[Package Manager] Cannot connect to Unity Package Manager local server
ScheduleIndexationOnStartup MainProcess:False IndexOnStartup:True
Mono: successfully reloaded assembly
- Finished resetting the current domain, in  0.533 seconds
Domain Reload Profiling: 1125ms
	BeginReloadAssembly (168ms)
		DisableScriptedObjects (3ms)
		CreateAndSetChildDomain (46ms)
	RebuildCommonClasses (28ms)
	RebuildNativeTypeToScriptingClass (13ms)
	initialDomainReloadingComplete (46ms)
	LoadAllAssembliesAndSetupDomain (338ms)
		LoadAssemblies (257ms)
		AnalyzeDomain (149ms)
			TypeCache.Refresh (9ms)
			BuildScriptInfoCaches (130ms)
			ResolveRequiredComponents (8ms)
	FinalizeReload (533ms)
		SetupLoadedEditorAssemblies (0ms)
			InitializePlatformSupportModulesInManaged (9ms)
			BeforeProcessingInitializeOnLoad (109ms)
			ProcessInitializeOnLoadAttributes (201ms)
			ProcessInitializeOnLoadMethodAttributes (71ms)
			AfterProcessingInitializeOnLoad (5ms)
		AwakeInstancesAfterBackupRestoration (11ms)
Unloading 24 Unused Serialized files (Serialized files now loaded: 0)
Unloading 6693 unused Assets / (5.3 MB). Loaded Objects now: 7392.
Memory consumption went from 177.0 MB to 171.7 MB.
Total: 8.240900 ms (FindLiveObjects: 0.779600 ms CreateObjectMapping: 0.621800 ms MarkObjects: 4.297900 ms  DeleteObjects: 2.540600 ms)

Prepare: number of updated asset objects reloaded= 0
========================================================================
Received Import Request.
  Time since last request: 1109.068356 seconds.
  path: Assets/Multistory Dungeons 2/Prefabs/Base/Base_Arch_01.prefab
  importAddress: Guid(755de7019f7e45e1833c63b706e92717) Importer(815301076,1909f56bfc062723c751e8b465ee728b)
Start importing Assets/Multistory Dungeons 2/Prefabs/Base/Base_Arch_01.prefab using Guid(755de7019f7e45e1833c63b706e92717) Importer(815301076,1909f56bfc062723c751e8b465ee728b) (PreviewImporter) -> (Import Result ID: '2f26763fcbeec2be789f8a67e6ca8d02') in 2.8271547 seconds [static and dynamic dependencies]. Details - ImportResultOutputID=8870e5d2c2085d3aca7889db2a4e8a23 DependenciesID=d3cecef3a8e33988e3766f5b7be0c00d StaticDependenciesID=94c0d1daa7a5ff8f4ae7ef5b2b359c1e 
Number of updated asset objects reloaded before import = 0Number of asset objects unloaded after import = 35

========================================================================
Received Import Request.
  Time since last request: 0.000041 seconds.
  path: Assets/Multistory Dungeons 2/Prefabs/Base/Wall_Rounded_Big_02.prefab
  importAddress: Guid(a342b81ccf7548e6b422c10c5cc3c573) Importer(815301076,1909f56bfc062723c751e8b465ee728b)
Start importing Assets/Multistory Dungeons 2/Prefabs/Base/Wall_Rounded_Big_02.prefab using Guid(a342b81ccf7548e6b422c10c5cc3c573) Importer(815301076,1909f56bfc062723c751e8b465ee728b) (PreviewImporter) -> (Import Result ID: 'c6a51444b5769044d3cb4787f029f762') in 0.0686257 seconds [static and dynamic dependencies]. Details - ImportResultOutputID=07e2c044a47c4b28961d8a33238e3b1b DependenciesID=a51c270c256d16bef715a880b5619432 StaticDependenciesID=0eac72967ad6f484365897761da7fd8e 
Number of updated asset objects reloaded before import = 0Number of asset objects unloaded after import = 23

========================================================================
Received Import Request.
  Time since last request: 0.000071 seconds.
  path: Assets/Multistory Dungeons 2/Prefabs/Base/Floor_Detailed_01.prefab
  importAddress: Guid(9b368b3a4ca946b2ac28fa43e8b02548) Importer(815301076,1909f56bfc062723c751e8b465ee728b)
Start importing Assets/Multistory Dungeons 2/Prefabs/Base/Floor_Detailed_01.prefab using Guid(9b368b3a4ca946b2ac28fa43e8b02548) Importer(815301076,1909f56bfc062723c751e8b465ee728b) (PreviewImporter) -> (Import Result ID: '88510c1b79a817618f268fd10cf90204') in 0.0398851 seconds [static and dynamic dependencies]. Details - ImportResultOutputID=acc7ac7fd2192bb8572c7aaba0c8ffbf DependenciesID=641c6482d7921ae628052200bd455a97 StaticDependenciesID=a4c707edbc7fa8625f524cab39b24d3f 
Number of updated asset objects reloaded before import = 0Number of asset objects unloaded after import = 12

========================================================================
Received Import Request.
  Time since last request: 0.000045 seconds.
  path: Assets/Multistory Dungeons 2/Prefabs/Base/Bricks_04.prefab
  importAddress: Guid(2b4fc8820e924b4fad2e5fd2b2a14d32) Importer(815301076,1909f56bfc062723c751e8b465ee728b)
Start importing Assets/Multistory Dungeons 2/Prefabs/Base/Bricks_04.prefab using Guid(2b4fc8820e924b4fad2e5fd2b2a14d32) Importer(815301076,1909f56bfc062723c751e8b465ee728b) (PreviewImporter) -> (Import Result ID: 'b7430e0b5e3878f72115a3ee08af31b1') in 0.029634 seconds [static and dynamic dependencies]. Details - ImportResultOutputID=766a5da688a1a0eab3ffdf1fb3b1902a DependenciesID=671fdfeae56b6b2101038c4d30ec0695 StaticDependenciesID=925d325c04e7a98a92bbac64a0c97a67 
Number of updated asset objects reloaded before import = 0Number of asset objects unloaded after import = 13

========================================================================
Received Import Request.
  Time since last request: 0.000051 seconds.
  path: Assets/Multistory Dungeons 2/Prefabs/Base/Floor_Detailed_03.prefab
  importAddress: Guid(b89b2bb843094d8a95d44316af93ec75) Importer(815301076,1909f56bfc062723c751e8b465ee728b)
Start importing Assets/Multistory Dungeons 2/Prefabs/Base/Floor_Detailed_03.prefab using Guid(b89b2bb843094d8a95d44316af93ec75) Importer(815301076,1909f56bfc062723c751e8b465ee728b) (PreviewImporter) -> (Import Result ID: '58f770f780d4b179197662548d0f6279') in 0.0329312 seconds [static and dynamic dependencies]. Details - ImportResultOutputID=610fd02b48babd2e829d289b21e5bc6e DependenciesID=6454fdf22926ce7f16eda645507a4e83 StaticDependenciesID=bfd7ecffa97641b4c6f924f9b34ec5ad 
Number of updated asset objects reloaded before import = 0Number of asset objects unloaded after import = 12

========================================================================
Received Import Request.
  Time since last request: 0.000029 seconds.
  path: Assets/Multistory Dungeons 2/Prefabs/Base/Bricks_01.prefab
  importAddress: Guid(e32e621f67c841b4980c4ec400adee7f) Importer(815301076,1909f56bfc062723c751e8b465ee728b)
Start importing Assets/Multistory Dungeons 2/Prefabs/Base/Bricks_01.prefab using Guid(e32e621f67c841b4980c4ec400adee7f) Importer(815301076,1909f56bfc062723c751e8b465ee728b) (PreviewImporter) -> (Import Result ID: 'f410e7ead5ea0de09a7ba81094c63626') in 0.046077 seconds [static and dynamic dependencies]. Details - ImportResultOutputID=618f08b13ca7ae12a4ddf264a9b3ec19 DependenciesID=1e98a9b1f684975034c7d7f03cb0d775 StaticDependenciesID=f41514a4380703d284f9ffc82f183b31 
Number of updated asset objects reloaded before import = 0Number of asset objects unloaded after import = 13

========================================================================
Received Import Request.
  Time since last request: 20.866723 seconds.
  path: Assets/Multistory Dungeons 2/Prefabs/Columns/Column_01.prefab
  importAddress: Guid(6e3282fc1a1544be99ce630733e202d9) Importer(815301076,1909f56bfc062723c751e8b465ee728b)
Start importing Assets/Multistory Dungeons 2/Prefabs/Columns/Column_01.prefab using Guid(6e3282fc1a1544be99ce630733e202d9) Importer(815301076,1909f56bfc062723c751e8b465ee728b) (PreviewImporter) -> (Import Result ID: '40e42d57faf6d520046e8c5c29efcac5') in 0.1231015 seconds [static and dynamic dependencies]. Details - ImportResultOutputID=385951dc2484eb101481898d35df267f DependenciesID=0693fb2ee56c679afeb9507880d4a315 StaticDependenciesID=c91213fb44c84358e14837a3fa918f32 
Number of updated asset objects reloaded before import = 0Number of asset objects unloaded after import = 12

========================================================================
Received Import Request.
  Time since last request: 0.000039 seconds.
  path: Assets/Multistory Dungeons 2/Prefabs/Columns/Pedestal_01.prefab
  importAddress: Guid(b0d06b52c00b404ebcd7b8c7184fce23) Importer(815301076,1909f56bfc062723c751e8b465ee728b)
Start importing Assets/Multistory Dungeons 2/Prefabs/Columns/Pedestal_01.prefab using Guid(b0d06b52c00b404ebcd7b8c7184fce23) Importer(815301076,1909f56bfc062723c751e8b465ee728b) (PreviewImporter) -> (Import Result ID: 'da4654edd618c5010fd5c3e9ffa3a170') in 0.0560358 seconds [static and dynamic dependencies]. Details - ImportResultOutputID=9af7f1fe6ef01814ea0979d82ae760ae DependenciesID=53b3e0400e7553c6e2c29a0e02f3e29e StaticDependenciesID=9fec9311ce201cade7c116d3662cd356 
Number of updated asset objects reloaded before import = 0Number of asset objects unloaded after import = 12

========================================================================
Received Import Request.
  Time since last request: 0.000029 seconds.
  path: Assets/Multistory Dungeons 2/Prefabs/Columns/Column_03.prefab
  importAddress: Guid(1e82b6d56bda4e90b6f83ff737322430) Importer(815301076,1909f56bfc062723c751e8b465ee728b)
Start importing Assets/Multistory Dungeons 2/Prefabs/Columns/Column_03.prefab using Guid(1e82b6d56bda4e90b6f83ff737322430) Importer(815301076,1909f56bfc062723c751e8b465ee728b) (PreviewImporter) -> (Import Result ID: 'bc8117e6bcc27e3826f8d8d63a2c62e3') in 0.0567687 seconds [static and dynamic dependencies]. Details - ImportResultOutputID=440fe031a7aa44d3b495fa4aac932218 DependenciesID=0de131dc2764d6914b4a5d63005ad35a StaticDependenciesID=0a73ae4d24bde81d196f389ea581bd8f 
Number of updated asset objects reloaded before import = 0Number of asset objects unloaded after import = 12

========================================================================
Received Import Request.
  Time since last request: 4.736614 seconds.
  path: Assets/Multistory Dungeons 2/Prefabs/Doors And Bars/Damaged_Bars_03.prefab
  importAddress: Guid(ea1c2eb9e89d4376ab40b5d38fdc71a0) Importer(815301076,1909f56bfc062723c751e8b465ee728b)
Start importing Assets/Multistory Dungeons 2/Prefabs/Doors And Bars/Damaged_Bars_03.prefab using Guid(ea1c2eb9e89d4376ab40b5d38fdc71a0) Importer(815301076,1909f56bfc062723c751e8b465ee728b) (PreviewImporter) -> (Import Result ID: 'f41fa0bfcd4525e0e6ba1134a8c21418') in 0.1260925 seconds [static and dynamic dependencies]. Details - ImportResultOutputID=b64c26568a01b688c7ce8fb132f12533 DependenciesID=bea8d6e84da8924f7fc563405f5a8741 StaticDependenciesID=47ac9baeedeb56cdbe67619e7df27bce 
Number of updated asset objects reloaded before import = 0Number of asset objects unloaded after import = 12

========================================================================
Received Import Request.
  Time since last request: 12.901264 seconds.
  path: Assets/Multistory Dungeons 2/Prefabs/FIRST-PERSON/FP ROOMS/FP_Room_05.prefab
  importAddress: Guid(cdf64f384af244d1b0788e9caed25a96) Importer(815301076,1909f56bfc062723c751e8b465ee728b)
Start importing Assets/Multistory Dungeons 2/Prefabs/FIRST-PERSON/FP ROOMS/FP_Room_05.prefab using Guid(cdf64f384af244d1b0788e9caed25a96) Importer(815301076,1909f56bfc062723c751e8b465ee728b) (PreviewImporter) -> (Import Result ID: '3a141b7cbe8791b488d570f1c4f7780f') in 0.1953381 seconds [static and dynamic dependencies]. Details - ImportResultOutputID=eb4242b84205cdb22a311bb258e091fb DependenciesID=a06cb235be2993495ea6e7bb17b41532 StaticDependenciesID=1438fe0cb82ce82818629cc7ed2769f7 
Number of updated asset objects reloaded before import = 0Number of asset objects unloaded after import = 445

========================================================================
Received Import Request.
  Time since last request: 0.000025 seconds.
  path: Assets/Multistory Dungeons 2/Prefabs/FIRST-PERSON/FP ROOMS/FP_Room_13.prefab
  importAddress: Guid(efd975495b35414bafe1a6c393d2b225) Importer(815301076,1909f56bfc062723c751e8b465ee728b)
Start importing Assets/Multistory Dungeons 2/Prefabs/FIRST-PERSON/FP ROOMS/FP_Room_13.prefab using Guid(efd975495b35414bafe1a6c393d2b225) Importer(815301076,1909f56bfc062723c751e8b465ee728b) (PreviewImporter) -> (Import Result ID: 'ef3512faf9c12dd7e1187c32c09c3869') in 1.6964528 seconds [static and dynamic dependencies]. Details - ImportResultOutputID=7ef3b5767a883778f78723b0de90f493 DependenciesID=364a7b71e83bab21fe5a04b4ec413b2b StaticDependenciesID=0d792a8eff310584dff5f182cb6edecd 
Number of updated asset objects reloaded before import = 0Number of asset objects unloaded after import = 1203

========================================================================
Received Import Request.
  Time since last request: 24.540504 seconds.
  path: Assets/Multistory Dungeons 2/Prefabs/FIRST-PERSON/FP ROOMS/FP Connectors/Exit_Blocker_05.prefab
  importAddress: Guid(e0dacc011cdd42c48d388e8ec64072a5) Importer(815301076,1909f56bfc062723c751e8b465ee728b)
Start importing Assets/Multistory Dungeons 2/Prefabs/FIRST-PERSON/FP ROOMS/FP Connectors/Exit_Blocker_05.prefab using Guid(e0dacc011cdd42c48d388e8ec64072a5) Importer(815301076,1909f56bfc062723c751e8b465ee728b) (PreviewImporter) -> (Import Result ID: 'ccb871767749edb1e3276161aafec506') in 0.1311216 seconds [static and dynamic dependencies]. Details - ImportResultOutputID=7c57b44746b9e22a4593688000db106a DependenciesID=ed7fef914d2005dffdd7bad1ad2522aa StaticDependenciesID=7657370d65da6b82fb7c92836c47d47d 
Number of updated asset objects reloaded before import = 0Number of asset objects unloaded after import = 36

========================================================================
Received Import Request.
  Time since last request: 37.295617 seconds.
  path: Assets/Multistory Dungeons 2/Prefabs/FIRST-PERSON/FP Columns and Decor/Column_11.prefab
  importAddress: Guid(d8839064e1bb48788b19b68155d6ea2c) Importer(815301076,1909f56bfc062723c751e8b465ee728b)
Start importing Assets/Multistory Dungeons 2/Prefabs/FIRST-PERSON/FP Columns and Decor/Column_11.prefab using Guid(d8839064e1bb48788b19b68155d6ea2c) Importer(815301076,1909f56bfc062723c751e8b465ee728b) (PreviewImporter) -> (Import Result ID: '3e9f95ef29a8f78d6877c53821336a37') in 0.1763475 seconds [static and dynamic dependencies]. Details - ImportResultOutputID=47568bdbfabd70c7e9c1fc367da4da86 DependenciesID=8a3aef9ef732fd02dd22f97a5906a72d StaticDependenciesID=261d2dec38e12ebb1e0ad6e2c8952e78 
Number of updated asset objects reloaded before import = 0Number of asset objects unloaded after import = 12

========================================================================
Received Import Request.
  Time since last request: 0.000023 seconds.
  path: Assets/Multistory Dungeons 2/Prefabs/FIRST-PERSON/FP Columns and Decor/Column_14.prefab
  importAddress: Guid(7d9d5beccab949598a5264114644546d) Importer(815301076,1909f56bfc062723c751e8b465ee728b)
Start importing Assets/Multistory Dungeons 2/Prefabs/FIRST-PERSON/FP Columns and Decor/Column_14.prefab using Guid(7d9d5beccab949598a5264114644546d) Importer(815301076,1909f56bfc062723c751e8b465ee728b) (PreviewImporter) -> (Import Result ID: '42b19e37330aaee86bbe9fc47b62ec6e') in 0.0442735 seconds [static and dynamic dependencies]. Details - ImportResultOutputID=cfcc23c3bc1b0f95b974772fc57717e2 DependenciesID=7a7713bff14b6b2b76e4bf1d1d231679 StaticDependenciesID=95faaa56aa0eb49a507d0b8aa1ce4176 
Number of updated asset objects reloaded before import = 0Number of asset objects unloaded after import = 12

========================================================================
Received Import Request.
  Time since last request: 0.000035 seconds.
  path: Assets/Multistory Dungeons 2/Prefabs/FIRST-PERSON/FP Columns and Decor/Plinth_Corner_01.prefab
  importAddress: Guid(53041b24eb5241a0aff2d92fd6375c73) Importer(815301076,1909f56bfc062723c751e8b465ee728b)
Start importing Assets/Multistory Dungeons 2/Prefabs/FIRST-PERSON/FP Columns and Decor/Plinth_Corner_01.prefab using Guid(53041b24eb5241a0aff2d92fd6375c73) Importer(815301076,1909f56bfc062723c751e8b465ee728b) (PreviewImporter) -> (Import Result ID: '8539dcfb6aaa454200f261bca3231989') in 0.0419244 seconds [static and dynamic dependencies]. Details - ImportResultOutputID=840dddfe5b03760f2a45c304d3e75b60 DependenciesID=ee60382eb3165bc1cd03745ae2b41efd StaticDependenciesID=6fae6ee771358fd1bbadf2c999c1c7f7 
Number of updated asset objects reloaded before import = 0Number of asset objects unloaded after import = 13

========================================================================
Received Import Request.
  Time since last request: 0.000025 seconds.
  path: Assets/Multistory Dungeons 2/Prefabs/FIRST-PERSON/FP Columns and Decor/Cornice_01.prefab
  importAddress: Guid(6d759464e2cb487ab8e9efcc6be446cd) Importer(815301076,1909f56bfc062723c751e8b465ee728b)
Start importing Assets/Multistory Dungeons 2/Prefabs/FIRST-PERSON/FP Columns and Decor/Cornice_01.prefab using Guid(6d759464e2cb487ab8e9efcc6be446cd) Importer(815301076,1909f56bfc062723c751e8b465ee728b) (PreviewImporter) -> (Import Result ID: '6d3de20a783bf80b61c8ed7f7d35bd93') in 0.0367311 seconds [static and dynamic dependencies]. Details - ImportResultOutputID=b1d2cb239556633fb350c1b736abc232 DependenciesID=51f0bafd97ba1b5ac96c91616732c5e0 StaticDependenciesID=4014122dc5c6cec3a7227083b8517a35 
Number of updated asset objects reloaded before import = 0Number of asset objects unloaded after import = 12

========================================================================
Received Import Request.
  Time since last request: 0.000035 seconds.
  path: Assets/Multistory Dungeons 2/Prefabs/FIRST-PERSON/FP Columns and Decor/Cornice_Corner_01.prefab
  importAddress: Guid(0f85c585b1a147b3b98f19ed6bb76bc6) Importer(815301076,1909f56bfc062723c751e8b465ee728b)
Start importing Assets/Multistory Dungeons 2/Prefabs/FIRST-PERSON/FP Columns and Decor/Cornice_Corner_01.prefab using Guid(0f85c585b1a147b3b98f19ed6bb76bc6) Importer(815301076,1909f56bfc062723c751e8b465ee728b) (PreviewImporter) -> (Import Result ID: '15b9345287916d9c215ea04276ff7de8') in 0.040666 seconds [static and dynamic dependencies]. Details - ImportResultOutputID=1cb6f88ee6f3f3d525276d17074dafee DependenciesID=93efe84f1cc6cc451590e973419caa4c StaticDependenciesID=7bee8de783156fde7d1c9da6290a8a7b 
Number of updated asset objects reloaded before import = 0Number of asset objects unloaded after import = 13

========================================================================
Received Import Request.
  Time since last request: 0.000021 seconds.
  path: Assets/Multistory Dungeons 2/Prefabs/FIRST-PERSON/FP Columns and Decor/Cornice_04.prefab
  importAddress: Guid(0de15a58e1f74ac7894934ec380d4b9c) Importer(815301076,1909f56bfc062723c751e8b465ee728b)
Start importing Assets/Multistory Dungeons 2/Prefabs/FIRST-PERSON/FP Columns and Decor/Cornice_04.prefab using Guid(0de15a58e1f74ac7894934ec380d4b9c) Importer(815301076,1909f56bfc062723c751e8b465ee728b) (PreviewImporter) -> (Import Result ID: 'dcd3d02f6ceae31b96a29253f9cd2b53') in 0.0491227 seconds [static and dynamic dependencies]. Details - ImportResultOutputID=e61f2b2628d611175afe1828921c0851 DependenciesID=1a752b44747f7e3380d58dd676a53b9a StaticDependenciesID=36434e27775f975db7e204adf6f10a3c 
Number of updated asset objects reloaded before import = 0Number of asset objects unloaded after import = 12

========================================================================
Received Import Request.
  Time since last request: 4.268876 seconds.
  path: Assets/Multistory Dungeons 2/Prefabs/FIRST-PERSON/FP Base/Arch_05.prefab
  importAddress: Guid(be5ec8b47d49414aa4b05006bb4fa351) Importer(815301076,1909f56bfc062723c751e8b465ee728b)
Start importing Assets/Multistory Dungeons 2/Prefabs/FIRST-PERSON/FP Base/Arch_05.prefab using Guid(be5ec8b47d49414aa4b05006bb4fa351) Importer(815301076,1909f56bfc062723c751e8b465ee728b) (PreviewImporter) -> (Import Result ID: '0d3c54ae828dc620a9acb7ee9ba46e49') in 0.0613072 seconds [static and dynamic dependencies]. Details - ImportResultOutputID=f5d61b2d6bf87b6fd893ae31f7f3688a DependenciesID=e153bb2617543a77bca7f7ea2c8a2220 StaticDependenciesID=66e069ed54f420f264f57a3a2caf82e1 
Number of updated asset objects reloaded before import = 0Number of asset objects unloaded after import = 17

========================================================================
Received Import Request.
  Time since last request: 0.000035 seconds.
  path: Assets/Multistory Dungeons 2/Prefabs/FIRST-PERSON/FP Base/Ceiling_Flat_01.prefab
  importAddress: Guid(c73686ba0ba442169a15faa1bca99fd0) Importer(815301076,1909f56bfc062723c751e8b465ee728b)
Start importing Assets/Multistory Dungeons 2/Prefabs/FIRST-PERSON/FP Base/Ceiling_Flat_01.prefab using Guid(c73686ba0ba442169a15faa1bca99fd0) Importer(815301076,1909f56bfc062723c751e8b465ee728b) (PreviewImporter) -> (Import Result ID: '329dd9626763e3e4f40bc90d1ed1fae4') in 0.1010098 seconds [static and dynamic dependencies]. Details - ImportResultOutputID=2476170efcf01eacdb206e37a2edca43 DependenciesID=0cd5854cf2ba1c63649f6d8553ff4ba5 StaticDependenciesID=52d5c009c552cfd741991cfd95aec496 
Number of updated asset objects reloaded before import = 0Number of asset objects unloaded after import = 12

========================================================================
Received Import Request.
  Time since last request: 0.000027 seconds.
  path: Assets/Multistory Dungeons 2/Prefabs/FIRST-PERSON/FP Base/Floor_Rounded_05.prefab
  importAddress: Guid(6053a3e88e354fc2aceb749a0bca207e) Importer(815301076,1909f56bfc062723c751e8b465ee728b)
Start importing Assets/Multistory Dungeons 2/Prefabs/FIRST-PERSON/FP Base/Floor_Rounded_05.prefab using Guid(6053a3e88e354fc2aceb749a0bca207e) Importer(815301076,1909f56bfc062723c751e8b465ee728b) (PreviewImporter) -> (Import Result ID: '2d15bb0b7f5bae9f02aa5d9731a17da5') in 0.0657402 seconds [static and dynamic dependencies]. Details - ImportResultOutputID=8fb58a1b80f3b3c16849ea82958cb8dc DependenciesID=8624460c3076081b205a9b013d23fa90 StaticDependenciesID=40e4ee3b8bedcb12a7c8dd5eb9da2ac4 
Number of updated asset objects reloaded before import = 0Number of asset objects unloaded after import = 13

========================================================================
Received Import Request.
  Time since last request: 0.000023 seconds.
  path: Assets/Multistory Dungeons 2/Prefabs/FIRST-PERSON/FP Base/Floor_Rounded_07.prefab
  importAddress: Guid(5114ec7b9545414da8cc22505baad94b) Importer(815301076,1909f56bfc062723c751e8b465ee728b)
Start importing Assets/Multistory Dungeons 2/Prefabs/FIRST-PERSON/FP Base/Floor_Rounded_07.prefab using Guid(5114ec7b9545414da8cc22505baad94b) Importer(815301076,1909f56bfc062723c751e8b465ee728b) (PreviewImporter) -> (Import Result ID: '08f1f8f2d617ffd3bb8f6fa292df2ba5') in 0.0698877 seconds [static and dynamic dependencies]. Details - ImportResultOutputID=5eb14c3de5e00eada81efe2e62a7dc0c DependenciesID=c556e63164517eb3046e42afbfbd3e43 StaticDependenciesID=44454ff7d482beb5e9595bfc18cec5cc 
Number of updated asset objects reloaded before import = 0Number of asset objects unloaded after import = 17

========================================================================
Received Import Request.
  Time since last request: 0.000029 seconds.
  path: Assets/Multistory Dungeons 2/Prefabs/FIRST-PERSON/FP Base/Ceiling_07.prefab
  importAddress: Guid(74288e59c15543b585b3656cd0913fe6) Importer(815301076,1909f56bfc062723c751e8b465ee728b)
Start importing Assets/Multistory Dungeons 2/Prefabs/FIRST-PERSON/FP Base/Ceiling_07.prefab using Guid(74288e59c15543b585b3656cd0913fe6) Importer(815301076,1909f56bfc062723c751e8b465ee728b) (PreviewImporter) -> (Import Result ID: '419ddba384532665cd45c2649bc7e75d') in 0.0358273 seconds [static and dynamic dependencies]. Details - ImportResultOutputID=2a7a58e57d93fceb063ead3fcb7cc372 DependenciesID=1e936be00c446b80b7873011ac67711b StaticDependenciesID=ff3474bdcc0acd01a2653ca7a3b874bb 
Number of updated asset objects reloaded before import = 0Number of asset objects unloaded after import = 24

========================================================================
Received Import Request.
  Time since last request: 0.000027 seconds.
  path: Assets/Multistory Dungeons 2/Prefabs/FIRST-PERSON/FP Base/Archway_03.prefab
  importAddress: Guid(726d99a369464547b4c55cfa727e0180) Importer(815301076,1909f56bfc062723c751e8b465ee728b)
Start importing Assets/Multistory Dungeons 2/Prefabs/FIRST-PERSON/FP Base/Archway_03.prefab using Guid(726d99a369464547b4c55cfa727e0180) Importer(815301076,1909f56bfc062723c751e8b465ee728b) (PreviewImporter) -> (Import Result ID: 'cc01b6bbdf4bf9324bc3f8343b5e6d4b') in 0.0382653 seconds [static and dynamic dependencies]. Details - ImportResultOutputID=f03a3cdbb984039a5350193bf64f6e89 DependenciesID=c992bd4134a61fad0859128323911093 StaticDependenciesID=9859835658fc5c443bd356fa9bbdebaf 
Number of updated asset objects reloaded before import = 0Number of asset objects unloaded after import = 19

========================================================================
Received Import Request.
  Time since last request: 0.000039 seconds.
  path: Assets/Multistory Dungeons 2/Prefabs/FIRST-PERSON/FP Base/Floor_Curved_01.prefab
  importAddress: Guid(c76cadc916c34855acf2e5cdfac33baa) Importer(815301076,1909f56bfc062723c751e8b465ee728b)
Start importing Assets/Multistory Dungeons 2/Prefabs/FIRST-PERSON/FP Base/Floor_Curved_01.prefab using Guid(c76cadc916c34855acf2e5cdfac33baa) Importer(815301076,1909f56bfc062723c751e8b465ee728b) (PreviewImporter) -> (Import Result ID: 'e35a977e0ca089ac26c428d508c46239') in 0.0526875 seconds [static and dynamic dependencies]. Details - ImportResultOutputID=d003b7be04cd9c209c9a1e157d7a2c53 DependenciesID=68621b620f739262c50ca9f4642db70c StaticDependenciesID=6d054815e6e260e6cd51d850b81ffd75 
Number of updated asset objects reloaded before import = 0Number of asset objects unloaded after import = 23

========================================================================
Received Import Request.
  Time since last request: 0.000026 seconds.
  path: Assets/Multistory Dungeons 2/Prefabs/FIRST-PERSON/FP Base/Doorway_01.prefab
  importAddress: Guid(eb2d0c1a4b284b0badc88c56f003ef70) Importer(815301076,1909f56bfc062723c751e8b465ee728b)
Start importing Assets/Multistory Dungeons 2/Prefabs/FIRST-PERSON/FP Base/Doorway_01.prefab using Guid(eb2d0c1a4b284b0badc88c56f003ef70) Importer(815301076,1909f56bfc062723c751e8b465ee728b) (PreviewImporter) -> (Import Result ID: '2c56f553194d5b0297a765d61f192376') in 0.0388775 seconds [static and dynamic dependencies]. Details - ImportResultOutputID=ee125603faa01d4a5d309fa0829ed42a DependenciesID=5e419a3016dcbfc59294063104a0a661 StaticDependenciesID=ac4826793532f2d8ab521770d9af218d 
Number of updated asset objects reloaded before import = 0Number of asset objects unloaded after import = 19

========================================================================
Received Import Request.
  Time since last request: 0.000036 seconds.
  path: Assets/Multistory Dungeons 2/Prefabs/FIRST-PERSON/FP Base/Floor_03.prefab
  importAddress: Guid(22d20b33df44406fb505f11b6e11d77b) Importer(815301076,1909f56bfc062723c751e8b465ee728b)
Start importing Assets/Multistory Dungeons 2/Prefabs/FIRST-PERSON/FP Base/Floor_03.prefab using Guid(22d20b33df44406fb505f11b6e11d77b) Importer(815301076,1909f56bfc062723c751e8b465ee728b) (PreviewImporter) -> (Import Result ID: '7dba1b99e679343399c9390c0e4e6414') in 0.0493396 seconds [static and dynamic dependencies]. Details - ImportResultOutputID=5aeef34c6e16517ba3cafc058c3c6473 DependenciesID=aca9533eb93c35dc982f987689bb3c76 StaticDependenciesID=1e8079ca0bf30541297e8265f08dcfb9 
Number of updated asset objects reloaded before import = 0Number of asset objects unloaded after import = 12

========================================================================
Received Import Request.
  Time since last request: 4.919538 seconds.
  path: Assets/Multistory Dungeons 2/Prefabs/FIRST-PERSON/FP Base/Ruined/Archway_Ruined_03.prefab
  importAddress: Guid(d2a2056151cb46e884ced3bf719fd657) Importer(815301076,1909f56bfc062723c751e8b465ee728b)
Start importing Assets/Multistory Dungeons 2/Prefabs/FIRST-PERSON/FP Base/Ruined/Archway_Ruined_03.prefab using Guid(d2a2056151cb46e884ced3bf719fd657) Importer(815301076,1909f56bfc062723c751e8b465ee728b) (PreviewImporter) -> (Import Result ID: 'fe5232d616095ee85a356492aa64b45d') in 0.1438051 seconds [static and dynamic dependencies]. Details - ImportResultOutputID=a166489289041a4635f56611cd93307d DependenciesID=b5626549191e33e6d9c0119d480502eb StaticDependenciesID=3fbfe2f3f2d4528ac115b990c9fcdf22 
Number of updated asset objects reloaded before import = 0Number of asset objects unloaded after import = 15

========================================================================
Received Import Request.
  Time since last request: 0.000023 seconds.
  path: Assets/Multistory Dungeons 2/Prefabs/FIRST-PERSON/FP Base/Ruined/Archway_Tall_Ruined_02.prefab
  importAddress: Guid(57c78b53eada4416885ff29e3a9ab9cd) Importer(815301076,1909f56bfc062723c751e8b465ee728b)
Start importing Assets/Multistory Dungeons 2/Prefabs/FIRST-PERSON/FP Base/Ruined/Archway_Tall_Ruined_02.prefab using Guid(57c78b53eada4416885ff29e3a9ab9cd) Importer(815301076,1909f56bfc062723c751e8b465ee728b) (PreviewImporter) -> (Import Result ID: 'ca85019f61b7c78f501f71c686ecb386') in 0.0440661 seconds [static and dynamic dependencies]. Details - ImportResultOutputID=7e856f544527263b7dd36cbc8f200a1f DependenciesID=3b847f7fbeb43f336a0866703102ac27 StaticDependenciesID=ab24578fbfaa03bd7e61becbf3b3abef 
Number of updated asset objects reloaded before import = 0Number of asset objects unloaded after import = 15

========================================================================
Received Import Request.
  Time since last request: 0.000036 seconds.
  path: Assets/Multistory Dungeons 2/Prefabs/FIRST-PERSON/FP Base/Ruined/FP_Wall_Ruined_01.prefab
  importAddress: Guid(fe29d409a639461993184c077b53264f) Importer(815301076,1909f56bfc062723c751e8b465ee728b)
Start importing Assets/Multistory Dungeons 2/Prefabs/FIRST-PERSON/FP Base/Ruined/FP_Wall_Ruined_01.prefab using Guid(fe29d409a639461993184c077b53264f) Importer(815301076,1909f56bfc062723c751e8b465ee728b) (PreviewImporter) -> (Import Result ID: 'ac9b3960cf60b4f135782fd4856646c8') in 0.0297682 seconds [static and dynamic dependencies]. Details - ImportResultOutputID=b928a2b1586359a45b12d835db84a803 DependenciesID=c2901985474edafbd8090362f59a29dc StaticDependenciesID=11b4ea391252aad02e134e9b2a8cc2af 
Number of updated asset objects reloaded before import = 0Number of asset objects unloaded after import = 13

========================================================================
Received Import Request.
  Time since last request: 0.000023 seconds.
  path: Assets/Multistory Dungeons 2/Prefabs/FIRST-PERSON/FP Base/Ruined/Brick_01.prefab
  importAddress: Guid(1ad651ff8739477c8c842f2dd4edf3bf) Importer(815301076,1909f56bfc062723c751e8b465ee728b)
Start importing Assets/Multistory Dungeons 2/Prefabs/FIRST-PERSON/FP Base/Ruined/Brick_01.prefab using Guid(1ad651ff8739477c8c842f2dd4edf3bf) Importer(815301076,1909f56bfc062723c751e8b465ee728b) (PreviewImporter) -> (Import Result ID: 'a17da8ce2958dadfa9ba1f48287f54c1') in 0.0497854 seconds [static and dynamic dependencies]. Details - ImportResultOutputID=3f251f88d5599910feb6cace2e764af6 DependenciesID=629de9cc1ea47b08aadbc4997dcdc902 StaticDependenciesID=b57c2d12a39300d9888ddee52c3abc28 
Number of updated asset objects reloaded before import = 0Number of asset objects unloaded after import = 12

========================================================================
Received Import Request.
  Time since last request: 0.000021 seconds.
  path: Assets/Multistory Dungeons 2/Prefabs/FIRST-PERSON/FP Base/Ruined/Floor_Ruined_Corner_03.prefab
  importAddress: Guid(382d6f927fe2434fae407cd8bf94edb1) Importer(815301076,1909f56bfc062723c751e8b465ee728b)
Start importing Assets/Multistory Dungeons 2/Prefabs/FIRST-PERSON/FP Base/Ruined/Floor_Ruined_Corner_03.prefab using Guid(382d6f927fe2434fae407cd8bf94edb1) Importer(815301076,1909f56bfc062723c751e8b465ee728b) (PreviewImporter) -> (Import Result ID: 'adef495aa7725cab821082dcd966117a') in 0.0301988 seconds [static and dynamic dependencies]. Details - ImportResultOutputID=3ff1fe89ce1410e28330c4ead39f7895 DependenciesID=e0e59e1f62a022e54853cd72151e96c0 StaticDependenciesID=80f112326a055bf76200190839283a87 
Number of updated asset objects reloaded before import = 0Number of asset objects unloaded after import = 13

========================================================================
Received Prepare
Begin MonoManager ReloadAssembly
[Licensing::Client] Successfully resolved entitlement details
Assembly Assembly-CSharp-Editor-firstpass.dll at Library/ScriptAssemblies/Assembly-CSharp-Editor-firstpass.dll not valid. Loading of assembly skipped.
Assembly Assembly-CSharp-firstpass.dll at Library/ScriptAssemblies/Assembly-CSharp-firstpass.dll not valid. Loading of assembly skipped.
Assembly DocCodeExamples.dll at Library/ScriptAssemblies/DocCodeExamples.dll not valid. Loading of assembly skipped.
Assembly TestNewCustomAssembly.dll at Library/ScriptAssemblies/TestNewCustomAssembly.dll not valid. Loading of assembly skipped.
Assembly Unity.Collections.BurstCompatibilityGen.dll at Library/ScriptAssemblies/Unity.Collections.BurstCompatibilityGen.dll not valid. Loading of assembly skipped.
Assembly Unity.Collections.DocCodeSamples.dll at Library/ScriptAssemblies/Unity.Collections.DocCodeSamples.dll not valid. Loading of assembly skipped.
Assembly Unity.Collections.PerformanceTests.dll at Library/ScriptAssemblies/Unity.Collections.PerformanceTests.dll not valid. Loading of assembly skipped.
Assembly Unity.Collections.Tests.dll at Library/ScriptAssemblies/Unity.Collections.Tests.dll not valid. Loading of assembly skipped.
Assembly Unity.Collections.Tests.Playmode.dll at Library/ScriptAssemblies/Unity.Collections.Tests.Playmode.dll not valid. Loading of assembly skipped.
Assembly Unity.InputSystem.IntegrationTests.dll at Library/ScriptAssemblies/Unity.InputSystem.IntegrationTests.dll not valid. Loading of assembly skipped.
Assembly Unity.Mathematics.Tests.dll at Library/ScriptAssemblies/Unity.Mathematics.Tests.dll not valid. Loading of assembly skipped.
Assembly Unity.Multiplayer.Center.Editor.Tests.dll at Library/ScriptAssemblies/Unity.Multiplayer.Center.Editor.Tests.dll not valid. Loading of assembly skipped.
Assembly Unity.Multiplayer.Center.Tests.dll at Library/ScriptAssemblies/Unity.Multiplayer.Center.Tests.dll not valid. Loading of assembly skipped.
Assembly Unity.Nuget.Mono-Cecil.dll at Library/ScriptAssemblies/Unity.Nuget.Mono-Cecil.dll not valid. Loading of assembly skipped.
Assembly Unity.PathTracing.Editor.Tests.dll at Library/ScriptAssemblies/Unity.PathTracing.Editor.Tests.dll not valid. Loading of assembly skipped.
Assembly Unity.PathTracing.Runtime.Tests.dll at Library/ScriptAssemblies/Unity.PathTracing.Runtime.Tests.dll not valid. Loading of assembly skipped.
Assembly Unity.RenderPipelines.Core.Editor.Tests.dll at Library/ScriptAssemblies/Unity.RenderPipelines.Core.Editor.Tests.dll not valid. Loading of assembly skipped.
Assembly Unity.RenderPipelines.Core.Runtime.Tests.dll at Library/ScriptAssemblies/Unity.RenderPipelines.Core.Runtime.Tests.dll not valid. Loading of assembly skipped.
Assembly Unity.RenderPipelines.Universal.Config.Editor.Tests.dll at Library/ScriptAssemblies/Unity.RenderPipelines.Universal.Config.Editor.Tests.dll not valid. Loading of assembly skipped.
Assembly Unity.RenderPipelines.Universal.Editor.Tests.dll at Library/ScriptAssemblies/Unity.RenderPipelines.Universal.Editor.Tests.dll not valid. Loading of assembly skipped.
Assembly Unity.RenderPipelines.Universal.Runtime.Tests.dll at Library/ScriptAssemblies/Unity.RenderPipelines.Universal.Runtime.Tests.dll not valid. Loading of assembly skipped.
Assembly Unity.Searcher.EditorTests.dll at Library/ScriptAssemblies/Unity.Searcher.EditorTests.dll not valid. Loading of assembly skipped.
Assembly Unity.ShaderGraph.Editor.Tests.dll at Library/ScriptAssemblies/Unity.ShaderGraph.Editor.Tests.dll not valid. Loading of assembly skipped.
Assembly Unity.TextMeshPro.Editor.Tests.dll at Library/ScriptAssemblies/Unity.TextMeshPro.Editor.Tests.dll not valid. Loading of assembly skipped.
Assembly Unity.TextMeshPro.Tests.dll at Library/ScriptAssemblies/Unity.TextMeshPro.Tests.dll not valid. Loading of assembly skipped.
Assembly Unity.UnifiedRayTracing.Editor.Tests.dll at Library/ScriptAssemblies/Unity.UnifiedRayTracing.Editor.Tests.dll not valid. Loading of assembly skipped.
Assembly UnityEditor.UI.Common.Tests.dll at Library/ScriptAssemblies/UnityEditor.UI.Common.Tests.dll not valid. Loading of assembly skipped.
Assembly UnityEditor.UI.EditorTests.dll at Library/ScriptAssemblies/UnityEditor.UI.EditorTests.dll not valid. Loading of assembly skipped.
Assembly UnityEngine.UI.Tests.dll at Library/ScriptAssemblies/UnityEngine.UI.Tests.dll not valid. Loading of assembly skipped.
Assertion failed on expression: 'pred(*previous, *i)'
Assertion failed on expression: 'pred(*previous, *i)'
Assertion failed on expression: 'pred(*previous, *i)'
Native extension for UWP target not found
Native extension for WindowsStandalone target not found
Native extension for WebGL target not found
[Package Manager] Failed to launch server process. Reason: Unity was launched with the -noUpm command-line argument
[Package Manager] Unable to send message (not connected to server process).
[Package Manager] Cannot connect to Unity Package Manager local server
[Package Manager] Failed to launch server process. Reason: Unity was launched with the -noUpm command-line argument
[Package Manager] Unable to send message (not connected to server process).
[Package Manager] Cannot connect to Unity Package Manager local server
ScheduleIndexationOnStartup MainProcess:False IndexOnStartup:True
Mono: successfully reloaded assembly
- Finished resetting the current domain, in  0.511 seconds
Domain Reload Profiling: 1111ms
	BeginReloadAssembly (182ms)
		DisableScriptedObjects (14ms)
		CreateAndSetChildDomain (53ms)
	RebuildCommonClasses (27ms)
	RebuildNativeTypeToScriptingClass (10ms)
	initialDomainReloadingComplete (41ms)
	LoadAllAssembliesAndSetupDomain (340ms)
		LoadAssemblies (270ms)
		AnalyzeDomain (139ms)
			TypeCache.Refresh (7ms)
			BuildScriptInfoCaches (123ms)
			ResolveRequiredComponents (8ms)
	FinalizeReload (512ms)
		SetupLoadedEditorAssemblies (0ms)
			InitializePlatformSupportModulesInManaged (9ms)
			BeforeProcessingInitializeOnLoad (104ms)
			ProcessInitializeOnLoadAttributes (195ms)
			ProcessInitializeOnLoadMethodAttributes (69ms)
			AfterProcessingInitializeOnLoad (4ms)
		AwakeInstancesAfterBackupRestoration (10ms)
Unloading 24 Unused Serialized files (Serialized files now loaded: 0)
Unloading 6695 unused Assets / (5.0 MB). Loaded Objects now: 7428.
Memory consumption went from 188.2 MB to 183.3 MB.
Total: 7.195900 ms (FindLiveObjects: 0.823200 ms CreateObjectMapping: 0.207100 ms MarkObjects: 4.030200 ms  DeleteObjects: 2.134500 ms)

Prepare: number of updated asset objects reloaded= 0
========================================================================
Received Import Request.
  Time since last request: 51.232672 seconds.
  path: Assets/Multistory Dungeons 2/Prefabs/Props/Barrels_Preset_03.prefab
  importAddress: Guid(1de99f1c9e134fa8b97f4d761833de57) Importer(815301076,1909f56bfc062723c751e8b465ee728b)
Start importing Assets/Multistory Dungeons 2/Prefabs/Props/Barrels_Preset_03.prefab using Guid(1de99f1c9e134fa8b97f4d761833de57) Importer(815301076,1909f56bfc062723c751e8b465ee728b) (PreviewImporter) -> (Import Result ID: 'a265695a7878cfdd2c3c177884cf3b4b') in 0.3504244 seconds [static and dynamic dependencies]. Details - ImportResultOutputID=5f568e17adf610b4475d1d5fe3a5740d DependenciesID=6ce1e229c05c3ca776517784027ac3be StaticDependenciesID=30837b93e4c2581e6d78da3a4ccf0e37 
Number of updated asset objects reloaded before import = 0Number of asset objects unloaded after import = 15

========================================================================
Received Import Request.
  Time since last request: 0.000055 seconds.
  path: Assets/Multistory Dungeons 2/Prefabs/Props/Lantern_Handheld_01.prefab
  importAddress: Guid(c2b5621c0df447c6832963ba7245f335) Importer(815301076,1909f56bfc062723c751e8b465ee728b)
Start importing Assets/Multistory Dungeons 2/Prefabs/Props/Lantern_Handheld_01.prefab using Guid(c2b5621c0df447c6832963ba7245f335) Importer(815301076,1909f56bfc062723c751e8b465ee728b) (PreviewImporter) -> (Import Result ID: '3628d881cbc3efa6f952695fa443f41d') in 0.0224121 seconds [static and dynamic dependencies]. Details - ImportResultOutputID=d404c9be16366d32272932fb8cf000a7 DependenciesID=10793f04127beed97cff0f4f32387f51 StaticDependenciesID=f30686154c6bff068c93408bf0a60306 
Number of updated asset objects reloaded before import = 0Number of asset objects unloaded after import = 33

========================================================================
Received Import Request.
  Time since last request: 0.000031 seconds.
  path: Assets/Multistory Dungeons 2/Prefabs/Props/Candles_04.prefab
  importAddress: Guid(4ca27bc633e2469a911874c5d25aa6a9) Importer(815301076,1909f56bfc062723c751e8b465ee728b)
Start importing Assets/Multistory Dungeons 2/Prefabs/Props/Candles_04.prefab using Guid(4ca27bc633e2469a911874c5d25aa6a9) Importer(815301076,1909f56bfc062723c751e8b465ee728b) (PreviewImporter) -> (Import Result ID: '80f45be7cfac44e2fbf1d61d6d443e5f') in 0.0378854 seconds [static and dynamic dependencies]. Details - ImportResultOutputID=e2682892d1c69763f853726d66e447e5 DependenciesID=969390c6aa7f3f2a5013c0acf65d75ac StaticDependenciesID=b6b8799d0eb575be4001c1b41b057691 
Number of updated asset objects reloaded before import = 0Number of asset objects unloaded after import = 36

========================================================================
Received Import Request.
  Time since last request: 0.000021 seconds.
  path: Assets/Multistory Dungeons 2/Prefabs/Props/Candle_04.prefab
  importAddress: Guid(1960faf6eb584ed791bfca46bf40ecf4) Importer(815301076,1909f56bfc062723c751e8b465ee728b)
Start importing Assets/Multistory Dungeons 2/Prefabs/Props/Candle_04.prefab using Guid(1960faf6eb584ed791bfca46bf40ecf4) Importer(815301076,1909f56bfc062723c751e8b465ee728b) (PreviewImporter) -> (Import Result ID: 'ed1d1c65c787cc24d3d02860647268c8') in 0.0227572 seconds [static and dynamic dependencies]. Details - ImportResultOutputID=6bf5b78b95a052ad8ddfce80ad01be5d DependenciesID=a17e6b844c2b251943c1377ff731bb75 StaticDependenciesID=e032b8fc45cf4136232c88d15ce0c2d4 
Number of updated asset objects reloaded before import = 0Number of asset objects unloaded after import = 32

========================================================================
Received Import Request.
  Time since last request: 0.000020 seconds.
  path: Assets/Multistory Dungeons 2/Prefabs/Props/Candles_02.prefab
  importAddress: Guid(502607ad5cbe456193f957ac30014e3a) Importer(815301076,1909f56bfc062723c751e8b465ee728b)
Start importing Assets/Multistory Dungeons 2/Prefabs/Props/Candles_02.prefab using Guid(502607ad5cbe456193f957ac30014e3a) Importer(815301076,1909f56bfc062723c751e8b465ee728b) (PreviewImporter) -> (Import Result ID: '8276f69586af3fbdd7945d094b6ad1b5') in 0.0227685 seconds [static and dynamic dependencies]. Details - ImportResultOutputID=82cac22bbbdcac8e92aebd2c8e4e233f DependenciesID=5e2deac319764e230e995ed597a2ca03 StaticDependenciesID=da2be9d653c2fead20dee0a62f320fa6 
Number of updated asset objects reloaded before import = 0Number of asset objects unloaded after import = 51

========================================================================
Received Import Request.
  Time since last request: 6.201696 seconds.
  path: Assets/Multistory Dungeons 2/Prefabs/Props/Furniture/Cupboard_01.prefab
  importAddress: Guid(064ab94ee3ce4c9892a2682dc57ce18e) Importer(815301076,1909f56bfc062723c751e8b465ee728b)
Start importing Assets/Multistory Dungeons 2/Prefabs/Props/Furniture/Cupboard_01.prefab using Guid(064ab94ee3ce4c9892a2682dc57ce18e) Importer(815301076,1909f56bfc062723c751e8b465ee728b) (PreviewImporter) -> (Import Result ID: '64f67b070263995ce46aeead4c9b0e58') in 0.1560916 seconds [static and dynamic dependencies]. Details - ImportResultOutputID=372c3685c02f5e714c836908f2a92a15 DependenciesID=979f122cfdf83df6ee337caa2b51ea9e StaticDependenciesID=6b72a18d785c3b49afaa78e3b31f4c1c 
Number of updated asset objects reloaded before import = 0Number of asset objects unloaded after import = 12

========================================================================
Received Import Request.
  Time since last request: 0.000037 seconds.
  path: Assets/Multistory Dungeons 2/Prefabs/Props/Furniture/Shelf_01.prefab
  importAddress: Guid(0204815ed6d44124b96dba2ddd5ec69e) Importer(815301076,1909f56bfc062723c751e8b465ee728b)
Start importing Assets/Multistory Dungeons 2/Prefabs/Props/Furniture/Shelf_01.prefab using Guid(0204815ed6d44124b96dba2ddd5ec69e) Importer(815301076,1909f56bfc062723c751e8b465ee728b) (PreviewImporter) -> (Import Result ID: '5d9e82a71df876cd5ed71de629240e93') in 0.1039609 seconds [static and dynamic dependencies]. Details - ImportResultOutputID=9d82f5370cd7cda880aeeabfb10268f9 DependenciesID=ed5dcf204e5fdad6fa009040048e0757 StaticDependenciesID=1c5d4ad12488a76aa605df97b3d47d5f 
Number of updated asset objects reloaded before import = 0Number of asset objects unloaded after import = 12

========================================================================
Received Import Request.
  Time since last request: 0.000042 seconds.
  path: Assets/Multistory Dungeons 2/Prefabs/Props/Furniture/Rostrum_Preset_01.prefab
  importAddress: Guid(663177e7db344bd692306990641ca5e1) Importer(815301076,1909f56bfc062723c751e8b465ee728b)
Start importing Assets/Multistory Dungeons 2/Prefabs/Props/Furniture/Rostrum_Preset_01.prefab using Guid(663177e7db344bd692306990641ca5e1) Importer(815301076,1909f56bfc062723c751e8b465ee728b) (PreviewImporter) -> (Import Result ID: 'b5f220c52337a831d84db06b5e8fc19d') in 0.0509581 seconds [static and dynamic dependencies]. Details - ImportResultOutputID=a7bfe874472d27948826c048b4b9b0b7 DependenciesID=1e23ef16285147af29f33fa6d63cccd6 StaticDependenciesID=fe3be3e89563435c2223946cfb796885 
Number of updated asset objects reloaded before import = 0Number of asset objects unloaded after import = 36

========================================================================
Received Import Request.
  Time since last request: 0.000030 seconds.
  path: Assets/Multistory Dungeons 2/Prefabs/Props/Furniture/Cupboard_Preset_02.prefab
  importAddress: Guid(d3f5491481ca44e6a5445d9009794c0c) Importer(815301076,1909f56bfc062723c751e8b465ee728b)
Start importing Assets/Multistory Dungeons 2/Prefabs/Props/Furniture/Cupboard_Preset_02.prefab using Guid(d3f5491481ca44e6a5445d9009794c0c) Importer(815301076,1909f56bfc062723c751e8b465ee728b) (PreviewImporter) -> (Import Result ID: '356def37aa0daa2a88512117797e7b4d') in 0.0418035 seconds [static and dynamic dependencies]. Details - ImportResultOutputID=28326b7352f62462834e86ce9c956497 DependenciesID=46c8f14a9f85f9ef84f729991d446faa StaticDependenciesID=484b2cf208b899521b29956e0b722fcb 
Number of updated asset objects reloaded before import = 0Number of asset objects unloaded after import = 22

========================================================================
Received Import Request.
  Time since last request: 0.000026 seconds.
  path: Assets/Multistory Dungeons 2/Prefabs/Props/Furniture/Drawer_Preset_02.prefab
  importAddress: Guid(b2c20920a51e43e39c7bc73ae33fa1df) Importer(815301076,1909f56bfc062723c751e8b465ee728b)
Start importing Assets/Multistory Dungeons 2/Prefabs/Props/Furniture/Drawer_Preset_02.prefab using Guid(b2c20920a51e43e39c7bc73ae33fa1df) Importer(815301076,1909f56bfc062723c751e8b465ee728b) (PreviewImporter) -> (Import Result ID: 'de12cf8b6c53de30c31e91069825c39e') in 0.0561055 seconds [static and dynamic dependencies]. Details - ImportResultOutputID=91f7aefaba067963eac65f04ab73d6bf DependenciesID=3fe43473496746402e9350f937eb6568 StaticDependenciesID=f459d684de505b26e51c951ba721ab7f 
Number of updated asset objects reloaded before import = 0Number of asset objects unloaded after import = 21

========================================================================
Received Import Request.
  Time since last request: 0.000034 seconds.
  path: Assets/Multistory Dungeons 2/Prefabs/Props/Furniture/Ladder_01.prefab
  importAddress: Guid(871313d097424a8da9d90dc4db5a48ba) Importer(815301076,1909f56bfc062723c751e8b465ee728b)
Start importing Assets/Multistory Dungeons 2/Prefabs/Props/Furniture/Ladder_01.prefab using Guid(871313d097424a8da9d90dc4db5a48ba) Importer(815301076,1909f56bfc062723c751e8b465ee728b) (PreviewImporter) -> (Import Result ID: 'd2a41ba30f42fa658de9337df8453669') in 0.017673 seconds [static and dynamic dependencies]. Details - ImportResultOutputID=9aed583c2c491a5262393f1b52a071af DependenciesID=df0b508d36a3fabfd496e0fc567f3d83 StaticDependenciesID=6b293038d627902b94ce0fa96cf27278 
Number of updated asset objects reloaded before import = 0Number of asset objects unloaded after import = 13

========================================================================
Received Import Request.
  Time since last request: 0.000032 seconds.
  path: Assets/Multistory Dungeons 2/Prefabs/Props/Furniture/Table_Preset_05.prefab
  importAddress: Guid(ac54d2d6fecb48fe86a84515a8d01eb9) Importer(815301076,1909f56bfc062723c751e8b465ee728b)
Start importing Assets/Multistory Dungeons 2/Prefabs/Props/Furniture/Table_Preset_05.prefab using Guid(ac54d2d6fecb48fe86a84515a8d01eb9) Importer(815301076,1909f56bfc062723c751e8b465ee728b) (PreviewImporter) -> (Import Result ID: '11974211acdf812921670060db4e6a99') in 0.0413985 seconds [static and dynamic dependencies]. Details - ImportResultOutputID=0877e1699332ac9a33f78eafcab533dd DependenciesID=d5cbd8e00896c380adb6e5950d46adff StaticDependenciesID=23f845d0625ab226afb56b4164c3502b 
Number of updated asset objects reloaded before import = 0Number of asset objects unloaded after import = 21

========================================================================
Received Import Request.
  Time since last request: 0.000026 seconds.
  path: Assets/Multistory Dungeons 2/Prefabs/Props/Furniture/Cupboard_Preset_07.prefab
  importAddress: Guid(05321276d9d746b7b382f6d02305b9c4) Importer(815301076,1909f56bfc062723c751e8b465ee728b)
Start importing Assets/Multistory Dungeons 2/Prefabs/Props/Furniture/Cupboard_Preset_07.prefab using Guid(05321276d9d746b7b382f6d02305b9c4) Importer(815301076,1909f56bfc062723c751e8b465ee728b) (PreviewImporter) -> (Import Result ID: '1adfb55b136724ad326b81f445096046') in 0.0471815 seconds [static and dynamic dependencies]. Details - ImportResultOutputID=3b2209573805f944a87de2898f0dd43c DependenciesID=453fa9bf44eb10d436cddd24c3a3cbaa StaticDependenciesID=11e9ae081e40d2b1737ec50a65b671a6 
Number of updated asset objects reloaded before import = 0Number of asset objects unloaded after import = 21

========================================================================
Received Import Request.
  Time since last request: 0.000043 seconds.
  path: Assets/Multistory Dungeons 2/Prefabs/Props/Furniture/Cupboard_Big_Preset_03.prefab
  importAddress: Guid(dbfc6d66c8564f40ac4701c24ba5d15b) Importer(815301076,1909f56bfc062723c751e8b465ee728b)
Start importing Assets/Multistory Dungeons 2/Prefabs/Props/Furniture/Cupboard_Big_Preset_03.prefab using Guid(dbfc6d66c8564f40ac4701c24ba5d15b) Importer(815301076,1909f56bfc062723c751e8b465ee728b) (PreviewImporter) -> (Import Result ID: 'd34743b861246c5383dc9f83b6bc0e3b') in 0.0401287 seconds [static and dynamic dependencies]. Details - ImportResultOutputID=4666ce75b05ce1255b5138cb9936a7c8 DependenciesID=6fb86f9a203ad11c8b4e9cf7e17537f2 StaticDependenciesID=5452c2a0b9734044b41ebba72f818c9c 
Number of updated asset objects reloaded before import = 0Number of asset objects unloaded after import = 22

Editor requested this worker to shutdown with reason: Scaling down because of idle timeout
AssetImportWorker is now disconnected from the server
Process exiting
Exiting without the bug reporter. Application will terminate with return code 0