[Licensing::Module] Trying to connect to existing licensing client channel...
Built from '6000.4/staging' branch; Version is '6000.4.5f1 (cc83ebd631f8) revision 13403115'; Using compiler version '194234433'; Build Type 'Release'
OS: 'Windows 11  (10.0.26200) Core' Language: 'ru' Physical Memory: 31962 MB
[Licensing::IpcConnector] Successfully connected to: "LicenseClient-bl00d" at "2026-05-08T09:47:09.4991934Z"
BatchMode: 1, IsHumanControllingUs: 0, StartBugReporterOnCrash: 0, Is64bit: 1
System  architecture: x64
Process architecture: x64
Date: 2026-05-08T09:47:09Z

COMMAND LINE ARGUMENTS:
C:\Program Files\Unity\Hub\Editor\6000.4.5f1\Editor\Unity.exe
-adb2
-batchMode
-noUpm
-name
AssetImportWorker5
-projectPath
D:/WorkDiplom/UnityFiles/ProjectSword
-logFile
Logs/AssetImportWorker5.log
-srvPort
61865
-licensingIpc
LicenseClient-bl00d
-force-d3d12
-job-worker-count
11
-background-job-worker-count
8
-gc-helper-count
1
-name
AssetImport
Successfully changed project path to: D:/WorkDiplom/UnityFiles/ProjectSword
D:/WorkDiplom/UnityFiles/ProjectSword
[UnityMemory] Configuration Parameters - Can be set up in boot.config
    "memorysetup-temp-allocator-size-gi-baking-worker=262144"
    "memorysetup-temp-allocator-size-gi-baking-worker=262144"
    "memorysetup-temp-allocator-size-gi-baking-worker=262144"
    "memorysetup-temp-allocator-size-gi-baking-worker=262144"
    "memorysetup-temp-allocator-size-gi-baking-worker=262144"
    "memorysetup-temp-allocator-size-nav-mesh-worker=65536"
    "memorysetup-temp-allocator-size-audio-worker=65536"
    "memorysetup-temp-allocator-size-cloud-worker=32768"
    "memorysetup-temp-allocator-size-gfx=262144"
    "memorysetup-temp-allocator-size-preload-manager=33554432"
    "memorysetup-temp-allocator-size-job-worker=262144"
    "memorysetup-temp-allocator-size-background-worker=32768"
    "memorysetup-allocator-temp-initial-block-size-main=262144"
    "memorysetup-allocator-temp-initial-block-size-worker=262144"
    "memorysetup-bucket-allocator-granularity=16"
    "memorysetup-bucket-allocator-bucket-count=8"
    "memorysetup-bucket-allocator-block-size=33554432"
    "memorysetup-bucket-allocator-block-count=8"
    "memorysetup-main-allocator-block-size=16777216"
    "memorysetup-thread-allocator-block-size=16777216"
    "memorysetup-gfx-main-allocator-block-size=16777216"
    "memorysetup-gfx-thread-allocator-block-size=16777216"
    "memorysetup-cache-allocator-block-size=4194304"
    "memorysetup-typetree-allocator-block-size=2097152"
    "memorysetup-profiler-bucket-allocator-granularity=16"
    "memorysetup-profiler-bucket-allocator-bucket-count=8"
    "memorysetup-profiler-bucket-allocator-block-size=33554432"
    "memorysetup-profiler-bucket-allocator-block-count=8"
    "memorysetup-profiler-allocator-block-size=16777216"
    "memorysetup-profiler-editor-allocator-block-size=1048576"
    "memorysetup-temp-allocator-size-main=16777216"
    "memorysetup-job-temp-allocator-block-size=2097152"
    "memorysetup-job-temp-allocator-block-size-background=1048576"
    "memorysetup-job-temp-allocator-reduction-small-platforms=262144"
Player connection [5736]  Target information:

Player connection [5736]  * "[IP] 192.168.0.100 [Port] 0 [Flags] 2 [Guid] 479885324 [EditorId] 479885324 [Version] 1048832 [Id] WindowsEditor(7,DESKTOP-E609V0F) [Debug] 1 [PackageName] WindowsEditor [ProjectName] Editor" 

Player connection [5736]  * "[IP] 172.18.0.1 [Port] 0 [Flags] 2 [Guid] 479885324 [EditorId] 479885324 [Version] 1048832 [Id] WindowsEditor(7,DESKTOP-E609V0F) [Debug] 1 [PackageName] WindowsEditor [ProjectName] Editor" 

Player connection [5736] Host joined multi-casting on [225.0.0.222:54997]...
Player connection [5736] Host joined alternative multi-casting on [225.0.0.222:34997]...
JobSystem: Creating JobQueue using job-worker-count value 11
Input System module state changed to: Initialized.
[Physics::Module] Initialized fallback backend.
[Physics::Module] Id: 0xdecafbad
Library Redirect Path: Library/
[Physics::Module] Selected backend.
[Physics::Module] Name: PhysX
[Physics::Module] Id: 0xf2b8ea05
[Physics::Module] SDK Version: 4.1.2
[Physics::Module] Integration Version: 1.0.0
[Physics::Module] Threading Mode: Multi-Threaded
Initialize engine version: 6000.4.5f1 (cc83ebd631f8)
[Subsystems] Discovering subsystems at path C:/Program Files/Unity/Hub/Editor/6000.4.5f1/Editor/Data/Resources/UnitySubsystems
[Subsystems] Discovering subsystems at path D:/WorkDiplom/UnityFiles/ProjectSword/Assets
Forcing GfxDevice: Direct3D 12
GfxDevice: creating device client; kGfxThreadingModeNonThreaded
d3d12: failed to query info queue interface (0x80004002).
Direct3D:
    Version:         Direct3D 12 [level 12.2]
    Renderer:        NVIDIA GeForce RTX 4050 Laptop GPU (ID=0x28e1)
    Vendor:          NVIDIA
    VRAM:            5920 MB
    App VRAM Budget: 5152 MB
    Driver:          32.0.15.9621
Initialize mono
Mono path[0] = 'C:/Program Files/Unity/Hub/Editor/6000.4.5f1/Editor/Data/Managed'
Mono path[1] = 'C:/Program Files/Unity/Hub/Editor/6000.4.5f1/Editor/Data/MonoBleedingEdge/lib/mono/unityjit-win32'
Mono config path = 'C:/Program Files/Unity/Hub/Editor/6000.4.5f1/Editor/Data/MonoBleedingEdge/etc'
Using monoOptions --debugger-agent=transport=dt_socket,embedding=1,server=y,suspend=n,address=127.0.0.1:56684
CodeReloadManager initialized
Begin MonoManager ReloadAssembly
Registering precompiled unity dll's ...
Register platform support module: C:/Program Files/Unity/Hub/Editor/6000.4.5f1/Editor/Data/PlaybackEngines/WebGLSupport/UnityEditor.WebGL.Extensions.dll
Register platform support module: C:/Program Files/Unity/Hub/Editor/6000.4.5f1/Editor/Data/PlaybackEngines/WindowsStandaloneSupport/UnityEditor.WindowsStandalone.Extensions.dll
[Licensing::Module] Licensing is not yet initialized.
[Licensing::Client] Error: HandshakeResponse reported an error:
	ResponseCode: 505
	ResponseStatus: Unsupported protocol version '1.18.1'.
[Licensing::Module] Error: Failed to handshake to channel: "LicenseClient-bl00d"
[Licensing::IpcConnector] LicenseClient-bl00d channel disconnected successfully.
[Licensing::IpcConnector] Successfully connected to: "LicenseClient-bl00d-6000.4.5" at "2026-05-08T09:47:10.9019234Z"
[Licensing::Client] Code 10 while verifying Licensing Client signature (process Id: 31856, path: "C:/Program Files/Unity/Hub/Editor/6000.4.5f1/Editor/Data/Resources/Licensing/Client/Unity.Licensing.Client.exe")
[Licensing::Module] LicensingClient has failed validation; ignoring
[Licensing::Client] Handshaking with LicensingClient:
  Version:                 1.18.1+9fbee8e
  Session Id:              f7b49461f4014b8786968bde80cdbb29
  Correlation Id:          9486e6a260014559c91c592abfd0e962
  External correlation Id: 2123333910549336575
  Machine Id:              zh3ngiu4ORagWkgmpHH7MkqLOjk=
[Licensing::Module] Successfully connected to LicensingClient on channel: "LicenseClient-bl00d-6000.4.5" (connect: 0.00s, validation: 0.00s, handshake: 0.01s)
[Licensing::IpcConnector] Successfully connected to: "LicenseClient-bl00d-6000.4.5-notifications" at "2026-05-08T09:47:10.9089681Z"
[Licensing::Module] Licensing Background thread has ended after 1.41s
[Licensing::Module] Licensing is initialized (took 0.63s).
[Licensing::Client] Successfully resolved entitlement details
[Licensing::Module] License group:
  Id: 10171410767635-UnityPersXXXX
  Product: Unity Personal
  Type: Assigned
  Expiration: Unlimited
Register platform support module: C:/Program Files/Unity/Hub/Editor/6000.4.5f1/Editor/Data/PlaybackEngines/MetroSupport/UnityEditor.UWP.Extensions.dll
Registered in 0.636229 seconds.
Native extension for UWP target not found
Native extension for WindowsStandalone target not found
Native extension for WebGL target not found
Package Manager log level set to [2]
[Package Manager] Failed to launch server process. Reason: Unity was launched with the -noUpm command-line argument
[Package Manager] Unable to send message (not connected to server process).
[Package Manager] Cannot connect to Unity Package Manager local server
ScheduleIndexationOnStartup MainProcess:False IndexOnStartup:True
Mono: successfully reloaded assembly
- Finished resetting the current domain, in  0.263 seconds
Domain Reload Profiling: 1180ms
	BeginReloadAssembly (79ms)
	RebuildCommonClasses (27ms)
	RebuildNativeTypeToScriptingClass (10ms)
	initialDomainReloadingComplete (674ms)
	LoadAllAssembliesAndSetupDomain (128ms)
		LoadAssemblies (77ms)
		AnalyzeDomain (122ms)
			TypeCache.Refresh (121ms)
				TypeCache.ScanAssembly (113ms)
	FinalizeReload (264ms)
		SetupLoadedEditorAssemblies (0ms)
			InitializePlatformSupportModulesInManaged (54ms)
			BeforeProcessingInitializeOnLoad (55ms)
			ProcessInitializeOnLoadAttributes (70ms)
			ProcessInitializeOnLoadMethodAttributes (37ms)
========================================================================
Worker process is ready to serve import requests
Import Worker Mode flag is 0x00
Begin MonoManager ReloadAssembly
[Licensing::Client] Successfully resolved entitlement details
Assembly Assembly-CSharp-Editor-firstpass.dll at Library/ScriptAssemblies/Assembly-CSharp-Editor-firstpass.dll not valid. Loading of assembly skipped.
Assembly Assembly-CSharp-firstpass.dll at Library/ScriptAssemblies/Assembly-CSharp-firstpass.dll not valid. Loading of assembly skipped.
Assembly DocCodeExamples.dll at Library/ScriptAssemblies/DocCodeExamples.dll not valid. Loading of assembly skipped.
Assembly TestNewCustomAssembly.dll at Library/ScriptAssemblies/TestNewCustomAssembly.dll not valid. Loading of assembly skipped.
Assembly Unity.Collections.BurstCompatibilityGen.dll at Library/ScriptAssemblies/Unity.Collections.BurstCompatibilityGen.dll not valid. Loading of assembly skipped.
Assembly Unity.Collections.DocCodeSamples.dll at Library/ScriptAssemblies/Unity.Collections.DocCodeSamples.dll not valid. Loading of assembly skipped.
Assembly Unity.Collections.PerformanceTests.dll at Library/ScriptAssemblies/Unity.Collections.PerformanceTests.dll not valid. Loading of assembly skipped.
Assembly Unity.Collections.Tests.dll at Library/ScriptAssemblies/Unity.Collections.Tests.dll not valid. Loading of assembly skipped.
Assembly Unity.Collections.Tests.Playmode.dll at Library/ScriptAssemblies/Unity.Collections.Tests.Playmode.dll not valid. Loading of assembly skipped.
Assembly Unity.InputSystem.IntegrationTests.dll at Library/ScriptAssemblies/Unity.InputSystem.IntegrationTests.dll not valid. Loading of assembly skipped.
Assembly Unity.Mathematics.Tests.dll at Library/ScriptAssemblies/Unity.Mathematics.Tests.dll not valid. Loading of assembly skipped.
Assembly Unity.Multiplayer.Center.Editor.Tests.dll at Library/ScriptAssemblies/Unity.Multiplayer.Center.Editor.Tests.dll not valid. Loading of assembly skipped.
Assembly Unity.Multiplayer.Center.Tests.dll at Library/ScriptAssemblies/Unity.Multiplayer.Center.Tests.dll not valid. Loading of assembly skipped.
Assembly Unity.Nuget.Mono-Cecil.dll at Library/ScriptAssemblies/Unity.Nuget.Mono-Cecil.dll not valid. Loading of assembly skipped.
Assembly Unity.PathTracing.Editor.Tests.dll at Library/ScriptAssemblies/Unity.PathTracing.Editor.Tests.dll not valid. Loading of assembly skipped.
Assembly Unity.PathTracing.Runtime.Tests.dll at Library/ScriptAssemblies/Unity.PathTracing.Runtime.Tests.dll not valid. Loading of assembly skipped.
Assembly Unity.RenderPipelines.Core.Editor.Tests.dll at Library/ScriptAssemblies/Unity.RenderPipelines.Core.Editor.Tests.dll not valid. Loading of assembly skipped.
Assembly Unity.RenderPipelines.Core.Runtime.Tests.dll at Library/ScriptAssemblies/Unity.RenderPipelines.Core.Runtime.Tests.dll not valid. Loading of assembly skipped.
Assembly Unity.RenderPipelines.Universal.Config.Editor.Tests.dll at Library/ScriptAssemblies/Unity.RenderPipelines.Universal.Config.Editor.Tests.dll not valid. Loading of assembly skipped.
Assembly Unity.RenderPipelines.Universal.Editor.Tests.dll at Library/ScriptAssemblies/Unity.RenderPipelines.Universal.Editor.Tests.dll not valid. Loading of assembly skipped.
Assembly Unity.RenderPipelines.Universal.Runtime.Tests.dll at Library/ScriptAssemblies/Unity.RenderPipelines.Universal.Runtime.Tests.dll not valid. Loading of assembly skipped.
Assembly Unity.Searcher.EditorTests.dll at Library/ScriptAssemblies/Unity.Searcher.EditorTests.dll not valid. Loading of assembly skipped.
Assembly Unity.ShaderGraph.Editor.Tests.dll at Library/ScriptAssemblies/Unity.ShaderGraph.Editor.Tests.dll not valid. Loading of assembly skipped.
Assembly Unity.TextMeshPro.Editor.Tests.dll at Library/ScriptAssemblies/Unity.TextMeshPro.Editor.Tests.dll not valid. Loading of assembly skipped.
Assembly Unity.TextMeshPro.Tests.dll at Library/ScriptAssemblies/Unity.TextMeshPro.Tests.dll not valid. Loading of assembly skipped.
Assembly Unity.UnifiedRayTracing.Editor.Tests.dll at Library/ScriptAssemblies/Unity.UnifiedRayTracing.Editor.Tests.dll not valid. Loading of assembly skipped.
Assembly UnityEditor.UI.Common.Tests.dll at Library/ScriptAssemblies/UnityEditor.UI.Common.Tests.dll not valid. Loading of assembly skipped.
Assembly UnityEditor.UI.EditorTests.dll at Library/ScriptAssemblies/UnityEditor.UI.EditorTests.dll not valid. Loading of assembly skipped.
Assembly UnityEngine.UI.Tests.dll at Library/ScriptAssemblies/UnityEngine.UI.Tests.dll not valid. Loading of assembly skipped.
Native extension for UWP target not found
Native extension for WindowsStandalone target not found
Native extension for WebGL target not found
[Package Manager] Failed to launch server process. Reason: Unity was launched with the -noUpm command-line argument
[Package Manager] Unable to send message (not connected to server process).
[Package Manager] Cannot connect to Unity Package Manager local server
[Package Manager] Failed to launch server process. Reason: Unity was launched with the -noUpm command-line argument
[Package Manager] Unable to send message (not connected to server process).
[Package Manager] Cannot connect to Unity Package Manager local server
ScheduleIndexationOnStartup MainProcess:False IndexOnStartup:True
Mono: successfully reloaded assembly
- Finished resetting the current domain, in  0.529 seconds
Domain Reload Profiling: 1078ms
	BeginReloadAssembly (116ms)
		DisableScriptedObjects (4ms)
		CreateAndSetChildDomain (24ms)
	RebuildCommonClasses (25ms)
	RebuildNativeTypeToScriptingClass (9ms)
	initialDomainReloadingComplete (37ms)
	LoadAllAssembliesAndSetupDomain (362ms)
		LoadAssemblies (220ms)
		AnalyzeDomain (198ms)
			TypeCache.Refresh (142ms)
				TypeCache.ScanAssembly (130ms)
			BuildScriptInfoCaches (47ms)
			ResolveRequiredComponents (7ms)
	FinalizeReload (529ms)
		SetupLoadedEditorAssemblies (0ms)
			InitializePlatformSupportModulesInManaged (9ms)
			BeforeProcessingInitializeOnLoad (104ms)
			ProcessInitializeOnLoadAttributes (208ms)
			ProcessInitializeOnLoadMethodAttributes (51ms)
			AfterProcessingInitializeOnLoad (5ms)
		AwakeInstancesAfterBackupRestoration (5ms)
Launched and connected shader compiler UnityShaderCompiler.exe after 0.01 seconds
Unloading 24 Unused Serialized files (Serialized files now loaded: 0)
Unloading 6541 unused Assets / (5.2 MB). Loaded Objects now: 7372.
Memory consumption went from 161.0 MB to 155.8 MB.
Total: 7.226300 ms (FindLiveObjects: 0.652100 ms CreateObjectMapping: 0.221800 ms MarkObjects: 4.288100 ms  DeleteObjects: 2.062800 ms)

========================================================================
Received Import Request.
  Time since last request: 893.558698 seconds.
  path: Assets/Meshes/Broken_End.fbx
  importAddress: Guid(f81721e66b80bea48855a3fbf08d72ec) Importer(815301076,1909f56bfc062723c751e8b465ee728b)
Start importing Assets/Meshes/Broken_End.fbx using Guid(f81721e66b80bea48855a3fbf08d72ec) Importer(815301076,1909f56bfc062723c751e8b465ee728b) (PreviewImporter) -> (Import Result ID: 'c704ee45483141c52befb39c32cf879f') in 0.5917547 seconds [static and dynamic dependencies]. Details - ImportResultOutputID=168343272bbb4a9ad576b473f9d4ba54 DependenciesID=325f62d6a9fc2243d4bd47bfff715714 StaticDependenciesID=bf83e7bb4b4e7517b7d93cbf282c33b1 
Number of updated asset objects reloaded before import = 0Number of asset objects unloaded after import = 13

========================================================================
Received Import Request.
  Time since last request: 0.000034 seconds.
  path: Assets/Meshes/Zabor.fbx
  importAddress: Guid(158cc74d23c030346bc054e4bc1ec5be) Importer(815301076,1909f56bfc062723c751e8b465ee728b)
Start importing Assets/Meshes/Zabor.fbx using Guid(158cc74d23c030346bc054e4bc1ec5be) Importer(815301076,1909f56bfc062723c751e8b465ee728b) (PreviewImporter) -> (Import Result ID: 'ef9c8efffb5151754f7c4c5f675d6cf8') in 0.0401423 seconds [static and dynamic dependencies]. Details - ImportResultOutputID=07c06ef0c6b15a989cfbee994c061a61 DependenciesID=9e78524464fafdd9c374ed2e11c90933 StaticDependenciesID=8f3839d6c84c1be18c120042b6c7d14a 
Number of updated asset objects reloaded before import = 0Number of asset objects unloaded after import = 10

========================================================================
Received Import Request.
  Time since last request: 0.000041 seconds.
  path: Assets/Meshes/Crate.fbx
  importAddress: Guid(9246f66eb72113f45a1d3e4ec206b934) Importer(815301076,1909f56bfc062723c751e8b465ee728b)
Start importing Assets/Meshes/Crate.fbx using Guid(9246f66eb72113f45a1d3e4ec206b934) Importer(815301076,1909f56bfc062723c751e8b465ee728b) (PreviewImporter) -> (Import Result ID: 'fd108156e699261e8a59c22db68809bc') in 1.9843027 seconds [static and dynamic dependencies]. Details - ImportResultOutputID=00e0e579c3d7a9e5691c08aa93a172ba DependenciesID=37314a648a5d8d4638164c9f97c9baff StaticDependenciesID=879bea4578c7a728226c91863844e5ae 
Number of updated asset objects reloaded before import = 0Number of asset objects unloaded after import = 8

========================================================================
Received Import Request.
  Time since last request: 0.000031 seconds.
  path: Assets/Meshes/Cylinder.fbx
  importAddress: Guid(8b6f4a077548f9440b28c8e277f9c53b) Importer(815301076,1909f56bfc062723c751e8b465ee728b)
Start importing Assets/Meshes/Cylinder.fbx using Guid(8b6f4a077548f9440b28c8e277f9c53b) Importer(815301076,1909f56bfc062723c751e8b465ee728b) (PreviewImporter) -> (Import Result ID: '94431f923e6fe130d2b62ac3c02d2ad2') in 0.0231272 seconds [static and dynamic dependencies]. Details - ImportResultOutputID=850837ee3081f3c3dded23ffbf4bdcf4 DependenciesID=c275fcfc84f2ad636f5d8da7aeac6b77 StaticDependenciesID=df770b7ca8ebaf5fb9a317dde799cf7d 
Number of updated asset objects reloaded before import = 0Number of asset objects unloaded after import = 8

========================================================================
Received Import Request.
  Time since last request: 165.646742 seconds.
  path: Assets/Multistory Dungeons/Read First!.txt
  importAddress: Guid(5f741318dbaecad49bd07d22823748fc) Importer(2089858483,b0f066a214c2f5e87bad3c948f4d605d)
Start importing Assets/Multistory Dungeons/Read First!.txt using Guid(5f741318dbaecad49bd07d22823748fc) Importer(2089858483,b0f066a214c2f5e87bad3c948f4d605d) (ScriptedImporter) -> (Import Result ID: '29beee30cdf330b3d26e84d54b7356e1') in 0.0385551 seconds [static and dynamic dependencies]. Details - ImportResultOutputID=219ea9f58e9b9509bc780a980b47a387 DependenciesID=d38c7441072f4e796b08ac28910b143e StaticDependenciesID=21112491b4bc40408b1124922e1f3c0f 
Number of updated asset objects reloaded before import = 0Number of asset objects unloaded after import = 1

========================================================================
Received Import Request.
  Time since last request: 0.000025 seconds.
  path: Assets/Multistory Dungeons
  importAddress: Guid(abcccab12810283429e9814a1e866795) Importer(2089858483,b0f066a214c2f5e87bad3c948f4d605d)
Start importing Assets/Multistory Dungeons using Guid(abcccab12810283429e9814a1e866795) Importer(2089858483,b0f066a214c2f5e87bad3c948f4d605d) (ScriptedImporter) -> (Import Result ID: 'e6901df0dce817d776ad20cfe7b62325') in 0.0051395 seconds [static and dynamic dependencies]. Details - ImportResultOutputID=72609935faad1655bc405eb162039c4f DependenciesID=2b04447ada5f548af64b56f0174753cf StaticDependenciesID=0bf3c0af1b0522cc7ad1ef60ee6f1767 
Number of updated asset objects reloaded before import = 0Number of asset objects unloaded after import = 1

========================================================================
Received Import Request.
  Time since last request: 0.000018 seconds.
  path: Assets/Multistory Dungeons/Multistory Dungeons PC Gamma 2019.4.unitypackage
  importAddress: Guid(339d991ce9a817b4790824472ee4943e) Importer(2089858483,b0f066a214c2f5e87bad3c948f4d605d)
Start importing Assets/Multistory Dungeons/Multistory Dungeons PC Gamma 2019.4.unitypackage using Guid(339d991ce9a817b4790824472ee4943e) Importer(2089858483,b0f066a214c2f5e87bad3c948f4d605d) (ScriptedImporter) -> (Import Result ID: '09f569930e79dee75cbb2ddcdc83e0e8') in 0.0018844 seconds [static and dynamic dependencies]. Details - ImportResultOutputID=693626a0042fbf7a23b1f85f9a62bceb DependenciesID=07596623e98d2479b42056cc4ae35bce StaticDependenciesID=800e2c5b8e0b4b49bcbd10e89e36ad85 
Number of updated asset objects reloaded before import = 0Number of asset objects unloaded after import = 1

========================================================================
Received Import Request.
  Time since last request: 0.000020 seconds.
  path: Assets/Multistory Dungeons/OBSOLETE/Readme.txt
  importAddress: Guid(173fd64a6b160b449a468e333ead6a54) Importer(2089858483,b0f066a214c2f5e87bad3c948f4d605d)
Start importing Assets/Multistory Dungeons/OBSOLETE/Readme.txt using Guid(173fd64a6b160b449a468e333ead6a54) Importer(2089858483,b0f066a214c2f5e87bad3c948f4d605d) (ScriptedImporter) -> (Import Result ID: 'd117ab207f156965c85831674227ae22') in 0.0023689 seconds [static and dynamic dependencies]. Details - ImportResultOutputID=382c74d4bd39b42262e9e13e0a19c995 DependenciesID=e0c7a3e8b8c64c8354a88ce39c6b2b64 StaticDependenciesID=072857b7e673a4519b290e98dc523f59 
Number of updated asset objects reloaded before import = 0Number of asset objects unloaded after import = 1

========================================================================
Received Import Request.
  Time since last request: 0.000020 seconds.
  path: Assets/Multistory Dungeons/Multistory Dungeons PC Linear 2019.4.unitypackage
  importAddress: Guid(057ad1ddb54e33346878eb346234700e) Importer(2089858483,b0f066a214c2f5e87bad3c948f4d605d)
Start importing Assets/Multistory Dungeons/Multistory Dungeons PC Linear 2019.4.unitypackage using Guid(057ad1ddb54e33346878eb346234700e) Importer(2089858483,b0f066a214c2f5e87bad3c948f4d605d) (ScriptedImporter) -> (Import Result ID: '830b15977b6fa5034f73d2605aa2ed3f') in 0.0023129 seconds [static and dynamic dependencies]. Details - ImportResultOutputID=a9541ff8e50919032d4c50db0befa58c DependenciesID=ae75b8eb50c0495904e0e06781c8fb11 StaticDependenciesID=3bcea18b0a708d5075a3c09e2867f93f 
Number of updated asset objects reloaded before import = 0Number of asset objects unloaded after import = 1

========================================================================
Received Prepare
Begin MonoManager ReloadAssembly
[Licensing::Client] Successfully resolved entitlement details
Assembly Assembly-CSharp-Editor-firstpass.dll at Library/ScriptAssemblies/Assembly-CSharp-Editor-firstpass.dll not valid. Loading of assembly skipped.
Assembly Assembly-CSharp-firstpass.dll at Library/ScriptAssemblies/Assembly-CSharp-firstpass.dll not valid. Loading of assembly skipped.
Assembly DocCodeExamples.dll at Library/ScriptAssemblies/DocCodeExamples.dll not valid. Loading of assembly skipped.
Assembly TestNewCustomAssembly.dll at Library/ScriptAssemblies/TestNewCustomAssembly.dll not valid. Loading of assembly skipped.
Assembly Unity.Collections.BurstCompatibilityGen.dll at Library/ScriptAssemblies/Unity.Collections.BurstCompatibilityGen.dll not valid. Loading of assembly skipped.
Assembly Unity.Collections.DocCodeSamples.dll at Library/ScriptAssemblies/Unity.Collections.DocCodeSamples.dll not valid. Loading of assembly skipped.
Assembly Unity.Collections.PerformanceTests.dll at Library/ScriptAssemblies/Unity.Collections.PerformanceTests.dll not valid. Loading of assembly skipped.
Assembly Unity.Collections.Tests.dll at Library/ScriptAssemblies/Unity.Collections.Tests.dll not valid. Loading of assembly skipped.
Assembly Unity.Collections.Tests.Playmode.dll at Library/ScriptAssemblies/Unity.Collections.Tests.Playmode.dll not valid. Loading of assembly skipped.
Assembly Unity.InputSystem.IntegrationTests.dll at Library/ScriptAssemblies/Unity.InputSystem.IntegrationTests.dll not valid. Loading of assembly skipped.
Assembly Unity.Mathematics.Tests.dll at Library/ScriptAssemblies/Unity.Mathematics.Tests.dll not valid. Loading of assembly skipped.
Assembly Unity.Multiplayer.Center.Editor.Tests.dll at Library/ScriptAssemblies/Unity.Multiplayer.Center.Editor.Tests.dll not valid. Loading of assembly skipped.
Assembly Unity.Multiplayer.Center.Tests.dll at Library/ScriptAssemblies/Unity.Multiplayer.Center.Tests.dll not valid. Loading of assembly skipped.
Assembly Unity.Nuget.Mono-Cecil.dll at Library/ScriptAssemblies/Unity.Nuget.Mono-Cecil.dll not valid. Loading of assembly skipped.
Assembly Unity.PathTracing.Editor.Tests.dll at Library/ScriptAssemblies/Unity.PathTracing.Editor.Tests.dll not valid. Loading of assembly skipped.
Assembly Unity.PathTracing.Runtime.Tests.dll at Library/ScriptAssemblies/Unity.PathTracing.Runtime.Tests.dll not valid. Loading of assembly skipped.
Assembly Unity.RenderPipelines.Core.Editor.Tests.dll at Library/ScriptAssemblies/Unity.RenderPipelines.Core.Editor.Tests.dll not valid. Loading of assembly skipped.
Assembly Unity.RenderPipelines.Core.Runtime.Tests.dll at Library/ScriptAssemblies/Unity.RenderPipelines.Core.Runtime.Tests.dll not valid. Loading of assembly skipped.
Assembly Unity.RenderPipelines.Universal.Config.Editor.Tests.dll at Library/ScriptAssemblies/Unity.RenderPipelines.Universal.Config.Editor.Tests.dll not valid. Loading of assembly skipped.
Assembly Unity.RenderPipelines.Universal.Editor.Tests.dll at Library/ScriptAssemblies/Unity.RenderPipelines.Universal.Editor.Tests.dll not valid. Loading of assembly skipped.
Assembly Unity.RenderPipelines.Universal.Runtime.Tests.dll at Library/ScriptAssemblies/Unity.RenderPipelines.Universal.Runtime.Tests.dll not valid. Loading of assembly skipped.
Assembly Unity.Searcher.EditorTests.dll at Library/ScriptAssemblies/Unity.Searcher.EditorTests.dll not valid. Loading of assembly skipped.
Assembly Unity.ShaderGraph.Editor.Tests.dll at Library/ScriptAssemblies/Unity.ShaderGraph.Editor.Tests.dll not valid. Loading of assembly skipped.
Assembly Unity.TextMeshPro.Editor.Tests.dll at Library/ScriptAssemblies/Unity.TextMeshPro.Editor.Tests.dll not valid. Loading of assembly skipped.
Assembly Unity.TextMeshPro.Tests.dll at Library/ScriptAssemblies/Unity.TextMeshPro.Tests.dll not valid. Loading of assembly skipped.
Assembly Unity.UnifiedRayTracing.Editor.Tests.dll at Library/ScriptAssemblies/Unity.UnifiedRayTracing.Editor.Tests.dll not valid. Loading of assembly skipped.
Assembly UnityEditor.UI.Common.Tests.dll at Library/ScriptAssemblies/UnityEditor.UI.Common.Tests.dll not valid. Loading of assembly skipped.
Assembly UnityEditor.UI.EditorTests.dll at Library/ScriptAssemblies/UnityEditor.UI.EditorTests.dll not valid. Loading of assembly skipped.
Assembly UnityEngine.UI.Tests.dll at Library/ScriptAssemblies/UnityEngine.UI.Tests.dll not valid. Loading of assembly skipped.
Native extension for UWP target not found
Native extension for WindowsStandalone target not found
Native extension for WebGL target not found
[Package Manager] Failed to launch server process. Reason: Unity was launched with the -noUpm command-line argument
[Package Manager] Unable to send message (not connected to server process).
[Package Manager] Cannot connect to Unity Package Manager local server
[Package Manager] Failed to launch server process. Reason: Unity was launched with the -noUpm command-line argument
[Package Manager] Unable to send message (not connected to server process).
[Package Manager] Cannot connect to Unity Package Manager local server
ScheduleIndexationOnStartup MainProcess:False IndexOnStartup:True
Mono: successfully reloaded assembly
- Finished resetting the current domain, in  0.528 seconds
Domain Reload Profiling: 1134ms
	BeginReloadAssembly (187ms)
		DisableScriptedObjects (13ms)
		CreateAndSetChildDomain (65ms)
	RebuildCommonClasses (29ms)
	RebuildNativeTypeToScriptingClass (10ms)
	initialDomainReloadingComplete (40ms)
	LoadAllAssembliesAndSetupDomain (340ms)
		LoadAssemblies (263ms)
		AnalyzeDomain (140ms)
			TypeCache.Refresh (8ms)
			BuildScriptInfoCaches (120ms)
			ResolveRequiredComponents (11ms)
	FinalizeReload (528ms)
		SetupLoadedEditorAssemblies (0ms)
			InitializePlatformSupportModulesInManaged (9ms)
			BeforeProcessingInitializeOnLoad (107ms)
			ProcessInitializeOnLoadAttributes (201ms)
			ProcessInitializeOnLoadMethodAttributes (72ms)
			AfterProcessingInitializeOnLoad (4ms)
		AwakeInstancesAfterBackupRestoration (11ms)
Unloading 24 Unused Serialized files (Serialized files now loaded: 0)
Unloading 6694 unused Assets / (5.7 MB). Loaded Objects now: 7460.
Memory consumption went from 188.0 MB to 182.3 MB.
Total: 8.823000 ms (FindLiveObjects: 1.434600 ms CreateObjectMapping: 0.519600 ms MarkObjects: 3.862800 ms  DeleteObjects: 3.004900 ms)

Prepare: number of updated asset objects reloaded= 0
========================================================================
Received Import Request.
  Time since last request: 46.944692 seconds.
  path: Assets/Multistory Dungeons 2/Prefabs/Base/Base_Arch_02.prefab
  importAddress: Guid(b52bd835af134da6b61958d664d588b7) Importer(815301076,1909f56bfc062723c751e8b465ee728b)
Start importing Assets/Multistory Dungeons 2/Prefabs/Base/Base_Arch_02.prefab using Guid(b52bd835af134da6b61958d664d588b7) Importer(815301076,1909f56bfc062723c751e8b465ee728b) (PreviewImporter) -> (Import Result ID: '7e4f2be7d8c9f11e3a8cef79c66b54a1') in 2.7124397 seconds [static and dynamic dependencies]. Details - ImportResultOutputID=4a66ec1ad006491188d777b96c158fc2 DependenciesID=6806ed01ebcdcc6ba274f9f7407f5989 StaticDependenciesID=af22c7f277a90935dd3496adbb009442 
Number of updated asset objects reloaded before import = 0Number of asset objects unloaded after import = 31

========================================================================
Received Import Request.
  Time since last request: 0.000038 seconds.
  path: Assets/Multistory Dungeons 2/Prefabs/Base/Base_Doorway_02.prefab
  importAddress: Guid(4e317beb5dff44f58068aeb8304d89c8) Importer(815301076,1909f56bfc062723c751e8b465ee728b)
Start importing Assets/Multistory Dungeons 2/Prefabs/Base/Base_Doorway_02.prefab using Guid(4e317beb5dff44f58068aeb8304d89c8) Importer(815301076,1909f56bfc062723c751e8b465ee728b) (PreviewImporter) -> (Import Result ID: 'df696522835f242213560fce53f6a904') in 0.0677811 seconds [static and dynamic dependencies]. Details - ImportResultOutputID=4788469d2fc44f576c7eaa670c1defe1 DependenciesID=67d557ec4f19b37d576ef975b1128e57 StaticDependenciesID=47b56442cdf6863d1da157179ded3615 
Number of updated asset objects reloaded before import = 0Number of asset objects unloaded after import = 35

========================================================================
Received Import Request.
  Time since last request: 0.000049 seconds.
  path: Assets/Multistory Dungeons 2/Prefabs/Base/Floor_Detailed_02.prefab
  importAddress: Guid(c1be12d107fe40609b629d9652f4f610) Importer(815301076,1909f56bfc062723c751e8b465ee728b)
Start importing Assets/Multistory Dungeons 2/Prefabs/Base/Floor_Detailed_02.prefab using Guid(c1be12d107fe40609b629d9652f4f610) Importer(815301076,1909f56bfc062723c751e8b465ee728b) (PreviewImporter) -> (Import Result ID: 'aa7ea5a7205c22b2c298d2a91696a24a') in 0.0430765 seconds [static and dynamic dependencies]. Details - ImportResultOutputID=c7bbf3a0fcf5fb9a0d91facb2e06dc3f DependenciesID=1e440b57e01e1d0c8412a5ecd1f77413 StaticDependenciesID=d733fcf42458000952fc7e7897e803b7 
Number of updated asset objects reloaded before import = 0Number of asset objects unloaded after import = 12

========================================================================
Received Import Request.
  Time since last request: 0.000043 seconds.
  path: Assets/Multistory Dungeons 2/Prefabs/Base/Pit_01.prefab
  importAddress: Guid(c27bc3fb460b46cda2476a3121665a20) Importer(815301076,1909f56bfc062723c751e8b465ee728b)
Start importing Assets/Multistory Dungeons 2/Prefabs/Base/Pit_01.prefab using Guid(c27bc3fb460b46cda2476a3121665a20) Importer(815301076,1909f56bfc062723c751e8b465ee728b) (PreviewImporter) -> (Import Result ID: '85a16522561b97e3f28dacb2d573632f') in 0.0588722 seconds [static and dynamic dependencies]. Details - ImportResultOutputID=3c9d571201236be57303d944700ff2b6 DependenciesID=d6033657af3b77192fd906f941d341f2 StaticDependenciesID=777a824074768663eb4ca865a6d5a5b8 
Number of updated asset objects reloaded before import = 0Number of asset objects unloaded after import = 24

========================================================================
Received Import Request.
  Time since last request: 0.000023 seconds.
  path: Assets/Multistory Dungeons 2/Prefabs/Base/Floor_04.prefab
  importAddress: Guid(75726318084647f0b6be7934e94bdf86) Importer(815301076,1909f56bfc062723c751e8b465ee728b)
Start importing Assets/Multistory Dungeons 2/Prefabs/Base/Floor_04.prefab using Guid(75726318084647f0b6be7934e94bdf86) Importer(815301076,1909f56bfc062723c751e8b465ee728b) (PreviewImporter) -> (Import Result ID: 'f5966cdc1b9f77d32ecc85e78158751c') in 0.0299851 seconds [static and dynamic dependencies]. Details - ImportResultOutputID=16565ed283c184bea9ff43a7d91ff949 DependenciesID=3ff8a3d48cb0e9797f0c42ca7af3fa8b StaticDependenciesID=528c0d58c536d312943d34621ec6e2e8 
Number of updated asset objects reloaded before import = 0Number of asset objects unloaded after import = 12

========================================================================
Received Import Request.
  Time since last request: 0.000034 seconds.
  path: Assets/Multistory Dungeons 2/Prefabs/Base/Base_Rounded_01.prefab
  importAddress: Guid(4a31fdde396944d08b6ea4b9d0b7566a) Importer(815301076,1909f56bfc062723c751e8b465ee728b)
Start importing Assets/Multistory Dungeons 2/Prefabs/Base/Base_Rounded_01.prefab using Guid(4a31fdde396944d08b6ea4b9d0b7566a) Importer(815301076,1909f56bfc062723c751e8b465ee728b) (PreviewImporter) -> (Import Result ID: '892f84d9e4c7deffa7293c3b84362ec1') in 0.0311324 seconds [static and dynamic dependencies]. Details - ImportResultOutputID=be1b0168833b65ff9204621160a56cd2 DependenciesID=001cc666ce22e9e38765975fa850c9d2 StaticDependenciesID=a09e9328bd42e80228ca1343d892f412 
Number of updated asset objects reloaded before import = 0Number of asset objects unloaded after import = 12

========================================================================
Received Import Request.
  Time since last request: 0.000091 seconds.
  path: Assets/Multistory Dungeons 2/Prefabs/Base/Base_Curved_01.prefab
  importAddress: Guid(00792399b9f14303bb13a8152573f28b) Importer(815301076,1909f56bfc062723c751e8b465ee728b)
Start importing Assets/Multistory Dungeons 2/Prefabs/Base/Base_Curved_01.prefab using Guid(00792399b9f14303bb13a8152573f28b) Importer(815301076,1909f56bfc062723c751e8b465ee728b) (PreviewImporter) -> (Import Result ID: '0151e878c83854a32526fb0cffc1c4e3') in 0.031807 seconds [static and dynamic dependencies]. Details - ImportResultOutputID=6994b733aa31091c0f3ffed6bbe059d0 DependenciesID=ca5b3e8c49d211b80e9c8d93028e1049 StaticDependenciesID=1caeb89bce2bb760a4d7add732c99b6c 
Number of updated asset objects reloaded before import = 0Number of asset objects unloaded after import = 23

========================================================================
Received Import Request.
  Time since last request: 20.909324 seconds.
  path: Assets/Multistory Dungeons 2/Prefabs/Columns/Column_02.prefab
  importAddress: Guid(9749931a9f9f45b4b599a4a4ef218d58) Importer(815301076,1909f56bfc062723c751e8b465ee728b)
Start importing Assets/Multistory Dungeons 2/Prefabs/Columns/Column_02.prefab using Guid(9749931a9f9f45b4b599a4a4ef218d58) Importer(815301076,1909f56bfc062723c751e8b465ee728b) (PreviewImporter) -> (Import Result ID: '69aad3cadc86979aa88b24a4f207b711') in 0.1231039 seconds [static and dynamic dependencies]. Details - ImportResultOutputID=971503b832bb534398147bf24dc1ce66 DependenciesID=76d2e61b31e104bc2a4780620e79baab StaticDependenciesID=d5fb5a219a13f7826432d92b6b5a0896 
Number of updated asset objects reloaded before import = 0Number of asset objects unloaded after import = 12

========================================================================
Received Import Request.
  Time since last request: 0.000032 seconds.
  path: Assets/Multistory Dungeons 2/Prefabs/Columns/Pedestal_03.prefab
  importAddress: Guid(1626cb8f2fd249dc92b13bd37335dd10) Importer(815301076,1909f56bfc062723c751e8b465ee728b)
Start importing Assets/Multistory Dungeons 2/Prefabs/Columns/Pedestal_03.prefab using Guid(1626cb8f2fd249dc92b13bd37335dd10) Importer(815301076,1909f56bfc062723c751e8b465ee728b) (PreviewImporter) -> (Import Result ID: '85f36272bfc4c5687224d6af101052dc') in 0.0866569 seconds [static and dynamic dependencies]. Details - ImportResultOutputID=d3c612cd85a25ed27679d6c224ec16ce DependenciesID=a6b90d6ffbda7799c3077bcc8cc60457 StaticDependenciesID=37ea8e903f4d6e7f734db873601cd260 
Number of updated asset objects reloaded before import = 0Number of asset objects unloaded after import = 12

========================================================================
Received Import Request.
  Time since last request: 0.000022 seconds.
  path: Assets/Multistory Dungeons 2/Prefabs/Columns/Flying_Buttress_01.prefab
  importAddress: Guid(fd329912dfef4a91b42351a8e7bd83ff) Importer(815301076,1909f56bfc062723c751e8b465ee728b)
Start importing Assets/Multistory Dungeons 2/Prefabs/Columns/Flying_Buttress_01.prefab using Guid(fd329912dfef4a91b42351a8e7bd83ff) Importer(815301076,1909f56bfc062723c751e8b465ee728b) (PreviewImporter) -> (Import Result ID: 'fd16a2f38fd24eff395bd7f074c0737c') in 0.0349911 seconds [static and dynamic dependencies]. Details - ImportResultOutputID=54abd9be8d2d80910a8913a39ac10bd0 DependenciesID=a556ba82a14fa78cddabb1f21aa2ca10 StaticDependenciesID=6679c491f06e1dce8f9696d8528252f2 
Number of updated asset objects reloaded before import = 0Number of asset objects unloaded after import = 15

========================================================================
Received Import Request.
  Time since last request: 4.726940 seconds.
  path: Assets/Multistory Dungeons 2/Prefabs/Doors And Bars/Damaged_Bars_04.prefab
  importAddress: Guid(cf0ca66ce3094b63a2e233a4819405e4) Importer(815301076,1909f56bfc062723c751e8b465ee728b)
Start importing Assets/Multistory Dungeons 2/Prefabs/Doors And Bars/Damaged_Bars_04.prefab using Guid(cf0ca66ce3094b63a2e233a4819405e4) Importer(815301076,1909f56bfc062723c751e8b465ee728b) (PreviewImporter) -> (Import Result ID: '699905440b0d95b839c73383d594f45c') in 0.0455629 seconds [static and dynamic dependencies]. Details - ImportResultOutputID=b3a5ec1d87fc7d7294b6375b198e6f16 DependenciesID=68858d718f8da49e3acd66f803ce883b StaticDependenciesID=76c69cfb8954b147504b8d5e4b6477fb 
Number of updated asset objects reloaded before import = 0Number of asset objects unloaded after import = 12

========================================================================
Received Import Request.
  Time since last request: 0.000019 seconds.
  path: Assets/Multistory Dungeons 2/Prefabs/Doors And Bars/Door_03.prefab
  importAddress: Guid(22a36a3940bf4531a4721ec774191851) Importer(815301076,1909f56bfc062723c751e8b465ee728b)
Start importing Assets/Multistory Dungeons 2/Prefabs/Doors And Bars/Door_03.prefab using Guid(22a36a3940bf4531a4721ec774191851) Importer(815301076,1909f56bfc062723c751e8b465ee728b) (PreviewImporter) -> (Import Result ID: '310507fca059cca7ff2e438532f1ae0d') in 0.0794539 seconds [static and dynamic dependencies]. Details - ImportResultOutputID=d2bd6630abea6111cc7aae2631af56f1 DependenciesID=cf23891c7115f41824b9d876219e968b StaticDependenciesID=864b4b1cda2464445752e5b58e10d75c 
Number of updated asset objects reloaded before import = 0Number of asset objects unloaded after import = 30

========================================================================
Received Import Request.
  Time since last request: 12.879729 seconds.
  path: Assets/Multistory Dungeons 2/Prefabs/FIRST-PERSON/FP ROOMS/FP_Room_06.prefab
  importAddress: Guid(8ae10111248842caa70c1e7a98e8cd18) Importer(815301076,1909f56bfc062723c751e8b465ee728b)
Start importing Assets/Multistory Dungeons 2/Prefabs/FIRST-PERSON/FP ROOMS/FP_Room_06.prefab using Guid(8ae10111248842caa70c1e7a98e8cd18) Importer(815301076,1909f56bfc062723c751e8b465ee728b) (PreviewImporter) -> (Import Result ID: '14b041b871a6e42e07d534a5bd258014') in 0.1865854 seconds [static and dynamic dependencies]. Details - ImportResultOutputID=fb8659d9bd0c96c8be6ba66e30749c8b DependenciesID=7cf62355338ee679bbed917bbe616286 StaticDependenciesID=9ebba631310700a67f833c116e7327f9 
Number of updated asset objects reloaded before import = 0Number of asset objects unloaded after import = 649

========================================================================
Received Import Request.
  Time since last request: 0.000028 seconds.
  path: Assets/Multistory Dungeons 2/Prefabs/FIRST-PERSON/FP ROOMS/FP_Room_11.prefab
  importAddress: Guid(f2b7536fd4454e03b3d54ab2cc95c8d5) Importer(815301076,1909f56bfc062723c751e8b465ee728b)
Start importing Assets/Multistory Dungeons 2/Prefabs/FIRST-PERSON/FP ROOMS/FP_Room_11.prefab using Guid(f2b7536fd4454e03b3d54ab2cc95c8d5) Importer(815301076,1909f56bfc062723c751e8b465ee728b) (PreviewImporter) -> (Import Result ID: '370a7f80ee27fd3f6b9be79d59dcbd1b') in 0.1319014 seconds [static and dynamic dependencies]. Details - ImportResultOutputID=9802fedcfa96ec185174b573afa1b7e5 DependenciesID=b61707bd919177db7e7d2907d59eadc7 StaticDependenciesID=2ca66bfcc15d49914c79a31b2bfd66f1 
Number of updated asset objects reloaded before import = 0Number of asset objects unloaded after import = 895

========================================================================
Received Import Request.
  Time since last request: 0.000036 seconds.
  path: Assets/Multistory Dungeons 2/Prefabs/FIRST-PERSON/FP ROOMS/FP_Room_10.prefab
  importAddress: Guid(baca818a38d14a3c90162381813c5d51) Importer(815301076,1909f56bfc062723c751e8b465ee728b)
Start importing Assets/Multistory Dungeons 2/Prefabs/FIRST-PERSON/FP ROOMS/FP_Room_10.prefab using Guid(baca818a38d14a3c90162381813c5d51) Importer(815301076,1909f56bfc062723c751e8b465ee728b) (PreviewImporter) -> (Import Result ID: '49235774512e5857298de3bdf0b500e1') in 0.0659071 seconds [static and dynamic dependencies]. Details - ImportResultOutputID=63886dfe3946d9698da493e48c9c3326 DependenciesID=c1704c059cd83fb5af0845420683f28c StaticDependenciesID=93f2e2d3373555a9c00082ab898cc2d4 
Number of updated asset objects reloaded before import = 0Number of asset objects unloaded after import = 899

========================================================================
Received Import Request.
  Time since last request: 26.017009 seconds.
  path: Assets/Multistory Dungeons 2/Prefabs/FIRST-PERSON/FP ROOMS/FP Connectors/Exit_Connection_Open_01.prefab
  importAddress: Guid(3a33cb7eb327493293a611fc55da0147) Importer(815301076,1909f56bfc062723c751e8b465ee728b)
Start importing Assets/Multistory Dungeons 2/Prefabs/FIRST-PERSON/FP ROOMS/FP Connectors/Exit_Connection_Open_01.prefab using Guid(3a33cb7eb327493293a611fc55da0147) Importer(815301076,1909f56bfc062723c751e8b465ee728b) (PreviewImporter) -> (Import Result ID: '128f372eb593c38d95c2350452262d3b') in 0.1278067 seconds [static and dynamic dependencies]. Details - ImportResultOutputID=7ac75e19e3fd35c7e60a5557cb7343bb DependenciesID=1a0891ac63e08300723a74819acf58ae StaticDependenciesID=5443098ba83c9f82f322c951ed2dbf7c 
Number of updated asset objects reloaded before import = 0Number of asset objects unloaded after import = 30

========================================================================
Received Import Request.
  Time since last request: 37.295886 seconds.
  path: Assets/Multistory Dungeons 2/Prefabs/FIRST-PERSON/FP Columns and Decor/Column_12.prefab
  importAddress: Guid(e8249047f8d84380b46e6daa0b950126) Importer(815301076,1909f56bfc062723c751e8b465ee728b)
Start importing Assets/Multistory Dungeons 2/Prefabs/FIRST-PERSON/FP Columns and Decor/Column_12.prefab using Guid(e8249047f8d84380b46e6daa0b950126) Importer(815301076,1909f56bfc062723c751e8b465ee728b) (PreviewImporter) -> (Import Result ID: 'af4587d083384d8cfa75afb17feaec92') in 0.1784969 seconds [static and dynamic dependencies]. Details - ImportResultOutputID=615315473393a251ad0e9a1cf077e4ac DependenciesID=6363ffe06816b471ffdbab591fcacd27 StaticDependenciesID=359fe4aa8a92941a8ed83a9d24d0b41e 
Number of updated asset objects reloaded before import = 0Number of asset objects unloaded after import = 12

========================================================================
Received Import Request.
  Time since last request: 0.000026 seconds.
  path: Assets/Multistory Dungeons 2/Prefabs/FIRST-PERSON/FP Columns and Decor/Column_Ruined_01.prefab
  importAddress: Guid(8d9d74f905cb48b78fde29a25ac54098) Importer(815301076,1909f56bfc062723c751e8b465ee728b)
Start importing Assets/Multistory Dungeons 2/Prefabs/FIRST-PERSON/FP Columns and Decor/Column_Ruined_01.prefab using Guid(8d9d74f905cb48b78fde29a25ac54098) Importer(815301076,1909f56bfc062723c751e8b465ee728b) (PreviewImporter) -> (Import Result ID: '73728d033c7e61294832a9c462e7270e') in 0.0402606 seconds [static and dynamic dependencies]. Details - ImportResultOutputID=fe335488bc051c7c8214ab1ea5017a5c DependenciesID=344a80385ab4edaf1b20455d30eb4fd6 StaticDependenciesID=edeebbb554cc3accd17445f214631394 
Number of updated asset objects reloaded before import = 0Number of asset objects unloaded after import = 12

========================================================================
Received Import Request.
  Time since last request: 0.000052 seconds.
  path: Assets/Multistory Dungeons 2/Prefabs/FIRST-PERSON/FP Columns and Decor/Cornice_05.prefab
  importAddress: Guid(ee657683c42e4139be51e740eb9d00ef) Importer(815301076,1909f56bfc062723c751e8b465ee728b)
Start importing Assets/Multistory Dungeons 2/Prefabs/FIRST-PERSON/FP Columns and Decor/Cornice_05.prefab using Guid(ee657683c42e4139be51e740eb9d00ef) Importer(815301076,1909f56bfc062723c751e8b465ee728b) (PreviewImporter) -> (Import Result ID: 'b0b62e52708d30d7668ae1fa94e09b7a') in 0.0427466 seconds [static and dynamic dependencies]. Details - ImportResultOutputID=48b6feccc67a0149e78c4722fa2c60e0 DependenciesID=4691f694b67bdbdd7956276b6edbdd6c StaticDependenciesID=738ee3b26d6f362a30f4dc6554ad26c9 
Number of updated asset objects reloaded before import = 0Number of asset objects unloaded after import = 13

========================================================================
Received Import Request.
  Time since last request: 0.000025 seconds.
  path: Assets/Multistory Dungeons 2/Prefabs/FIRST-PERSON/FP Columns and Decor/Cornice_Corner_05.prefab
  importAddress: Guid(5dbac076310c4cb7bef28b9d49b3a0c5) Importer(815301076,1909f56bfc062723c751e8b465ee728b)
Start importing Assets/Multistory Dungeons 2/Prefabs/FIRST-PERSON/FP Columns and Decor/Cornice_Corner_05.prefab using Guid(5dbac076310c4cb7bef28b9d49b3a0c5) Importer(815301076,1909f56bfc062723c751e8b465ee728b) (PreviewImporter) -> (Import Result ID: '2a88fc9c96a25faa0d331e2b64588714') in 0.0367079 seconds [static and dynamic dependencies]. Details - ImportResultOutputID=a787a0e6e827b393a986f214ffc2c947 DependenciesID=4cfb7ad774cdcb80271615e80512f932 StaticDependenciesID=e390524fe541315101aca38fbae57c32 
Number of updated asset objects reloaded before import = 0Number of asset objects unloaded after import = 13

========================================================================
Received Import Request.
  Time since last request: 0.000030 seconds.
  path: Assets/Multistory Dungeons 2/Prefabs/FIRST-PERSON/FP Columns and Decor/Column_Fence_01.prefab
  importAddress: Guid(7fe9d21cc56d4dce85e0d2200c57c32a) Importer(815301076,1909f56bfc062723c751e8b465ee728b)
Start importing Assets/Multistory Dungeons 2/Prefabs/FIRST-PERSON/FP Columns and Decor/Column_Fence_01.prefab using Guid(7fe9d21cc56d4dce85e0d2200c57c32a) Importer(815301076,1909f56bfc062723c751e8b465ee728b) (PreviewImporter) -> (Import Result ID: '453cdd663214e2dfa954557e9c21847e') in 0.0379451 seconds [static and dynamic dependencies]. Details - ImportResultOutputID=c013f52811be002cb12112248072c9ae DependenciesID=b98fa8bd4f27a93b8655ca68a63fa5ad StaticDependenciesID=839af7b517107acee8573a19d08956e3 
Number of updated asset objects reloaded before import = 0Number of asset objects unloaded after import = 12

========================================================================
Received Import Request.
  Time since last request: 0.000023 seconds.
  path: Assets/Multistory Dungeons 2/Prefabs/FIRST-PERSON/FP Columns and Decor/Plinth_Corner_02.prefab
  importAddress: Guid(8b39f1114abd4f1eb637647890b9ed9b) Importer(815301076,1909f56bfc062723c751e8b465ee728b)
Start importing Assets/Multistory Dungeons 2/Prefabs/FIRST-PERSON/FP Columns and Decor/Plinth_Corner_02.prefab using Guid(8b39f1114abd4f1eb637647890b9ed9b) Importer(815301076,1909f56bfc062723c751e8b465ee728b) (PreviewImporter) -> (Import Result ID: '42ad875b86fc6fe70545739aac950c76') in 0.0485744 seconds [static and dynamic dependencies]. Details - ImportResultOutputID=374e7b15d13433e5beb6c51affd28a8e DependenciesID=4d3906b5a230ac8aadf077def230920c StaticDependenciesID=2c9906cbe09450fb6a463f8339921d9d 
Number of updated asset objects reloaded before import = 0Number of asset objects unloaded after import = 14

========================================================================
Received Import Request.
  Time since last request: 4.269467 seconds.
  path: Assets/Multistory Dungeons 2/Prefabs/FIRST-PERSON/FP Base/Arch_Big_02.prefab
  importAddress: Guid(74e58403c251442ba1f674048f718f32) Importer(815301076,1909f56bfc062723c751e8b465ee728b)
Start importing Assets/Multistory Dungeons 2/Prefabs/FIRST-PERSON/FP Base/Arch_Big_02.prefab using Guid(74e58403c251442ba1f674048f718f32) Importer(815301076,1909f56bfc062723c751e8b465ee728b) (PreviewImporter) -> (Import Result ID: 'cd5194a55f99cfebd9df3b17fd391e49') in 0.0611422 seconds [static and dynamic dependencies]. Details - ImportResultOutputID=ae2d57f8d2a15562f115af00b56c531c DependenciesID=53664c20c8bbaab664fdada0f1623aa8 StaticDependenciesID=6b6f2653e70344c5e48170585e6f9d0c 
Number of updated asset objects reloaded before import = 0Number of asset objects unloaded after import = 23

========================================================================
Received Import Request.
  Time since last request: 0.000061 seconds.
  path: Assets/Multistory Dungeons 2/Prefabs/FIRST-PERSON/FP Base/Wall_03.prefab
  importAddress: Guid(c24b091499e8492698a9b83fcafd3cc4) Importer(815301076,1909f56bfc062723c751e8b465ee728b)
Start importing Assets/Multistory Dungeons 2/Prefabs/FIRST-PERSON/FP Base/Wall_03.prefab using Guid(c24b091499e8492698a9b83fcafd3cc4) Importer(815301076,1909f56bfc062723c751e8b465ee728b) (PreviewImporter) -> (Import Result ID: '23c9906f71d1cc8506e24c26cec01c72') in 0.1048869 seconds [static and dynamic dependencies]. Details - ImportResultOutputID=769373e39bba8a220d2bbd81530d2d20 DependenciesID=dc0bdcb01d5055097d8234bcc1d62793 StaticDependenciesID=c433acbe5066431c2b9258980a624f34 
Number of updated asset objects reloaded before import = 0Number of asset objects unloaded after import = 12

========================================================================
Received Import Request.
  Time since last request: 0.000035 seconds.
  path: Assets/Multistory Dungeons 2/Prefabs/FIRST-PERSON/FP Base/Ceiling_05.prefab
  importAddress: Guid(7118c8cf4e904fd5ba36eba5b7bbc273) Importer(815301076,1909f56bfc062723c751e8b465ee728b)
Start importing Assets/Multistory Dungeons 2/Prefabs/FIRST-PERSON/FP Base/Ceiling_05.prefab using Guid(7118c8cf4e904fd5ba36eba5b7bbc273) Importer(815301076,1909f56bfc062723c751e8b465ee728b) (PreviewImporter) -> (Import Result ID: '6a9743fd153c055f1d752f992e403b10') in 0.0789932 seconds [static and dynamic dependencies]. Details - ImportResultOutputID=b22a228e26b8c90032c169245954183a DependenciesID=de82b71b1b781506aed55d8b6b5b49a6 StaticDependenciesID=ed36cf356826e0336c6829ccee82c98f 
Number of updated asset objects reloaded before import = 0Number of asset objects unloaded after import = 24

========================================================================
Received Import Request.
  Time since last request: 0.000037 seconds.
  path: Assets/Multistory Dungeons 2/Prefabs/FIRST-PERSON/FP Base/Wall_Niche_01.prefab
  importAddress: Guid(1541a7e50f4442f290ac3e63d552c713) Importer(815301076,1909f56bfc062723c751e8b465ee728b)
Start importing Assets/Multistory Dungeons 2/Prefabs/FIRST-PERSON/FP Base/Wall_Niche_01.prefab using Guid(1541a7e50f4442f290ac3e63d552c713) Importer(815301076,1909f56bfc062723c751e8b465ee728b) (PreviewImporter) -> (Import Result ID: '57fa460d4b812e6e214756338736f57d') in 0.0547404 seconds [static and dynamic dependencies]. Details - ImportResultOutputID=1d6f48fa082b29d78ea545e27a5c83bb DependenciesID=e6cce3508466a7968ffc5f97523242a0 StaticDependenciesID=14dc2ae5e59e7f84ac93ecce3f949eb1 
Number of updated asset objects reloaded before import = 0Number of asset objects unloaded after import = 20

========================================================================
Received Import Request.
  Time since last request: 0.000022 seconds.
  path: Assets/Multistory Dungeons 2/Prefabs/FIRST-PERSON/FP Base/FP_Wall_Half_01.prefab
  importAddress: Guid(881ab6e4929943e393dc7372c51a63f2) Importer(815301076,1909f56bfc062723c751e8b465ee728b)
Start importing Assets/Multistory Dungeons 2/Prefabs/FIRST-PERSON/FP Base/FP_Wall_Half_01.prefab using Guid(881ab6e4929943e393dc7372c51a63f2) Importer(815301076,1909f56bfc062723c751e8b465ee728b) (PreviewImporter) -> (Import Result ID: '7dd00c93c6c148ac67cde695a60f2fd8') in 0.0380754 seconds [static and dynamic dependencies]. Details - ImportResultOutputID=cb3bc94c41535791b717b32216f2a342 DependenciesID=7e96607016463d289fda243c06cb9733 StaticDependenciesID=10f3b61e80fbe3efdcef25dcf9dbf8d0 
Number of updated asset objects reloaded before import = 0Number of asset objects unloaded after import = 12

========================================================================
Received Import Request.
  Time since last request: 0.000027 seconds.
  path: Assets/Multistory Dungeons 2/Prefabs/FIRST-PERSON/FP Base/Wall_Curved_07.prefab
  importAddress: Guid(a01449b529d946fb94a6eacc94208c62) Importer(815301076,1909f56bfc062723c751e8b465ee728b)
Start importing Assets/Multistory Dungeons 2/Prefabs/FIRST-PERSON/FP Base/Wall_Curved_07.prefab using Guid(a01449b529d946fb94a6eacc94208c62) Importer(815301076,1909f56bfc062723c751e8b465ee728b) (PreviewImporter) -> (Import Result ID: 'e5800e0af2b69c99644296fb42550736') in 0.0419908 seconds [static and dynamic dependencies]. Details - ImportResultOutputID=c926df255542b682b08ea3140ebe2930 DependenciesID=66d2805014dd4cc93d420d8f7cb10593 StaticDependenciesID=b992d9bd443857f61991bf854d9e3c30 
Number of updated asset objects reloaded before import = 0Number of asset objects unloaded after import = 28

========================================================================
Received Import Request.
  Time since last request: 0.000031 seconds.
  path: Assets/Multistory Dungeons 2/Prefabs/FIRST-PERSON/FP Base/Floor_Rounded_04.prefab
  importAddress: Guid(d7782655ef484f038f0b8b8892b5180b) Importer(815301076,1909f56bfc062723c751e8b465ee728b)
Start importing Assets/Multistory Dungeons 2/Prefabs/FIRST-PERSON/FP Base/Floor_Rounded_04.prefab using Guid(d7782655ef484f038f0b8b8892b5180b) Importer(815301076,1909f56bfc062723c751e8b465ee728b) (PreviewImporter) -> (Import Result ID: '9c7e313918a73d7a2efd3f3f9e14f715') in 0.0443554 seconds [static and dynamic dependencies]. Details - ImportResultOutputID=da87948f5a6a72c7d277a82fa7772a6c DependenciesID=ad27cbffa56129239089f06ca68e9700 StaticDependenciesID=687d2b7bf6753e3ec3243906e6d87009 
Number of updated asset objects reloaded before import = 0Number of asset objects unloaded after import = 13

========================================================================
Received Import Request.
  Time since last request: 0.000024 seconds.
  path: Assets/Multistory Dungeons 2/Prefabs/FIRST-PERSON/FP Base/Archway_Tall_01.prefab
  importAddress: Guid(6cd5bb82953240d0a168964ba4d99da9) Importer(815301076,1909f56bfc062723c751e8b465ee728b)
Start importing Assets/Multistory Dungeons 2/Prefabs/FIRST-PERSON/FP Base/Archway_Tall_01.prefab using Guid(6cd5bb82953240d0a168964ba4d99da9) Importer(815301076,1909f56bfc062723c751e8b465ee728b) (PreviewImporter) -> (Import Result ID: '1b265517329b3e339b523e79e5942976') in 0.0382111 seconds [static and dynamic dependencies]. Details - ImportResultOutputID=302c1455caa40dec8b6a49f8312cb4a6 DependenciesID=dfbfdb95e4768ba81981b81e9f713b88 StaticDependenciesID=2dc995c5c3c41b73399cac9245d38ba5 
Number of updated asset objects reloaded before import = 0Number of asset objects unloaded after import = 19

========================================================================
Received Import Request.
  Time since last request: 0.000028 seconds.
  path: Assets/Multistory Dungeons 2/Prefabs/FIRST-PERSON/FP Base/Floor_Rounded_06.prefab
  importAddress: Guid(5e4c6b4b68c2432294482b73ddf6f59d) Importer(815301076,1909f56bfc062723c751e8b465ee728b)
Start importing Assets/Multistory Dungeons 2/Prefabs/FIRST-PERSON/FP Base/Floor_Rounded_06.prefab using Guid(5e4c6b4b68c2432294482b73ddf6f59d) Importer(815301076,1909f56bfc062723c751e8b465ee728b) (PreviewImporter) -> (Import Result ID: '96f6a2b108c5fcc05783802ecb2f1216') in 0.0464947 seconds [static and dynamic dependencies]. Details - ImportResultOutputID=d39fc48e4fdcbbe9473481dcfabaf942 DependenciesID=75a94a907f2cb886f78807b69f6245b4 StaticDependenciesID=01392e76059cdd4c8136e6d9e6dc509e 
Number of updated asset objects reloaded before import = 0Number of asset objects unloaded after import = 17

========================================================================
Received Import Request.
  Time since last request: 4.918328 seconds.
  path: Assets/Multistory Dungeons 2/Prefabs/FIRST-PERSON/FP Base/Ruined/Archway_Ruined_04.prefab
  importAddress: Guid(bf47e291a2e549df9d306a7a2ce94807) Importer(815301076,1909f56bfc062723c751e8b465ee728b)
Start importing Assets/Multistory Dungeons 2/Prefabs/FIRST-PERSON/FP Base/Ruined/Archway_Ruined_04.prefab using Guid(bf47e291a2e549df9d306a7a2ce94807) Importer(815301076,1909f56bfc062723c751e8b465ee728b) (PreviewImporter) -> (Import Result ID: 'bf080ac52dd61a35d4e26d0df1467de3') in 0.1440062 seconds [static and dynamic dependencies]. Details - ImportResultOutputID=98b2c1e03071648833c58cdb27e54acf DependenciesID=5a2b71663676a94a425856c80ec993e8 StaticDependenciesID=7e1fb9d4e527c760cc4f91f5e48354cd 
Number of updated asset objects reloaded before import = 0Number of asset objects unloaded after import = 13

========================================================================
Received Import Request.
  Time since last request: 0.000022 seconds.
  path: Assets/Multistory Dungeons 2/Prefabs/FIRST-PERSON/FP Base/Ruined/Brick_03.prefab
  importAddress: Guid(84fad1bcd6c74f3bbd9f67461171bf9c) Importer(815301076,1909f56bfc062723c751e8b465ee728b)
Start importing Assets/Multistory Dungeons 2/Prefabs/FIRST-PERSON/FP Base/Ruined/Brick_03.prefab using Guid(84fad1bcd6c74f3bbd9f67461171bf9c) Importer(815301076,1909f56bfc062723c751e8b465ee728b) (PreviewImporter) -> (Import Result ID: '56358bcd13a7f1b1c3782653b8a0cf77') in 0.0512056 seconds [static and dynamic dependencies]. Details - ImportResultOutputID=2a0cbb5b77dc776b32deaf5ecab0aabe DependenciesID=1490ccf1c6835175fef556fec1f36291 StaticDependenciesID=b190d1eaadfeb687f3edbd269cc98712 
Number of updated asset objects reloaded before import = 0Number of asset objects unloaded after import = 12

========================================================================
Received Import Request.
  Time since last request: 0.000039 seconds.
  path: Assets/Multistory Dungeons 2/Prefabs/FIRST-PERSON/FP Base/Ruined/Window_Tall_Ruined_02.prefab
  importAddress: Guid(c70ef783e3ee40d093ca25a5515e389b) Importer(815301076,1909f56bfc062723c751e8b465ee728b)
Start importing Assets/Multistory Dungeons 2/Prefabs/FIRST-PERSON/FP Base/Ruined/Window_Tall_Ruined_02.prefab using Guid(c70ef783e3ee40d093ca25a5515e389b) Importer(815301076,1909f56bfc062723c751e8b465ee728b) (PreviewImporter) -> (Import Result ID: 'b1ce58e5586c4719ccfea6e2c4151dbe') in 0.0463622 seconds [static and dynamic dependencies]. Details - ImportResultOutputID=c5170bfa0f74fd840f8b5b452970e947 DependenciesID=444887c93dd056e5f8f62b0c1b0950e0 StaticDependenciesID=851c125ec398e7a2fe9ee814d7d4f1ab 
Number of updated asset objects reloaded before import = 0Number of asset objects unloaded after import = 17

========================================================================
Received Import Request.
  Time since last request: 0.000019 seconds.
  path: Assets/Multistory Dungeons 2/Prefabs/FIRST-PERSON/FP Base/Ruined/Archway_Ruined_05.prefab
  importAddress: Guid(2859ce0bb8244cc98af102b6e5f949e1) Importer(815301076,1909f56bfc062723c751e8b465ee728b)
Start importing Assets/Multistory Dungeons 2/Prefabs/FIRST-PERSON/FP Base/Ruined/Archway_Ruined_05.prefab using Guid(2859ce0bb8244cc98af102b6e5f949e1) Importer(815301076,1909f56bfc062723c751e8b465ee728b) (PreviewImporter) -> (Import Result ID: '7e72d68a55c25af63ea3fc261f1d872c') in 0.0462222 seconds [static and dynamic dependencies]. Details - ImportResultOutputID=62f9298026393ef64360f833d5bbb68d DependenciesID=498e450f298ff1fe4393bb99692e021d StaticDependenciesID=2ead0df6450c923674a57a08f8207348 
Number of updated asset objects reloaded before import = 0Number of asset objects unloaded after import = 13

========================================================================
Received Prepare
Begin MonoManager ReloadAssembly
[Licensing::Client] Successfully resolved entitlement details
Assembly Assembly-CSharp-Editor-firstpass.dll at Library/ScriptAssemblies/Assembly-CSharp-Editor-firstpass.dll not valid. Loading of assembly skipped.
Assembly Assembly-CSharp-firstpass.dll at Library/ScriptAssemblies/Assembly-CSharp-firstpass.dll not valid. Loading of assembly skipped.
Assembly DocCodeExamples.dll at Library/ScriptAssemblies/DocCodeExamples.dll not valid. Loading of assembly skipped.
Assembly TestNewCustomAssembly.dll at Library/ScriptAssemblies/TestNewCustomAssembly.dll not valid. Loading of assembly skipped.
Assembly Unity.Collections.BurstCompatibilityGen.dll at Library/ScriptAssemblies/Unity.Collections.BurstCompatibilityGen.dll not valid. Loading of assembly skipped.
Assembly Unity.Collections.DocCodeSamples.dll at Library/ScriptAssemblies/Unity.Collections.DocCodeSamples.dll not valid. Loading of assembly skipped.
Assembly Unity.Collections.PerformanceTests.dll at Library/ScriptAssemblies/Unity.Collections.PerformanceTests.dll not valid. Loading of assembly skipped.
Assembly Unity.Collections.Tests.dll at Library/ScriptAssemblies/Unity.Collections.Tests.dll not valid. Loading of assembly skipped.
Assembly Unity.Collections.Tests.Playmode.dll at Library/ScriptAssemblies/Unity.Collections.Tests.Playmode.dll not valid. Loading of assembly skipped.
Assembly Unity.InputSystem.IntegrationTests.dll at Library/ScriptAssemblies/Unity.InputSystem.IntegrationTests.dll not valid. Loading of assembly skipped.
Assembly Unity.Mathematics.Tests.dll at Library/ScriptAssemblies/Unity.Mathematics.Tests.dll not valid. Loading of assembly skipped.
Assembly Unity.Multiplayer.Center.Editor.Tests.dll at Library/ScriptAssemblies/Unity.Multiplayer.Center.Editor.Tests.dll not valid. Loading of assembly skipped.
Assembly Unity.Multiplayer.Center.Tests.dll at Library/ScriptAssemblies/Unity.Multiplayer.Center.Tests.dll not valid. Loading of assembly skipped.
Assembly Unity.Nuget.Mono-Cecil.dll at Library/ScriptAssemblies/Unity.Nuget.Mono-Cecil.dll not valid. Loading of assembly skipped.
Assembly Unity.PathTracing.Editor.Tests.dll at Library/ScriptAssemblies/Unity.PathTracing.Editor.Tests.dll not valid. Loading of assembly skipped.
Assembly Unity.PathTracing.Runtime.Tests.dll at Library/ScriptAssemblies/Unity.PathTracing.Runtime.Tests.dll not valid. Loading of assembly skipped.
Assembly Unity.RenderPipelines.Core.Editor.Tests.dll at Library/ScriptAssemblies/Unity.RenderPipelines.Core.Editor.Tests.dll not valid. Loading of assembly skipped.
Assembly Unity.RenderPipelines.Core.Runtime.Tests.dll at Library/ScriptAssemblies/Unity.RenderPipelines.Core.Runtime.Tests.dll not valid. Loading of assembly skipped.
Assembly Unity.RenderPipelines.Universal.Config.Editor.Tests.dll at Library/ScriptAssemblies/Unity.RenderPipelines.Universal.Config.Editor.Tests.dll not valid. Loading of assembly skipped.
Assembly Unity.RenderPipelines.Universal.Editor.Tests.dll at Library/ScriptAssemblies/Unity.RenderPipelines.Universal.Editor.Tests.dll not valid. Loading of assembly skipped.
Assembly Unity.RenderPipelines.Universal.Runtime.Tests.dll at Library/ScriptAssemblies/Unity.RenderPipelines.Universal.Runtime.Tests.dll not valid. Loading of assembly skipped.
Assembly Unity.Searcher.EditorTests.dll at Library/ScriptAssemblies/Unity.Searcher.EditorTests.dll not valid. Loading of assembly skipped.
Assembly Unity.ShaderGraph.Editor.Tests.dll at Library/ScriptAssemblies/Unity.ShaderGraph.Editor.Tests.dll not valid. Loading of assembly skipped.
Assembly Unity.TextMeshPro.Editor.Tests.dll at Library/ScriptAssemblies/Unity.TextMeshPro.Editor.Tests.dll not valid. Loading of assembly skipped.
Assembly Unity.TextMeshPro.Tests.dll at Library/ScriptAssemblies/Unity.TextMeshPro.Tests.dll not valid. Loading of assembly skipped.
Assembly Unity.UnifiedRayTracing.Editor.Tests.dll at Library/ScriptAssemblies/Unity.UnifiedRayTracing.Editor.Tests.dll not valid. Loading of assembly skipped.
Assembly UnityEditor.UI.Common.Tests.dll at Library/ScriptAssemblies/UnityEditor.UI.Common.Tests.dll not valid. Loading of assembly skipped.
Assembly UnityEditor.UI.EditorTests.dll at Library/ScriptAssemblies/UnityEditor.UI.EditorTests.dll not valid. Loading of assembly skipped.
Assembly UnityEngine.UI.Tests.dll at Library/ScriptAssemblies/UnityEngine.UI.Tests.dll not valid. Loading of assembly skipped.
Assertion failed on expression: 'pred(*previous, *i)'
Assertion failed on expression: 'pred(*previous, *i)'
Assertion failed on expression: 'pred(*previous, *i)'
Native extension for UWP target not found
Native extension for WindowsStandalone target not found
Native extension for WebGL target not found
[Package Manager] Failed to launch server process. Reason: Unity was launched with the -noUpm command-line argument
[Package Manager] Unable to send message (not connected to server process).
[Package Manager] Cannot connect to Unity Package Manager local server
[Package Manager] Failed to launch server process. Reason: Unity was launched with the -noUpm command-line argument
[Package Manager] Unable to send message (not connected to server process).
[Package Manager] Cannot connect to Unity Package Manager local server
ScheduleIndexationOnStartup MainProcess:False IndexOnStartup:True
Mono: successfully reloaded assembly
- Finished resetting the current domain, in  0.513 seconds
Domain Reload Profiling: 1122ms
	BeginReloadAssembly (200ms)
		DisableScriptedObjects (15ms)
		CreateAndSetChildDomain (61ms)
	RebuildCommonClasses (27ms)
	RebuildNativeTypeToScriptingClass (12ms)
	initialDomainReloadingComplete (38ms)
	LoadAllAssembliesAndSetupDomain (332ms)
		LoadAssemblies (263ms)
		AnalyzeDomain (133ms)
			TypeCache.Refresh (5ms)
			BuildScriptInfoCaches (120ms)
			ResolveRequiredComponents (7ms)
	FinalizeReload (513ms)
		SetupLoadedEditorAssemblies (0ms)
			InitializePlatformSupportModulesInManaged (8ms)
			BeforeProcessingInitializeOnLoad (107ms)
			ProcessInitializeOnLoadAttributes (194ms)
			ProcessInitializeOnLoadMethodAttributes (67ms)
			AfterProcessingInitializeOnLoad (6ms)
		AwakeInstancesAfterBackupRestoration (10ms)
Unloading 24 Unused Serialized files (Serialized files now loaded: 0)
Unloading 6695 unused Assets / (4.7 MB). Loaded Objects now: 7484.
Memory consumption went from 188.6 MB to 183.8 MB.
Total: 6.846400 ms (FindLiveObjects: 0.757800 ms CreateObjectMapping: 0.237800 ms MarkObjects: 3.779800 ms  DeleteObjects: 2.070300 ms)

Prepare: number of updated asset objects reloaded= 0
========================================================================
Received Import Request.
  Time since last request: 51.266283 seconds.
  path: Assets/Multistory Dungeons 2/Prefabs/Props/Barrels_Preset_04.prefab
  importAddress: Guid(0e749be40a6b4f60935cf7e490b57d1e) Importer(815301076,1909f56bfc062723c751e8b465ee728b)
Start importing Assets/Multistory Dungeons 2/Prefabs/Props/Barrels_Preset_04.prefab using Guid(0e749be40a6b4f60935cf7e490b57d1e) Importer(815301076,1909f56bfc062723c751e8b465ee728b) (PreviewImporter) -> (Import Result ID: '1bfec13994a64f20e7df08883b67ee73') in 0.3505397 seconds [static and dynamic dependencies]. Details - ImportResultOutputID=0fc450b7f05545473272483dc111c73f DependenciesID=90a60757030c17cbb7725938c9fbe47b StaticDependenciesID=b4fc9688262120fce56e2376769c86bf 
Number of updated asset objects reloaded before import = 0Number of asset objects unloaded after import = 15

========================================================================
Received Import Request.
  Time since last request: 0.000029 seconds.
  path: Assets/Multistory Dungeons 2/Prefabs/Props/Candlestick_Floor_02_Lit.prefab
  importAddress: Guid(aebf24aa57894961bfe5b60492dd5bdd) Importer(815301076,1909f56bfc062723c751e8b465ee728b)
Start importing Assets/Multistory Dungeons 2/Prefabs/Props/Candlestick_Floor_02_Lit.prefab using Guid(aebf24aa57894961bfe5b60492dd5bdd) Importer(815301076,1909f56bfc062723c751e8b465ee728b) (PreviewImporter) -> (Import Result ID: 'c9b018858b05cf384f35be5091684c82') in 0.0259803 seconds [static and dynamic dependencies]. Details - ImportResultOutputID=b7bb622734b89b7bdf466918b452bdec DependenciesID=cb04b5a8d4eac6ab8c29e21fce4628f8 StaticDependenciesID=b00133225fb9fa0e46a185e4f0f32f95 
Number of updated asset objects reloaded before import = 0Number of asset objects unloaded after import = 48

========================================================================
Received Import Request.
  Time since last request: 0.000035 seconds.
  path: Assets/Multistory Dungeons 2/Prefabs/Props/Candlestick_Floor_01_Lit.prefab
  importAddress: Guid(aa299f61244143f084a68a37435cb7c4) Importer(815301076,1909f56bfc062723c751e8b465ee728b)
Start importing Assets/Multistory Dungeons 2/Prefabs/Props/Candlestick_Floor_01_Lit.prefab using Guid(aa299f61244143f084a68a37435cb7c4) Importer(815301076,1909f56bfc062723c751e8b465ee728b) (PreviewImporter) -> (Import Result ID: '0f6ad99cd3bd3c640717cd6fb3b210e9') in 0.0342629 seconds [static and dynamic dependencies]. Details - ImportResultOutputID=6b52c0b2c654eadd5e7f0eb7cc354eec DependenciesID=5d119aaeb50928ee55933e23f9dbfc2f StaticDependenciesID=86be7d4ee329bcf32b7fd5c4b8476fe8 
Number of updated asset objects reloaded before import = 0Number of asset objects unloaded after import = 48

========================================================================
Received Import Request.
  Time since last request: 0.000025 seconds.
  path: Assets/Multistory Dungeons 2/Prefabs/Props/Candle_02.prefab
  importAddress: Guid(374b0997db81407ca6f741e55d078c80) Importer(815301076,1909f56bfc062723c751e8b465ee728b)
Start importing Assets/Multistory Dungeons 2/Prefabs/Props/Candle_02.prefab using Guid(374b0997db81407ca6f741e55d078c80) Importer(815301076,1909f56bfc062723c751e8b465ee728b) (PreviewImporter) -> (Import Result ID: 'ec799d76a532b2dbee7cdc0a156661fd') in 0.021995 seconds [static and dynamic dependencies]. Details - ImportResultOutputID=40a499a5fe6dffad61917169daa2b888 DependenciesID=e880fecdd7cc9053f221cd024d24f90f StaticDependenciesID=dc713ece1e3d48544bd66d1b09f2d286 
Number of updated asset objects reloaded before import = 0Number of asset objects unloaded after import = 32

========================================================================
Received Import Request.
  Time since last request: 0.000022 seconds.
  path: Assets/Multistory Dungeons 2/Prefabs/Props/Jug_01.prefab
  importAddress: Guid(58d83b4a8dd8477883ef7bd4c4718519) Importer(815301076,1909f56bfc062723c751e8b465ee728b)
Start importing Assets/Multistory Dungeons 2/Prefabs/Props/Jug_01.prefab using Guid(58d83b4a8dd8477883ef7bd4c4718519) Importer(815301076,1909f56bfc062723c751e8b465ee728b) (PreviewImporter) -> (Import Result ID: 'e5291f132cc166da29e65bea3cb10625') in 0.0232681 seconds [static and dynamic dependencies]. Details - ImportResultOutputID=2470e05d04a2c4a1559bbf2c166dc5ea DependenciesID=aa4d0cacae3ca8299b7530820c53b11a StaticDependenciesID=e38a0616c2b38809ea701816a01950ab 
Number of updated asset objects reloaded before import = 0Number of asset objects unloaded after import = 13

========================================================================
Received Import Request.
  Time since last request: 0.000023 seconds.
  path: Assets/Multistory Dungeons 2/Prefabs/Props/Lamp_01.prefab
  importAddress: Guid(dfbde792590a4220a339d2b776e63f3b) Importer(815301076,1909f56bfc062723c751e8b465ee728b)
Start importing Assets/Multistory Dungeons 2/Prefabs/Props/Lamp_01.prefab using Guid(dfbde792590a4220a339d2b776e63f3b) Importer(815301076,1909f56bfc062723c751e8b465ee728b) (PreviewImporter) -> (Import Result ID: 'ec102235612e8a3d9fb95a412092214d') in 1.1955903 seconds [static and dynamic dependencies]. Details - ImportResultOutputID=4e5868d66111e6e4bbf4953fe99e3c8a DependenciesID=d79f5ba606a8012b94c0a8a5d7628a8d StaticDependenciesID=fda7db6f9d3be494c6c7cab9c60bb0fc 
Number of updated asset objects reloaded before import = 0Number of asset objects unloaded after import = 15

========================================================================
Received Import Request.
  Time since last request: 4.984484 seconds.
  path: Assets/Multistory Dungeons 2/Prefabs/Props/Furniture/Cupboard_02.prefab
  importAddress: Guid(1190fd8687304efb8e8af180203c5fb5) Importer(815301076,1909f56bfc062723c751e8b465ee728b)
Start importing Assets/Multistory Dungeons 2/Prefabs/Props/Furniture/Cupboard_02.prefab using Guid(1190fd8687304efb8e8af180203c5fb5) Importer(815301076,1909f56bfc062723c751e8b465ee728b) (PreviewImporter) -> (Import Result ID: '764739bcf64a7000d276ebb121cf1959') in 0.1499595 seconds [static and dynamic dependencies]. Details - ImportResultOutputID=b72983c63a63e29fa16cf8116d9d89f3 DependenciesID=de59fbc3991d8b1b68c2ede2e3fa2f3b StaticDependenciesID=35ee6615c4c10e6d98a0e03b8f3c54e9 
Number of updated asset objects reloaded before import = 0Number of asset objects unloaded after import = 12

========================================================================
Received Import Request.
  Time since last request: 0.000025 seconds.
  path: Assets/Multistory Dungeons 2/Prefabs/Props/Furniture/Shelf_Preset_03.prefab
  importAddress: Guid(b8606597093e47dbb476bdb09448f37f) Importer(815301076,1909f56bfc062723c751e8b465ee728b)
Start importing Assets/Multistory Dungeons 2/Prefabs/Props/Furniture/Shelf_Preset_03.prefab using Guid(b8606597093e47dbb476bdb09448f37f) Importer(815301076,1909f56bfc062723c751e8b465ee728b) (PreviewImporter) -> (Import Result ID: '02558f92b00abddffcdbc6c2cd2bcbdc') in 0.1149268 seconds [static and dynamic dependencies]. Details - ImportResultOutputID=a1d818be4df10d4c3a9b55d92b56a7dd DependenciesID=b37f7ce411e303f79c5ca4a9a1ebe532 StaticDependenciesID=56596354eaf3f0380933a5db5165c0f2 
Number of updated asset objects reloaded before import = 0Number of asset objects unloaded after import = 21

========================================================================
Received Import Request.
  Time since last request: 0.000048 seconds.
  path: Assets/Multistory Dungeons 2/Prefabs/Props/Furniture/Table_Preset_07.prefab
  importAddress: Guid(ebca31b02b704c8fba1ab8328306f126) Importer(815301076,1909f56bfc062723c751e8b465ee728b)
Start importing Assets/Multistory Dungeons 2/Prefabs/Props/Furniture/Table_Preset_07.prefab using Guid(ebca31b02b704c8fba1ab8328306f126) Importer(815301076,1909f56bfc062723c751e8b465ee728b) (PreviewImporter) -> (Import Result ID: '4c1832ef9a012887b021850becf4c96e') in 0.0474884 seconds [static and dynamic dependencies]. Details - ImportResultOutputID=23cca3345d7d2ee4eeb6871ccd3f2f47 DependenciesID=456ca104132bb8280906e4996f04561b StaticDependenciesID=50018983ea759c6c01c315e52201a84b 
Number of updated asset objects reloaded before import = 0Number of asset objects unloaded after import = 22

========================================================================
Received Import Request.
  Time since last request: 0.000036 seconds.
  path: Assets/Multistory Dungeons 2/Prefabs/Props/Furniture/Cupboard_Big_Preset_02.prefab
  importAddress: Guid(0648a8654321442ba88d4834921d373a) Importer(815301076,1909f56bfc062723c751e8b465ee728b)
Start importing Assets/Multistory Dungeons 2/Prefabs/Props/Furniture/Cupboard_Big_Preset_02.prefab using Guid(0648a8654321442ba88d4834921d373a) Importer(815301076,1909f56bfc062723c751e8b465ee728b) (PreviewImporter) -> (Import Result ID: '4253d7edce778c88b1a58098739beb5c') in 0.0452336 seconds [static and dynamic dependencies]. Details - ImportResultOutputID=e27a825152df8b4b34d5713f8628e787 DependenciesID=145999f2f3501b9ca9ee8a444f542802 StaticDependenciesID=42f068108d04953042914e9d45a419a3 
Number of updated asset objects reloaded before import = 0Number of asset objects unloaded after import = 22

========================================================================
Received Import Request.
  Time since last request: 0.000033 seconds.
  path: Assets/Multistory Dungeons 2/Prefabs/Props/Furniture/Cupboard_03.prefab
  importAddress: Guid(dbd2951b893941f1821fa65212a274cd) Importer(815301076,1909f56bfc062723c751e8b465ee728b)
Start importing Assets/Multistory Dungeons 2/Prefabs/Props/Furniture/Cupboard_03.prefab using Guid(dbd2951b893941f1821fa65212a274cd) Importer(815301076,1909f56bfc062723c751e8b465ee728b) (PreviewImporter) -> (Import Result ID: '290bbd364e7f7f69067909db2be066c4') in 0.0449364 seconds [static and dynamic dependencies]. Details - ImportResultOutputID=c5c981337e10ff3a82a1b7d330a6e9ce DependenciesID=fc36fb8a2ff5b0e270890570956074d6 StaticDependenciesID=dab40f4831961372cd37640a36c4182b 
Number of updated asset objects reloaded before import = 0Number of asset objects unloaded after import = 12

========================================================================
Received Import Request.
  Time since last request: 0.000045 seconds.
  path: Assets/Multistory Dungeons 2/Prefabs/Props/Furniture/Table_Preset_01.prefab
  importAddress: Guid(1c622154ca804fc7884d0df9b51f903d) Importer(815301076,1909f56bfc062723c751e8b465ee728b)
Start importing Assets/Multistory Dungeons 2/Prefabs/Props/Furniture/Table_Preset_01.prefab using Guid(1c622154ca804fc7884d0df9b51f903d) Importer(815301076,1909f56bfc062723c751e8b465ee728b) (PreviewImporter) -> (Import Result ID: 'db6dd0df8c053b0060c2d820fb4685df') in 0.0377042 seconds [static and dynamic dependencies]. Details - ImportResultOutputID=47d4eb75f5559c3b880024ab3ffa4594 DependenciesID=04147c777571b6ce94adac34fbd9eac2 StaticDependenciesID=a31d83d2478ff0edb611ba0151009a05 
Number of updated asset objects reloaded before import = 0Number of asset objects unloaded after import = 22

========================================================================
Received Import Request.
  Time since last request: 0.000043 seconds.
  path: Assets/Multistory Dungeons 2/Prefabs/Props/Furniture/Table_01.prefab
  importAddress: Guid(7898d54b47c340b59a0491e6a61aded1) Importer(815301076,1909f56bfc062723c751e8b465ee728b)
Start importing Assets/Multistory Dungeons 2/Prefabs/Props/Furniture/Table_01.prefab using Guid(7898d54b47c340b59a0491e6a61aded1) Importer(815301076,1909f56bfc062723c751e8b465ee728b) (PreviewImporter) -> (Import Result ID: '4d5d6a11a6b05606ae9885a353b2f7c8') in 0.0322442 seconds [static and dynamic dependencies]. Details - ImportResultOutputID=51071cfaf24f7c6aa7687ee0bd6c053a DependenciesID=1a79bcd82d4b8abd5aa074f9ed6b361c StaticDependenciesID=25c2b02699f5527dc27130cb2896500e 
Number of updated asset objects reloaded before import = 0Number of asset objects unloaded after import = 12

========================================================================
Received Import Request.
  Time since last request: 0.000034 seconds.
  path: Assets/Multistory Dungeons 2/Prefabs/Props/Furniture/Cupboard_Preset_06.prefab
  importAddress: Guid(6bbaf0f5eff14833833d82961e6f0504) Importer(815301076,1909f56bfc062723c751e8b465ee728b)
Start importing Assets/Multistory Dungeons 2/Prefabs/Props/Furniture/Cupboard_Preset_06.prefab using Guid(6bbaf0f5eff14833833d82961e6f0504) Importer(815301076,1909f56bfc062723c751e8b465ee728b) (PreviewImporter) -> (Import Result ID: 'c074e099e8ea053461c7ca846342619e') in 0.0456618 seconds [static and dynamic dependencies]. Details - ImportResultOutputID=739a0fc84e95a6b871b8d0ac8cd322b6 DependenciesID=b87e199feab3d5e859c2bdde8d2978ab StaticDependenciesID=a9f4af89da7ed959d8a05ace82e8022a 
Number of updated asset objects reloaded before import = 0Number of asset objects unloaded after import = 22

========================================================================
Received Import Request.
  Time since last request: 0.000029 seconds.
  path: Assets/Multistory Dungeons 2/Prefabs/Props/Furniture/Shelf_Preset_04.prefab
  importAddress: Guid(d7a5e14202ef45918353047c81112c8a) Importer(815301076,1909f56bfc062723c751e8b465ee728b)
Start importing Assets/Multistory Dungeons 2/Prefabs/Props/Furniture/Shelf_Preset_04.prefab using Guid(d7a5e14202ef45918353047c81112c8a) Importer(815301076,1909f56bfc062723c751e8b465ee728b) (PreviewImporter) -> (Import Result ID: 'abf6f260a25558a20ed7cb317a036379') in 0.0377732 seconds [static and dynamic dependencies]. Details - ImportResultOutputID=dcd75e1651b895cbd05935d6e2b0d312 DependenciesID=e2ccadbbf0da37e25312c17733cd8c1f StaticDependenciesID=671e701499460a82838e481e3011bf6b 
Number of updated asset objects reloaded before import = 0Number of asset objects unloaded after import = 20

Editor requested this worker to shutdown with reason: Scaling down because of idle timeout
AssetImportWorker is now disconnected from the server
Process exiting
Exiting without the bug reporter. Application will terminate with return code 0