[Licensing::Module] Trying to connect to existing licensing client channel...
Built from '6000.4/staging' branch; Version is '6000.4.5f1 (cc83ebd631f8) revision 13403115'; Using compiler version '194234433'; Build Type 'Release'
OS: 'Windows 11  (10.0.26200) Core' Language: 'ru' Physical Memory: 31962 MB
[Licensing::IpcConnector] Successfully connected to: "LicenseClient-bl00d" at "2026-05-07T21:25:07.988919Z"
BatchMode: 1, IsHumanControllingUs: 0, StartBugReporterOnCrash: 0, Is64bit: 1
System  architecture: x64
Process architecture: x64
Date: 2026-05-07T21:25:07Z

COMMAND LINE ARGUMENTS:
C:\Program Files\Unity\Hub\Editor\6000.4.5f1\Editor\Unity.exe
-batchmode
-nographics
-quit
-projectPath
D:\WorkDiplom\UnityFiles\ProjectSword
-executeMethod
SergiusSceneSetup.EnsureSergiusInScene
-logFile
D:\WorkDiplom\UnityFiles\ProjectSword\Logs\SergiusSceneSetup.log
Successfully changed project path to: D:\WorkDiplom\UnityFiles\ProjectSword
D:/WorkDiplom/UnityFiles/ProjectSword
Exiting without the bug reporter. Application will terminate with return code 1